TpTrace Verbose: 0 : 33076, 1, 2021/10/12, 10:55:26.627, 10955734999440, datacollector.dll, Version: 16.11.0-release-20210626-04
TpTrace Information: 0 : 33076, 1, 2021/10/12, 10:55:26.630, 10955735019592, datacollector.dll, DataCollectorMain.Run: Starting data collector run with args: --port,53392,--parentprocessid,21156,--diag,C:\JokenpoTest\bin\Debug\netcoreapp3.1\fine-code-coverage\coverage-tool-output\diagnostics.datacollector.21-10-12_10-55-26_52929_4.log,--tracelevel,4
TpTrace Information: 0 : 33076, 1, 2021/10/12, 10:55:26.631, 10955735024614, datacollector.dll, DataCollector: Monitoring parent process with id: '21156'
TpTrace Information: 0 : 33076, 1, 2021/10/12, 10:55:26.638, 10955735095425, datacollector.dll, Trying to connect to server on socket : 127.0.0.1:53392 
TpTrace Verbose: 0 : 33076, 1, 2021/10/12, 10:55:26.661, 10955735327576, datacollector.dll, SocketCommunicationManager : SetupClientAsync : Attempting to connect to the server.
TpTrace Information: 0 : 33076, 7, 2021/10/12, 10:55:26.667, 10955735393256, datacollector.dll, Connected to the server successfully 
TpTrace Information: 0 : 33076, 7, 2021/10/12, 10:55:26.668, 10955735393953, datacollector.dll, Using the buffer size of 16384 bytes
TpTrace Information: 0 : 33076, 1, 2021/10/12, 10:55:26.723, 10955735948127, datacollector.dll, DataCollector: Start Request Processing.
TpTrace Information: 0 : 33076, 1, 2021/10/12, 10:55:26.726, 10955735975264, datacollector.dll, DataCollectionRequestHandler.ProcessRequests : Datacollector received message: (DataCollection.BeforeTestRunStart) -> {
  "SettingsXml": "<RunSettings><RunConfiguration><ResultsDirectory>C:\\JokenpoTest\\bin\\Debug\\netcoreapp3.1\\fine-code-coverage\\coverage-tool-output</ResultsDirectory><TargetPlatform>X64</TargetPlatform><TargetFrameworkVersion>.NETCoreApp,Version=v3.1</TargetFrameworkVersion><DesignMode>False</DesignMode><CollectSourceInformation>False</CollectSourceInformation><TestAdaptersPaths>C:\\Program Files\\dotnet\\sdk\\5.0.400\\Extensions</TestAdaptersPaths></RunConfiguration><LoggerRunSettings><Loggers><Logger friendlyName=\"blame\" enabled=\"True\" /><Logger friendlyName=\"Console\" uri=\"logger://microsoft/TestPlatform/ConsoleLogger/v1\" assemblyQualifiedName=\"Microsoft.VisualStudio.TestPlatform.CommandLine.Internal.ConsoleLogger, vstest.console, Version=15.0.0.0, Culture=neutral, PublicKeyToken=b03f5f7f11d50a3a\" codeBase=\"C:\\Program Files\\dotnet\\sdk\\5.0.400\\vstest.console.dll\" enabled=\"True\" /></Loggers></LoggerRunSettings><DataCollectionRunSettings><DataCollectors><DataCollector friendlyName=\"blame\" enabled=\"True\"><Configuration><ResultsDirectory>C:\\JokenpoTest\\bin\\Debug\\netcoreapp3.1\\fine-code-coverage\\coverage-tool-output</ResultsDirectory></Configuration></DataCollector></DataCollectors></DataCollectionRunSettings></RunSettings>",
  "Sources": [
    "C:\\JokenpoTest\\bin\\Debug\\netcoreapp3.1\\fine-code-coverage\\build-output\\JokenpoTest.dll"
  ],
  "IsTelemetryOptedIn": false
}
TpTrace Verbose: 0 : 33076, 1, 2021/10/12, 10:55:26.752, 10955736241819, datacollector.dll, TestPluginCache: Update extensions started. Skip filter = False
TpTrace Verbose: 0 : 33076, 1, 2021/10/12, 10:55:26.753, 10955736251602, datacollector.dll, TestPluginCache: Using directories for assembly resolution 'C:\Program Files\dotnet\sdk\5.0.400\Extensions'.
TpTrace Verbose: 0 : 33076, 1, 2021/10/12, 10:55:26.753, 10955736252417, datacollector.dll, TestPluginCache: Updated the available extensions to 'C:\Program Files\dotnet\sdk\5.0.400\Extensions\Microsoft.TestPlatform.Extensions.BlameDataCollector.dll,C:\Program Files\dotnet\sdk\5.0.400\Extensions\Microsoft.TestPlatform.Extensions.EventLogCollector.dll'.
TpTrace Verbose: 0 : 33076, 1, 2021/10/12, 10:55:26.758, 10955736301984, datacollector.dll, TestPluginCache.DiscoverTestExtensions: finding test extensions in assemblies ends with: Collector.dll TPluginInfo: Microsoft.VisualStudio.TestPlatform.Common.DataCollector.DataCollectorConfig TExtension: Microsoft.VisualStudio.TestPlatform.ObjectModel.DataCollection.DataCollector
TpTrace Verbose: 0 : 33076, 1, 2021/10/12, 10:55:26.759, 10955736304034, datacollector.dll, TestPluginCache.GetExtensionPaths: Filtered extension paths: C:\Program Files\dotnet\sdk\5.0.400\Extensions\Microsoft.TestPlatform.Extensions.BlameDataCollector.dll
C:\Program Files\dotnet\sdk\5.0.400\Extensions\Microsoft.TestPlatform.Extensions.EventLogCollector.dll
TpTrace Verbose: 0 : 33076, 1, 2021/10/12, 10:55:26.759, 10955736304438, datacollector.dll, TestPluginCache.GetExtensionPaths: Added default extension paths: 
TpTrace Verbose: 0 : 33076, 1, 2021/10/12, 10:55:26.759, 10955736304663, datacollector.dll, TestPluginCache.GetExtensionPaths: Added unfilterableExtensionPaths: 
TpTrace Information: 0 : 33076, 1, 2021/10/12, 10:55:26.759, 10955736309034, datacollector.dll, AssemblyResolver.ctor: Creating AssemblyResolver with searchDirectories C:\Program Files\dotnet\sdk\5.0.400\Extensions,C:\Program Files\dotnet\sdk\5.0.400
TpTrace Verbose: 0 : 33076, 1, 2021/10/12, 10:55:26.761, 10955736325275, datacollector.dll, TestPluginCache.DiscoverTestExtensions: Discovering the extensions using extension path.
TpTrace Verbose: 0 : 33076, 1, 2021/10/12, 10:55:26.761, 10955736326556, datacollector.dll, TestPluginCache.GetExtensionPaths: Filtered extension paths: C:\Program Files\dotnet\sdk\5.0.400\Extensions\Microsoft.TestPlatform.Extensions.BlameDataCollector.dll
C:\Program Files\dotnet\sdk\5.0.400\Extensions\Microsoft.TestPlatform.Extensions.EventLogCollector.dll
TpTrace Verbose: 0 : 33076, 1, 2021/10/12, 10:55:26.761, 10955736326947, datacollector.dll, TestPluginCache.GetExtensionPaths: Added default extension paths: 
TpTrace Verbose: 0 : 33076, 1, 2021/10/12, 10:55:26.761, 10955736327166, datacollector.dll, TestPluginCache.GetExtensionPaths: Added unfilterableExtensionPaths: 
TpTrace Verbose: 0 : 33076, 1, 2021/10/12, 10:55:26.761, 10955736327563, datacollector.dll, TestPluginCache.DiscoverTestExtensions: Discovering the extensions using allExtensionPaths: C:\Program Files\dotnet\sdk\5.0.400\Extensions\Microsoft.TestPlatform.Extensions.BlameDataCollector.dll
C:\Program Files\dotnet\sdk\5.0.400\Extensions\Microsoft.TestPlatform.Extensions.EventLogCollector.dll
TpTrace Information: 0 : 33076, 1, 2021/10/12, 10:55:26.761, 10955736328435, datacollector.dll, AssemblyResolver.AddSearchDirectories: Adding more searchDirectories C:\Program Files\dotnet\sdk\5.0.400\Extensions,C:\Program Files\dotnet\sdk\5.0.400
TpTrace Information: 0 : 33076, 1, 2021/10/12, 10:55:26.761, 10955736328906, datacollector.dll, AssemblyResolver.AddSearchDirectories: Adding more searchDirectories C:\Program Files\dotnet\sdk\5.0.400\Extensions,C:\Program Files\dotnet\sdk\5.0.400
TpTrace Information: 0 : 33076, 1, 2021/10/12, 10:55:26.761, 10955736332072, datacollector.dll, AssemblyResolver.OnResolve: Microsoft.TestPlatform.Extensions.BlameDataCollector: Resolving assembly.
TpTrace Information: 0 : 33076, 1, 2021/10/12, 10:55:26.761, 10955736332599, datacollector.dll, AssemblyResolver.OnResolve: Microsoft.TestPlatform.Extensions.BlameDataCollector: Searching in: 'C:\Program Files\dotnet\sdk\5.0.400\Extensions'.
TpTrace Information: 0 : 33076, 1, 2021/10/12, 10:55:26.762, 10955736338662, datacollector.dll, AssemblyResolver.OnResolve: Microsoft.TestPlatform.Extensions.BlameDataCollector: Loading assembly 'C:\Program Files\dotnet\sdk\5.0.400\Extensions\Microsoft.TestPlatform.Extensions.BlameDataCollector.dll'.
TpTrace Information: 0 : 33076, 1, 2021/10/12, 10:55:26.763, 10955736344788, datacollector.dll, AssemblyResolver.OnResolve: Resolved assembly: Microsoft.TestPlatform.Extensions.BlameDataCollector, from path: C:\Program Files\dotnet\sdk\5.0.400\Extensions\Microsoft.TestPlatform.Extensions.BlameDataCollector.dll
TpTrace Error: 0 : 33076, 1, 2021/10/12, 10:55:26.764, 10955736354244, datacollector.dll, The type "Microsoft.TestPlatform.Extensions.BlameDataCollector.BlameCollector" defined in "Microsoft.TestPlatform.Extensions.BlameDataCollector.dll" does not have ExtensionUri attribute.
TpTrace Information: 0 : 33076, 1, 2021/10/12, 10:55:26.765, 10955736365201, datacollector.dll, AssemblyResolver.OnResolve: Microsoft.TestPlatform.Extensions.EventLogCollector: Resolving assembly.
TpTrace Information: 0 : 33076, 1, 2021/10/12, 10:55:26.765, 10955736366122, datacollector.dll, AssemblyResolver.OnResolve: Microsoft.TestPlatform.Extensions.EventLogCollector: Searching in: 'C:\Program Files\dotnet\sdk\5.0.400\Extensions'.
TpTrace Information: 0 : 33076, 1, 2021/10/12, 10:55:26.765, 10955736372570, datacollector.dll, AssemblyResolver.OnResolve: Microsoft.TestPlatform.Extensions.EventLogCollector: Loading assembly 'C:\Program Files\dotnet\sdk\5.0.400\Extensions\Microsoft.TestPlatform.Extensions.EventLogCollector.dll'.
TpTrace Information: 0 : 33076, 1, 2021/10/12, 10:55:26.766, 10955736378099, datacollector.dll, AssemblyResolver.OnResolve: Resolved assembly: Microsoft.TestPlatform.Extensions.EventLogCollector, from path: C:\Program Files\dotnet\sdk\5.0.400\Extensions\Microsoft.TestPlatform.Extensions.EventLogCollector.dll
TpTrace Error: 0 : 33076, 1, 2021/10/12, 10:55:26.768, 10955736399884, datacollector.dll, The type "Microsoft.TestPlatform.Extensions.EventLogCollector.EventLogDataCollector" defined in "Microsoft.TestPlatform.Extensions.EventLogCollector.dll" does not have ExtensionUri attribute.
TpTrace Verbose: 0 : 33076, 1, 2021/10/12, 10:55:26.769, 10955736405315, datacollector.dll, TestPluginCache: Discovered the extensions using extension path 'C:\Program Files\dotnet\sdk\5.0.400\Extensions\Microsoft.TestPlatform.Extensions.BlameDataCollector.dll,C:\Program Files\dotnet\sdk\5.0.400\Extensions\Microsoft.TestPlatform.Extensions.EventLogCollector.dll'.
TpTrace Verbose: 0 : 33076, 1, 2021/10/12, 10:55:26.769, 10955736406235, datacollector.dll, TestPluginCache: Discoverers are ''.
TpTrace Verbose: 0 : 33076, 1, 2021/10/12, 10:55:26.769, 10955736406981, datacollector.dll, TestPluginCache: Executors are ''.
TpTrace Verbose: 0 : 33076, 1, 2021/10/12, 10:55:26.769, 10955736407508, datacollector.dll, TestPluginCache: Executors2 are ''.
TpTrace Verbose: 0 : 33076, 1, 2021/10/12, 10:55:26.769, 10955736408052, datacollector.dll, TestPluginCache: Setting providers are ''.
TpTrace Verbose: 0 : 33076, 1, 2021/10/12, 10:55:26.769, 10955736408568, datacollector.dll, TestPluginCache: Loggers are ''.
TpTrace Information: 0 : 33076, 1, 2021/10/12, 10:55:26.770, 10955736419515, datacollector.dll, TestPluginManager.CreateTestExtension: Attempting to load test extension: Microsoft.TestPlatform.Extensions.BlameDataCollector.BlameCollector
TpTrace Error: 0 : 33076, 1, 2021/10/12, 10:55:26.770, 10955736423168, datacollector.dll, The type "Microsoft.TestPlatform.Extensions.BlameDataCollector.BlameCollector" defined in "Microsoft.TestPlatform.Extensions.BlameDataCollector.dll" does not have ExtensionUri attribute.
TpTrace Information: 0 : 33076, 1, 2021/10/12, 10:55:26.776, 10955736473872, datacollector.dll, Listening on Endpoint : 127.0.0.1:53394
TpTrace Information: 0 : 33076, 1, 2021/10/12, 10:55:26.781, 10955736524811, datacollector.dll, DataCollectionRequestHandler.ProcessRequests : DataCollection started.
TpTrace Information: 0 : 33076, 1, 2021/10/12, 10:55:26.795, 10955736670971, datacollector.dll, DataCollectionRequestHandler.ProcessRequests : Datacollector received message: (DataCollection.TestHostLaunched) -> {
  "ProcessId": 25000
}
TpTrace Information: 0 : 33076, 5, 2021/10/12, 10:55:26.942, 10955738141877, datacollector.dll, Using the buffer size of 16384 bytes
TpTrace Information: 0 : 33076, 5, 2021/10/12, 10:55:26.942, 10955738142950, datacollector.dll, Accepted Client request and set the flag
TpTrace Information: 0 : 33076, 7, 2021/10/12, 10:55:27.427, 10955742984796, datacollector.dll, DataCollectionTestCaseEventHandler: Test case starting.
TpTrace Information: 0 : 33076, 7, 2021/10/12, 10:55:27.434, 10955743056095, datacollector.dll, Blame Collector : Test Case Start
TpTrace Information: 0 : 33076, 7, 2021/10/12, 10:55:27.436, 10955743074657, datacollector.dll, DataCollectionTestCaseEventHandler: Test case 'AddMatchTest_IsSucess - 58f2a5c5-5186-9902-3bd9-5b6b518337f0' started.
TpTrace Information: 0 : 33076, 7, 2021/10/12, 10:55:27.515, 10955743870468, datacollector.dll, DataCollectionTestCaseEventHandler : Test case completing.
TpTrace Information: 0 : 33076, 7, 2021/10/12, 10:55:27.518, 10955743896001, datacollector.dll, Blame Collector : Test Case End
TpTrace Information: 0 : 33076, 7, 2021/10/12, 10:55:27.521, 10955743927790, datacollector.dll, DataCollectionTestCaseEventHandler: Test case 'AddMatchTest_IsSucess - 58f2a5c5-5186-9902-3bd9-5b6b518337f0' completed
TpTrace Information: 0 : 33076, 7, 2021/10/12, 10:55:27.527, 10955743989171, datacollector.dll, DataCollectionTestCaseEventHandler: Test case starting.
TpTrace Information: 0 : 33076, 7, 2021/10/12, 10:55:27.527, 10955743991849, datacollector.dll, Blame Collector : Test Case Start
TpTrace Information: 0 : 33076, 7, 2021/10/12, 10:55:27.528, 10955743993337, datacollector.dll, DataCollectionTestCaseEventHandler: Test case 'GetMatchByIdTest_IsSucess - 4f32846b-35af-8b97-b072-79182fada606' started.
TpTrace Information: 0 : 33076, 7, 2021/10/12, 10:55:27.528, 10955744002050, datacollector.dll, DataCollectionTestCaseEventHandler : Test case completing.
TpTrace Information: 0 : 33076, 7, 2021/10/12, 10:55:27.529, 10955744004402, datacollector.dll, Blame Collector : Test Case End
TpTrace Information: 0 : 33076, 7, 2021/10/12, 10:55:27.529, 10955744005664, datacollector.dll, DataCollectionTestCaseEventHandler: Test case 'GetMatchByIdTest_IsSucess - 4f32846b-35af-8b97-b072-79182fada606' completed
TpTrace Information: 0 : 33076, 7, 2021/10/12, 10:55:27.530, 10955744013707, datacollector.dll, DataCollectionTestCaseEventHandler: Test case starting.
TpTrace Information: 0 : 33076, 7, 2021/10/12, 10:55:27.530, 10955744015795, datacollector.dll, Blame Collector : Test Case Start
TpTrace Information: 0 : 33076, 7, 2021/10/12, 10:55:27.530, 10955744016673, datacollector.dll, DataCollectionTestCaseEventHandler: Test case 'GetOpenMatchTest - 55350e06-373e-d97c-3e48-be9d57947a72' started.
TpTrace Information: 0 : 33076, 7, 2021/10/12, 10:55:27.530, 10955744022131, datacollector.dll, DataCollectionTestCaseEventHandler : Test case completing.
TpTrace Information: 0 : 33076, 7, 2021/10/12, 10:55:27.531, 10955744024224, datacollector.dll, Blame Collector : Test Case End
TpTrace Information: 0 : 33076, 7, 2021/10/12, 10:55:27.531, 10955744025135, datacollector.dll, DataCollectionTestCaseEventHandler: Test case 'GetOpenMatchTest - 55350e06-373e-d97c-3e48-be9d57947a72' completed
TpTrace Information: 0 : 33076, 7, 2021/10/12, 10:55:27.532, 10955744041840, datacollector.dll, DataCollectionTestCaseEventHandler: Test case starting.
TpTrace Information: 0 : 33076, 7, 2021/10/12, 10:55:27.533, 10955744044131, datacollector.dll, Blame Collector : Test Case Start
TpTrace Information: 0 : 33076, 7, 2021/10/12, 10:55:27.533, 10955744052157, datacollector.dll, DataCollectionTestCaseEventHandler: Test case 'AddPlayerTest_IsSucess - 3a9360a4-542b-7150-c2ad-3194b0fab7ed' started.
TpTrace Information: 0 : 33076, 7, 2021/10/12, 10:55:27.656, 10955745274118, datacollector.dll, DataCollectionTestCaseEventHandler : Test case completing.
TpTrace Information: 0 : 33076, 7, 2021/10/12, 10:55:27.656, 10955745277720, datacollector.dll, Blame Collector : Test Case End
TpTrace Information: 0 : 33076, 7, 2021/10/12, 10:55:27.656, 10955745279468, datacollector.dll, DataCollectionTestCaseEventHandler: Test case 'AddPlayerTest_IsSucess - 3a9360a4-542b-7150-c2ad-3194b0fab7ed' completed
TpTrace Information: 0 : 33076, 7, 2021/10/12, 10:55:27.657, 10955745285800, datacollector.dll, DataCollectionTestCaseEventHandler: Test case starting.
TpTrace Information: 0 : 33076, 7, 2021/10/12, 10:55:27.657, 10955745287618, datacollector.dll, Blame Collector : Test Case Start
TpTrace Information: 0 : 33076, 7, 2021/10/12, 10:55:27.657, 10955745288500, datacollector.dll, DataCollectionTestCaseEventHandler: Test case 'GetPlayerByIdTest_IsSucess - 32c7db70-c372-cbd2-6e27-3867f97beca9' started.
TpTrace Information: 0 : 33076, 7, 2021/10/12, 10:55:27.660, 10955745314731, datacollector.dll, DataCollectionTestCaseEventHandler : Test case completing.
TpTrace Information: 0 : 33076, 7, 2021/10/12, 10:55:27.660, 10955745317437, datacollector.dll, Blame Collector : Test Case End
TpTrace Information: 0 : 33076, 7, 2021/10/12, 10:55:27.660, 10955745318605, datacollector.dll, DataCollectionTestCaseEventHandler: Test case 'GetPlayerByIdTest_IsSucess - 32c7db70-c372-cbd2-6e27-3867f97beca9' completed
TpTrace Information: 0 : 33076, 7, 2021/10/12, 10:55:27.661, 10955745325852, datacollector.dll, DataCollectionTestCaseEventHandler: Test case starting.
TpTrace Information: 0 : 33076, 7, 2021/10/12, 10:55:27.663, 10955745346071, datacollector.dll, Blame Collector : Test Case Start
TpTrace Information: 0 : 33076, 7, 2021/10/12, 10:55:27.663, 10955745348130, datacollector.dll, DataCollectionTestCaseEventHandler: Test case 'AddPlayerTest - 27196cd4-4769-4c6f-471b-614a1440fb35' started.
TpTrace Information: 0 : 33076, 7, 2021/10/12, 10:55:27.685, 10955745566291, datacollector.dll, DataCollectionTestCaseEventHandler : Test case completing.
TpTrace Information: 0 : 33076, 7, 2021/10/12, 10:55:27.685, 10955745568558, datacollector.dll, Blame Collector : Test Case End
TpTrace Information: 0 : 33076, 7, 2021/10/12, 10:55:27.685, 10955745569607, datacollector.dll, DataCollectionTestCaseEventHandler: Test case 'AddPlayerTest - 27196cd4-4769-4c6f-471b-614a1440fb35' completed
TpTrace Information: 0 : 33076, 7, 2021/10/12, 10:55:27.686, 10955745574746, datacollector.dll, DataCollectionTestCaseEventHandler: Test case starting.
TpTrace Information: 0 : 33076, 7, 2021/10/12, 10:55:27.686, 10955745576175, datacollector.dll, Blame Collector : Test Case Start
TpTrace Information: 0 : 33076, 7, 2021/10/12, 10:55:27.686, 10955745576926, datacollector.dll, DataCollectionTestCaseEventHandler: Test case 'AddPlayerTest_NotEmail - 72b6aa55-a0d7-200c-2c8e-560e757b291c' started.
TpTrace Information: 0 : 33076, 7, 2021/10/12, 10:55:27.696, 10955745679575, datacollector.dll, DataCollectionTestCaseEventHandler : Test case completing.
TpTrace Information: 0 : 33076, 7, 2021/10/12, 10:55:27.696, 10955745681560, datacollector.dll, Blame Collector : Test Case End
TpTrace Information: 0 : 33076, 7, 2021/10/12, 10:55:27.696, 10955745682692, datacollector.dll, DataCollectionTestCaseEventHandler: Test case 'AddPlayerTest_NotEmail - 72b6aa55-a0d7-200c-2c8e-560e757b291c' completed
TpTrace Information: 0 : 33076, 7, 2021/10/12, 10:55:27.697, 10955745688268, datacollector.dll, DataCollectionTestCaseEventHandler: Test case starting.
TpTrace Information: 0 : 33076, 7, 2021/10/12, 10:55:27.697, 10955745689695, datacollector.dll, Blame Collector : Test Case Start
TpTrace Information: 0 : 33076, 7, 2021/10/12, 10:55:27.697, 10955745690622, datacollector.dll, DataCollectionTestCaseEventHandler: Test case 'GetPlayerByIdTest - 870685cf-7f38-b2cc-ddea-bbdc726b99ef' started.
TpTrace Information: 0 : 33076, 7, 2021/10/12, 10:55:27.705, 10955745772165, datacollector.dll, DataCollectionTestCaseEventHandler : Test case completing.
TpTrace Information: 0 : 33076, 7, 2021/10/12, 10:55:27.706, 10955745774382, datacollector.dll, Blame Collector : Test Case End
TpTrace Information: 0 : 33076, 7, 2021/10/12, 10:55:27.706, 10955745775283, datacollector.dll, DataCollectionTestCaseEventHandler: Test case 'GetPlayerByIdTest - 870685cf-7f38-b2cc-ddea-bbdc726b99ef' completed
TpTrace Information: 0 : 33076, 7, 2021/10/12, 10:55:27.714, 10955745860585, datacollector.dll, DataCollectionTestCaseEventHandler: Test session ended
TpTrace Information: 0 : 33076, 1, 2021/10/12, 10:55:27.798, 10955746693853, datacollector.dll, DataCollectionRequestHandler.ProcessRequests : Datacollector received message: (DataCollection.AfterTestRunEnd) -> false
TpTrace Information: 0 : 33076, 1, 2021/10/12, 10:55:27.798, 10955746698437, datacollector.dll, Blame Collector : Session End
TpTrace Information: 0 : 33076, 1, 2021/10/12, 10:55:27.798, 10955746698838, datacollector.dll, BlameCollector.CollectDumpAndAbortTesthost: Custom path to dump directory was provided via VSTEST_DUMP_PATH. Skipping attachment upload, the caller is responsible for collecting and uploading the dumps themselves.
TpTrace Information: 0 : 33076, 1, 2021/10/12, 10:55:27.798, 10955746699642, datacollector.dll, DataCollectionManager.CleanupPlugins: CleanupPlugins called
TpTrace Verbose: 0 : 33076, 1, 2021/10/12, 10:55:27.798, 10955746699939, datacollector.dll, DataCollectionManager.CleanupPlugins: Cleaning up 1 plugins
TpTrace Verbose: 0 : 33076, 1, 2021/10/12, 10:55:27.798, 10955746700712, datacollector.dll, dataCollectorInfo.DisposeDataCollector: calling Dispose() on Microsoft.TestPlatform.Extensions.BlameDataCollector.BlameCollector
TpTrace Information: 0 : 33076, 1, 2021/10/12, 10:55:27.798, 10955746701327, datacollector.dll, DataCollectionManager.CleanupPlugins: CleanupPlugins finished
TpTrace Information: 0 : 33076, 1, 2021/10/12, 10:55:27.800, 10955746720989, datacollector.dll, DataCollectionRequestHandler.ProcessRequests : Session End message received from server. Closing the connection.
TpTrace Information: 0 : 33076, 1, 2021/10/12, 10:55:27.800, 10955746722297, datacollector.dll, Closing the connection !
TpTrace Information: 0 : 33076, 1, 2021/10/12, 10:55:27.800, 10955746722598, datacollector.dll, DataCollectionRequestHandler.ProcessRequests : DataCollection completed
TpTrace Information: 0 : 33076, 1, 2021/10/12, 10:55:27.800, 10955746722801, datacollector.dll, Program.Main: exiting datacollector process.
