TpTrace Verbose: 0 : 13372, 1, 2021/10/12, 12:43:03.878, 11020307503549, vstest.console.dll, Version: 16.11.0-release-20210626-04
TpTrace Information: 0 : 13372, 1, 2021/10/12, 12:43:03.888, 11020307594220, vstest.console.dll, FilePatternParser: The given file C:\JokenpoTest\bin\Debug\netcoreapp3.1\fine-code-coverage\build-output\JokenpoTest.dll is a full path.
TpTrace Verbose: 0 : 13372, 1, 2021/10/12, 12:43:03.894, 11020307653716, vstest.console.dll, TestPluginCache.DiscoverTestExtensions: finding test extensions in assemblies ends with: RuntimeProvider.dll TPluginInfo: Microsoft.VisualStudio.TestPlatform.Common.ExtensionFramework.Utilities.TestRuntimePluginInformation TExtension: Microsoft.VisualStudio.TestPlatform.ObjectModel.Host.ITestRuntimeProvider
TpTrace Verbose: 0 : 13372, 1, 2021/10/12, 12:43:03.904, 11020307761314, vstest.console.dll, TestPluginCache.GetExtensionPaths: Filtered extension paths: 
TpTrace Verbose: 0 : 13372, 1, 2021/10/12, 12:43:03.904, 11020307762484, vstest.console.dll, TestPluginCache.GetExtensionPaths: Added default extension paths: C:\Program Files\dotnet\sdk\5.0.400\Extensions\Microsoft.Diagnostics.NETCore.Client.dll
C:\Program Files\dotnet\sdk\5.0.400\Extensions\Microsoft.TestPlatform.Extensions.BlameDataCollector.dll
C:\Program Files\dotnet\sdk\5.0.400\Extensions\Microsoft.TestPlatform.Extensions.EventLogCollector.dll
C:\Program Files\dotnet\sdk\5.0.400\Extensions\Microsoft.TestPlatform.TestHostRuntimeProvider.dll
C:\Program Files\dotnet\sdk\5.0.400\Extensions\Microsoft.VisualStudio.TestPlatform.Extensions.Html.TestLogger.dll
C:\Program Files\dotnet\sdk\5.0.400\Extensions\Microsoft.VisualStudio.TestPlatform.Extensions.Trx.TestLogger.dll
TpTrace Verbose: 0 : 13372, 1, 2021/10/12, 12:43:03.904, 11020307762834, vstest.console.dll, TestPluginCache.GetExtensionPaths: Added unfilterableExtensionPaths: 
TpTrace Information: 0 : 13372, 1, 2021/10/12, 12:43:03.905, 11020307769817, vstest.console.dll, AssemblyResolver.ctor: Creating AssemblyResolver with searchDirectories C:\Program Files\dotnet\sdk\5.0.400\Extensions,C:\Program Files\dotnet\sdk\5.0.400
TpTrace Verbose: 0 : 13372, 1, 2021/10/12, 12:43:03.906, 11020307780876, vstest.console.dll, TestPluginCache.DiscoverTestExtensions: Discovering the extensions using extension path.
TpTrace Verbose: 0 : 13372, 1, 2021/10/12, 12:43:03.906, 11020307782101, vstest.console.dll, TestPluginCache.GetExtensionPaths: Filtered extension paths: 
TpTrace Verbose: 0 : 13372, 1, 2021/10/12, 12:43:03.906, 11020307782458, vstest.console.dll, TestPluginCache.GetExtensionPaths: Added default extension paths: C:\Program Files\dotnet\sdk\5.0.400\Extensions\Microsoft.Diagnostics.NETCore.Client.dll
C:\Program Files\dotnet\sdk\5.0.400\Extensions\Microsoft.TestPlatform.Extensions.BlameDataCollector.dll
C:\Program Files\dotnet\sdk\5.0.400\Extensions\Microsoft.TestPlatform.Extensions.EventLogCollector.dll
C:\Program Files\dotnet\sdk\5.0.400\Extensions\Microsoft.TestPlatform.TestHostRuntimeProvider.dll
C:\Program Files\dotnet\sdk\5.0.400\Extensions\Microsoft.VisualStudio.TestPlatform.Extensions.Html.TestLogger.dll
C:\Program Files\dotnet\sdk\5.0.400\Extensions\Microsoft.VisualStudio.TestPlatform.Extensions.Trx.TestLogger.dll
TpTrace Verbose: 0 : 13372, 1, 2021/10/12, 12:43:03.906, 11020307782748, vstest.console.dll, TestPluginCache.GetExtensionPaths: Added unfilterableExtensionPaths: 
TpTrace Verbose: 0 : 13372, 1, 2021/10/12, 12:43:03.906, 11020307783268, vstest.console.dll, TestPluginCache.DiscoverTestExtensions: Discovering the extensions using allExtensionPaths: C:\Program Files\dotnet\sdk\5.0.400\Extensions\Microsoft.Diagnostics.NETCore.Client.dll
C:\Program Files\dotnet\sdk\5.0.400\Extensions\Microsoft.TestPlatform.Extensions.BlameDataCollector.dll
C:\Program Files\dotnet\sdk\5.0.400\Extensions\Microsoft.TestPlatform.Extensions.EventLogCollector.dll
C:\Program Files\dotnet\sdk\5.0.400\Extensions\Microsoft.TestPlatform.TestHostRuntimeProvider.dll
C:\Program Files\dotnet\sdk\5.0.400\Extensions\Microsoft.VisualStudio.TestPlatform.Extensions.Html.TestLogger.dll
C:\Program Files\dotnet\sdk\5.0.400\Extensions\Microsoft.VisualStudio.TestPlatform.Extensions.Trx.TestLogger.dll
TpTrace Information: 0 : 13372, 1, 2021/10/12, 12:43:03.907, 11020307784554, vstest.console.dll, AssemblyResolver.AddSearchDirectories: Adding more searchDirectories C:\Program Files\dotnet\sdk\5.0.400\Extensions,C:\Program Files\dotnet\sdk\5.0.400
TpTrace Information: 0 : 13372, 1, 2021/10/12, 12:43:03.907, 11020307785081, vstest.console.dll, AssemblyResolver.AddSearchDirectories: Adding more searchDirectories C:\Program Files\dotnet\sdk\5.0.400\Extensions,C:\Program Files\dotnet\sdk\5.0.400
TpTrace Information: 0 : 13372, 1, 2021/10/12, 12:43:03.907, 11020307785403, vstest.console.dll, AssemblyResolver.AddSearchDirectories: Adding more searchDirectories C:\Program Files\dotnet\sdk\5.0.400\Extensions,C:\Program Files\dotnet\sdk\5.0.400
TpTrace Information: 0 : 13372, 1, 2021/10/12, 12:43:03.907, 11020307785697, vstest.console.dll, AssemblyResolver.AddSearchDirectories: Adding more searchDirectories C:\Program Files\dotnet\sdk\5.0.400\Extensions,C:\Program Files\dotnet\sdk\5.0.400
TpTrace Information: 0 : 13372, 1, 2021/10/12, 12:43:03.907, 11020307785942, vstest.console.dll, AssemblyResolver.AddSearchDirectories: Adding more searchDirectories C:\Program Files\dotnet\sdk\5.0.400\Extensions,C:\Program Files\dotnet\sdk\5.0.400
TpTrace Information: 0 : 13372, 1, 2021/10/12, 12:43:03.907, 11020307786180, vstest.console.dll, AssemblyResolver.AddSearchDirectories: Adding more searchDirectories C:\Program Files\dotnet\sdk\5.0.400\Extensions,C:\Program Files\dotnet\sdk\5.0.400
TpTrace Information: 0 : 13372, 1, 2021/10/12, 12:43:03.907, 11020307789253, vstest.console.dll, AssemblyResolver.OnResolve: Microsoft.Diagnostics.NETCore.Client: Resolving assembly.
TpTrace Information: 0 : 13372, 1, 2021/10/12, 12:43:03.907, 11020307789777, vstest.console.dll, AssemblyResolver.OnResolve: Microsoft.Diagnostics.NETCore.Client: Searching in: 'C:\Program Files\dotnet\sdk\5.0.400\Extensions'.
TpTrace Information: 0 : 13372, 1, 2021/10/12, 12:43:03.908, 11020307794373, vstest.console.dll, AssemblyResolver.OnResolve: Microsoft.Diagnostics.NETCore.Client: Loading assembly 'C:\Program Files\dotnet\sdk\5.0.400\Extensions\Microsoft.Diagnostics.NETCore.Client.dll'.
TpTrace Information: 0 : 13372, 1, 2021/10/12, 12:43:03.908, 11020307799500, vstest.console.dll, AssemblyResolver.OnResolve: Resolved assembly: Microsoft.Diagnostics.NETCore.Client, from path: C:\Program Files\dotnet\sdk\5.0.400\Extensions\Microsoft.Diagnostics.NETCore.Client.dll
TpTrace Information: 0 : 13372, 1, 2021/10/12, 12:43:03.911, 11020307829491, vstest.console.dll, AssemblyResolver.OnResolve: Microsoft.Bcl.AsyncInterfaces: Resolving assembly.
TpTrace Information: 0 : 13372, 1, 2021/10/12, 12:43:03.911, 11020307830310, vstest.console.dll, AssemblyResolver.OnResolve: Microsoft.Bcl.AsyncInterfaces: Searching in: 'C:\Program Files\dotnet\sdk\5.0.400\Extensions'.
TpTrace Information: 0 : 13372, 1, 2021/10/12, 12:43:03.911, 11020307831055, vstest.console.dll, AssemblyResolver.OnResolve: Microsoft.Bcl.AsyncInterfaces: Assembly path does not exist: 'C:\Program Files\dotnet\sdk\5.0.400\Extensions\Microsoft.Bcl.AsyncInterfaces.dll', returning.
TpTrace Information: 0 : 13372, 1, 2021/10/12, 12:43:03.911, 11020307831626, vstest.console.dll, AssemblyResolver.OnResolve: Microsoft.Bcl.AsyncInterfaces: Assembly path does not exist: 'C:\Program Files\dotnet\sdk\5.0.400\Extensions\Microsoft.Bcl.AsyncInterfaces.exe', returning.
TpTrace Information: 0 : 13372, 1, 2021/10/12, 12:43:03.911, 11020307831995, vstest.console.dll, AssemblyResolver.OnResolve: Microsoft.Bcl.AsyncInterfaces: Searching in: 'C:\Program Files\dotnet\sdk\5.0.400'.
TpTrace Information: 0 : 13372, 1, 2021/10/12, 12:43:03.911, 11020307832521, vstest.console.dll, AssemblyResolver.OnResolve: Microsoft.Bcl.AsyncInterfaces: Assembly path does not exist: 'C:\Program Files\dotnet\sdk\5.0.400\Microsoft.Bcl.AsyncInterfaces.dll', returning.
TpTrace Information: 0 : 13372, 1, 2021/10/12, 12:43:03.911, 11020307833015, vstest.console.dll, AssemblyResolver.OnResolve: Microsoft.Bcl.AsyncInterfaces: Assembly path does not exist: 'C:\Program Files\dotnet\sdk\5.0.400\Microsoft.Bcl.AsyncInterfaces.exe', returning.
TpTrace Information: 0 : 13372, 1, 2021/10/12, 12:43:03.912, 11020307833610, vstest.console.dll, AssemblyResolver.OnResolve: Microsoft.Bcl.AsyncInterfaces: Failed to load assembly.
TpTrace Verbose: 0 : 13372, 1, 2021/10/12, 12:43:03.912, 11020307834023, vstest.console.dll, CurrentDomainAssemblyResolve: Resolving assembly 'Microsoft.Bcl.AsyncInterfaces'.
TpTrace Information: 0 : 13372, 1, 2021/10/12, 12:43:03.912, 11020307834573, vstest.console.dll, AssemblyResolver.OnResolve: Microsoft.Bcl.AsyncInterfaces: Resolving assembly.
TpTrace Information: 0 : 13372, 1, 2021/10/12, 12:43:03.912, 11020307834907, vstest.console.dll, AssemblyResolver.OnResolve: Microsoft.Bcl.AsyncInterfaces: Resolved from cache.
TpTrace Verbose: 0 : 13372, 1, 2021/10/12, 12:43:03.912, 11020307835163, vstest.console.dll, CurrentDomainAssemblyResolve: Resolving assembly 'Microsoft.Bcl.AsyncInterfaces'.
TpTrace Verbose: 0 : 13372, 1, 2021/10/12, 12:43:03.912, 11020307835469, vstest.console.dll, CurrentDomainAssemblyResolve: Failed to resolve assembly 'Microsoft.Bcl.AsyncInterfaces'.
TpTrace Verbose: 0 : 13372, 1, 2021/10/12, 12:43:03.912, 11020307840780, vstest.console.dll, CurrentDomainAssemblyResolve: Failed to resolve assembly 'Microsoft.Bcl.AsyncInterfaces'.
TpTrace Warning: 0 : 13372, 1, 2021/10/12, 12:43:03.925, 11020307964254, vstest.console.dll, TestPluginDiscoverer: Failed to get types from assembly 'Microsoft.Diagnostics.NETCore.Client, Version=0.2.2.41902, Culture=neutral, PublicKeyToken=31bf3856ad364e35'.  Skipping test extension scan for this assembly.  Error: System.Reflection.ReflectionTypeLoadException: Unable to load one or more of the requested types.
Could not load file or assembly 'Microsoft.Bcl.AsyncInterfaces, Version=1.0.0.0, Culture=neutral, PublicKeyToken=cc7b13ffcd2ddd51'. O sistema não pode encontrar o arquivo especificado.
   at System.Reflection.RuntimeModule.GetTypes(RuntimeModule module)
   at System.Reflection.RuntimeModule.GetTypes()
   at System.Reflection.Assembly.GetTypes()
   at Microsoft.VisualStudio.TestPlatform.Common.ExtensionFramework.TestPluginDiscoverer.GetTestExtensionsFromAssembly[TPluginInfo,TExtension](Assembly assembly, Dictionary`2 pluginInfos)
System.IO.FileNotFoundException: Could not load file or assembly 'Microsoft.Bcl.AsyncInterfaces, Version=1.0.0.0, Culture=neutral, PublicKeyToken=cc7b13ffcd2ddd51'. O sistema não pode encontrar o arquivo especificado.
File name: 'Microsoft.Bcl.AsyncInterfaces, Version=1.0.0.0, Culture=neutral, PublicKeyToken=cc7b13ffcd2ddd51'
TpTrace Warning: 0 : 13372, 1, 2021/10/12, 12:43:03.925, 11020307965970, vstest.console.dll, LoaderExceptions: System.IO.FileNotFoundException: Could not load file or assembly 'Microsoft.Bcl.AsyncInterfaces, Version=1.0.0.0, Culture=neutral, PublicKeyToken=cc7b13ffcd2ddd51'. O sistema não pode encontrar o arquivo especificado.
File name: 'Microsoft.Bcl.AsyncInterfaces, Version=1.0.0.0, Culture=neutral, PublicKeyToken=cc7b13ffcd2ddd51'
TpTrace Information: 0 : 13372, 1, 2021/10/12, 12:43:03.925, 11020307967020, vstest.console.dll, AssemblyResolver.OnResolve: Microsoft.TestPlatform.Extensions.BlameDataCollector: Resolving assembly.
TpTrace Information: 0 : 13372, 1, 2021/10/12, 12:43:03.925, 11020307967378, vstest.console.dll, AssemblyResolver.OnResolve: Microsoft.TestPlatform.Extensions.BlameDataCollector: Searching in: 'C:\Program Files\dotnet\sdk\5.0.400\Extensions'.
TpTrace Information: 0 : 13372, 1, 2021/10/12, 12:43:03.925, 11020307972379, vstest.console.dll, AssemblyResolver.OnResolve: Microsoft.TestPlatform.Extensions.BlameDataCollector: Loading assembly 'C:\Program Files\dotnet\sdk\5.0.400\Extensions\Microsoft.TestPlatform.Extensions.BlameDataCollector.dll'.
TpTrace Information: 0 : 13372, 1, 2021/10/12, 12:43:03.926, 11020307977690, vstest.console.dll, AssemblyResolver.OnResolve: Resolved assembly: Microsoft.TestPlatform.Extensions.BlameDataCollector, from path: C:\Program Files\dotnet\sdk\5.0.400\Extensions\Microsoft.TestPlatform.Extensions.BlameDataCollector.dll
TpTrace Information: 0 : 13372, 1, 2021/10/12, 12:43:03.927, 11020307985433, vstest.console.dll, AssemblyResolver.OnResolve: Microsoft.TestPlatform.Extensions.EventLogCollector: Resolving assembly.
TpTrace Information: 0 : 13372, 1, 2021/10/12, 12:43:03.927, 11020307986268, vstest.console.dll, AssemblyResolver.OnResolve: Microsoft.TestPlatform.Extensions.EventLogCollector: Searching in: 'C:\Program Files\dotnet\sdk\5.0.400\Extensions'.
TpTrace Information: 0 : 13372, 1, 2021/10/12, 12:43:03.927, 11020307991590, vstest.console.dll, AssemblyResolver.OnResolve: Microsoft.TestPlatform.Extensions.EventLogCollector: Loading assembly 'C:\Program Files\dotnet\sdk\5.0.400\Extensions\Microsoft.TestPlatform.Extensions.EventLogCollector.dll'.
TpTrace Information: 0 : 13372, 1, 2021/10/12, 12:43:03.928, 11020307996195, vstest.console.dll, AssemblyResolver.OnResolve: Resolved assembly: Microsoft.TestPlatform.Extensions.EventLogCollector, from path: C:\Program Files\dotnet\sdk\5.0.400\Extensions\Microsoft.TestPlatform.Extensions.EventLogCollector.dll
TpTrace Information: 0 : 13372, 1, 2021/10/12, 12:43:03.930, 11020308015663, vstest.console.dll, AssemblyResolver.OnResolve: Microsoft.TestPlatform.TestHostRuntimeProvider: Resolving assembly.
TpTrace Information: 0 : 13372, 1, 2021/10/12, 12:43:03.930, 11020308016786, vstest.console.dll, AssemblyResolver.OnResolve: Microsoft.TestPlatform.TestHostRuntimeProvider: Searching in: 'C:\Program Files\dotnet\sdk\5.0.400\Extensions'.
TpTrace Information: 0 : 13372, 1, 2021/10/12, 12:43:03.930, 11020308020734, vstest.console.dll, AssemblyResolver.OnResolve: Microsoft.TestPlatform.TestHostRuntimeProvider: Loading assembly 'C:\Program Files\dotnet\sdk\5.0.400\Extensions\Microsoft.TestPlatform.TestHostRuntimeProvider.dll'.
TpTrace Information: 0 : 13372, 1, 2021/10/12, 12:43:03.931, 11020308025007, vstest.console.dll, AssemblyResolver.OnResolve: Resolved assembly: Microsoft.TestPlatform.TestHostRuntimeProvider, from path: C:\Program Files\dotnet\sdk\5.0.400\Extensions\Microsoft.TestPlatform.TestHostRuntimeProvider.dll
TpTrace Information: 0 : 13372, 1, 2021/10/12, 12:43:03.932, 11020308034655, vstest.console.dll, AssemblyResolver.OnResolve: Microsoft.VisualStudio.TestPlatform.Extensions.Html.TestLogger: Resolving assembly.
TpTrace Information: 0 : 13372, 1, 2021/10/12, 12:43:03.932, 11020308035241, vstest.console.dll, AssemblyResolver.OnResolve: Microsoft.VisualStudio.TestPlatform.Extensions.Html.TestLogger: Searching in: 'C:\Program Files\dotnet\sdk\5.0.400\Extensions'.
TpTrace Information: 0 : 13372, 1, 2021/10/12, 12:43:03.932, 11020308039806, vstest.console.dll, AssemblyResolver.OnResolve: Microsoft.VisualStudio.TestPlatform.Extensions.Html.TestLogger: Loading assembly 'C:\Program Files\dotnet\sdk\5.0.400\Extensions\Microsoft.VisualStudio.TestPlatform.Extensions.Html.TestLogger.dll'.
TpTrace Information: 0 : 13372, 1, 2021/10/12, 12:43:03.933, 11020308044010, vstest.console.dll, AssemblyResolver.OnResolve: Resolved assembly: Microsoft.VisualStudio.TestPlatform.Extensions.Html.TestLogger, from path: C:\Program Files\dotnet\sdk\5.0.400\Extensions\Microsoft.VisualStudio.TestPlatform.Extensions.Html.TestLogger.dll
TpTrace Information: 0 : 13372, 1, 2021/10/12, 12:43:03.933, 11020308046866, vstest.console.dll, AssemblyResolver.OnResolve: Microsoft.VisualStudio.TestPlatform.Extensions.Trx.TestLogger: Resolving assembly.
TpTrace Information: 0 : 13372, 1, 2021/10/12, 12:43:03.933, 11020308047335, vstest.console.dll, AssemblyResolver.OnResolve: Microsoft.VisualStudio.TestPlatform.Extensions.Trx.TestLogger: Searching in: 'C:\Program Files\dotnet\sdk\5.0.400\Extensions'.
TpTrace Information: 0 : 13372, 1, 2021/10/12, 12:43:03.933, 11020308050613, vstest.console.dll, AssemblyResolver.OnResolve: Microsoft.VisualStudio.TestPlatform.Extensions.Trx.TestLogger: Loading assembly 'C:\Program Files\dotnet\sdk\5.0.400\Extensions\Microsoft.VisualStudio.TestPlatform.Extensions.Trx.TestLogger.dll'.
TpTrace Information: 0 : 13372, 1, 2021/10/12, 12:43:03.934, 11020308055222, vstest.console.dll, AssemblyResolver.OnResolve: Resolved assembly: Microsoft.VisualStudio.TestPlatform.Extensions.Trx.TestLogger, from path: C:\Program Files\dotnet\sdk\5.0.400\Extensions\Microsoft.VisualStudio.TestPlatform.Extensions.Trx.TestLogger.dll
TpTrace Verbose: 0 : 13372, 1, 2021/10/12, 12:43:03.934, 11020308059827, vstest.console.dll, TestPluginCache: Discovered the extensions using extension path ''.
TpTrace Verbose: 0 : 13372, 1, 2021/10/12, 12:43:03.934, 11020308060357, vstest.console.dll, TestPluginCache: Discoverers are ''.
TpTrace Verbose: 0 : 13372, 1, 2021/10/12, 12:43:03.934, 11020308060597, vstest.console.dll, TestPluginCache: Executors are ''.
TpTrace Verbose: 0 : 13372, 1, 2021/10/12, 12:43:03.934, 11020308060805, vstest.console.dll, TestPluginCache: Executors2 are ''.
TpTrace Verbose: 0 : 13372, 1, 2021/10/12, 12:43:03.934, 11020308061001, vstest.console.dll, TestPluginCache: Setting providers are ''.
TpTrace Verbose: 0 : 13372, 1, 2021/10/12, 12:43:03.934, 11020308061244, vstest.console.dll, TestPluginCache: Loggers are ''.
TpTrace Information: 0 : 13372, 1, 2021/10/12, 12:43:03.938, 11020308102180, vstest.console.dll, RunTestsArgumentProcessor:Execute: Test run is starting.
TpTrace Verbose: 0 : 13372, 1, 2021/10/12, 12:43:03.938, 11020308102949, vstest.console.dll, RunTestsArgumentProcessor:Execute: Queuing Test run.
TpTrace Information: 0 : 13372, 1, 2021/10/12, 12:43:03.939, 11020308104493, vstest.console.dll, TestRequestManager.RunTests: run tests started.
TpTrace Information: 0 : 13372, 1, 2021/10/12, 12:43:03.941, 11020308131789, vstest.console.dll, AssemblyMetadataProvider.GetFrameWork: Determined framework:'.NETCoreApp,Version=v3.1' for source: 'C:\JokenpoTest\bin\Debug\netcoreapp3.1\fine-code-coverage\build-output\JokenpoTest.dll'
TpTrace Information: 0 : 13372, 1, 2021/10/12, 12:43:03.942, 11020308133390, vstest.console.dll, Determined framework for all sources: .NETCoreApp,Version=v3.1
TpTrace Information: 0 : 13372, 1, 2021/10/12, 12:43:03.942, 11020308136861, vstest.console.dll, AssemblyMetadataProvider.GetArchitecture: Determined architecture:AnyCPU info for assembly: C:\JokenpoTest\bin\Debug\netcoreapp3.1\fine-code-coverage\build-output\JokenpoTest.dll
TpTrace Information: 0 : 13372, 1, 2021/10/12, 12:43:03.945, 11020308169243, vstest.console.dll, Determined platform for all sources: X64
TpTrace Information: 0 : 13372, 1, 2021/10/12, 12:43:03.948, 11020308202738, vstest.console.dll, Compatible sources list : 
TpTrace Information: 0 : 13372, 1, 2021/10/12, 12:43:03.949, 11020308204237, vstest.console.dll, C:\JokenpoTest\bin\Debug\netcoreapp3.1\fine-code-coverage\build-output\JokenpoTest.dll
TpTrace Information: 0 : 13372, 1, 2021/10/12, 12:43:03.951, 11020308227362, vstest.console.dll, InferRunSettingsHelper.IsTestSettingsEnabled: Unable to navigate to RunSettings/MSTest. Current node: RunSettings
TpTrace Information: 0 : 13372, 1, 2021/10/12, 12:43:03.952, 11020308233648, vstest.console.dll, AssemblyResolver.OnResolve: Microsoft.VisualStudio.TestPlatform.Fakes: Resolving assembly.
TpTrace Information: 0 : 13372, 1, 2021/10/12, 12:43:03.952, 11020308234308, vstest.console.dll, AssemblyResolver.OnResolve: Microsoft.VisualStudio.TestPlatform.Fakes: Searching in: 'C:\Program Files\dotnet\sdk\5.0.400\Extensions'.
TpTrace Information: 0 : 13372, 1, 2021/10/12, 12:43:03.952, 11020308235169, vstest.console.dll, AssemblyResolver.OnResolve: Microsoft.VisualStudio.TestPlatform.Fakes: Assembly path does not exist: 'C:\Program Files\dotnet\sdk\5.0.400\Extensions\Microsoft.VisualStudio.TestPlatform.Fakes.dll', returning.
TpTrace Information: 0 : 13372, 1, 2021/10/12, 12:43:03.952, 11020308235740, vstest.console.dll, AssemblyResolver.OnResolve: Microsoft.VisualStudio.TestPlatform.Fakes: Assembly path does not exist: 'C:\Program Files\dotnet\sdk\5.0.400\Extensions\Microsoft.VisualStudio.TestPlatform.Fakes.exe', returning.
TpTrace Information: 0 : 13372, 1, 2021/10/12, 12:43:03.952, 11020308236194, vstest.console.dll, AssemblyResolver.OnResolve: Microsoft.VisualStudio.TestPlatform.Fakes: Searching in: 'C:\Program Files\dotnet\sdk\5.0.400'.
TpTrace Information: 0 : 13372, 1, 2021/10/12, 12:43:03.952, 11020308236786, vstest.console.dll, AssemblyResolver.OnResolve: Microsoft.VisualStudio.TestPlatform.Fakes: Assembly path does not exist: 'C:\Program Files\dotnet\sdk\5.0.400\Microsoft.VisualStudio.TestPlatform.Fakes.dll', returning.
TpTrace Information: 0 : 13372, 1, 2021/10/12, 12:43:03.952, 11020308237327, vstest.console.dll, AssemblyResolver.OnResolve: Microsoft.VisualStudio.TestPlatform.Fakes: Assembly path does not exist: 'C:\Program Files\dotnet\sdk\5.0.400\Microsoft.VisualStudio.TestPlatform.Fakes.exe', returning.
TpTrace Information: 0 : 13372, 1, 2021/10/12, 12:43:03.952, 11020308237581, vstest.console.dll, AssemblyResolver.OnResolve: Microsoft.VisualStudio.TestPlatform.Fakes: Failed to load assembly.
TpTrace Information: 0 : 13372, 1, 2021/10/12, 12:43:03.952, 11020308240681, vstest.console.dll, Failed to create newly implemented Fakes Configurator. Reason:System.IO.FileNotFoundException: Could not load file or assembly 'Microsoft.VisualStudio.TestPlatform.Fakes, Version=16.0.0.0, Culture=neutral, PublicKeyToken=null'. O sistema não pode encontrar o arquivo especificado.
File name: 'Microsoft.VisualStudio.TestPlatform.Fakes, Version=16.0.0.0, Culture=neutral, PublicKeyToken=null'
   at System.Reflection.RuntimeAssembly.InternalLoad(ObjectHandleOnStack assemblyName, ObjectHandleOnStack requestingAssembly, StackCrawlMarkHandle stackMark, Boolean throwOnFileNotFound, ObjectHandleOnStack assemblyLoadContext, ObjectHandleOnStack retAssembly)
   at System.Reflection.RuntimeAssembly.InternalLoad(AssemblyName assemblyName, RuntimeAssembly requestingAssembly, StackCrawlMark& stackMark, Boolean throwOnFileNotFound, AssemblyLoadContext assemblyLoadContext)
   at System.Reflection.Assembly.Load(AssemblyName assemblyRef)
   at Microsoft.VisualStudio.TestPlatform.Common.Utilities.FakesUtilities.TryGetFakesCrossPlatformDataCollectorConfigurator() 
TpTrace Verbose: 0 : 13372, 1, 2021/10/12, 12:43:03.956, 11020308274628, vstest.console.dll, TestPluginCache.DiscoverTestExtensions: finding test extensions in assemblies ends with: TestLogger.dll TPluginInfo: Microsoft.VisualStudio.TestPlatform.Common.ExtensionFramework.Utilities.TestLoggerPluginInformation TExtension: Microsoft.VisualStudio.TestPlatform.ObjectModel.Client.ITestLogger
TpTrace Verbose: 0 : 13372, 1, 2021/10/12, 12:43:03.956, 11020308275924, vstest.console.dll, TestPluginCache.GetExtensionPaths: Filtered extension paths: 
TpTrace Verbose: 0 : 13372, 1, 2021/10/12, 12:43:03.956, 11020308276411, vstest.console.dll, TestPluginCache.GetExtensionPaths: Added default extension paths: C:\Program Files\dotnet\sdk\5.0.400\Extensions\Microsoft.Diagnostics.NETCore.Client.dll
C:\Program Files\dotnet\sdk\5.0.400\Extensions\Microsoft.TestPlatform.Extensions.BlameDataCollector.dll
C:\Program Files\dotnet\sdk\5.0.400\Extensions\Microsoft.TestPlatform.Extensions.EventLogCollector.dll
C:\Program Files\dotnet\sdk\5.0.400\Extensions\Microsoft.TestPlatform.TestHostRuntimeProvider.dll
C:\Program Files\dotnet\sdk\5.0.400\Extensions\Microsoft.VisualStudio.TestPlatform.Extensions.Html.TestLogger.dll
C:\Program Files\dotnet\sdk\5.0.400\Extensions\Microsoft.VisualStudio.TestPlatform.Extensions.Trx.TestLogger.dll
TpTrace Verbose: 0 : 13372, 1, 2021/10/12, 12:43:03.956, 11020308276829, vstest.console.dll, TestPluginCache.GetExtensionPaths: Added unfilterableExtensionPaths: 
TpTrace Information: 0 : 13372, 1, 2021/10/12, 12:43:03.956, 11020308278864, vstest.console.dll, AssemblyResolver.AddSearchDirectories: Adding more searchDirectories C:\Program Files\dotnet\sdk\5.0.400\Extensions,C:\Program Files\dotnet\sdk\5.0.400
TpTrace Verbose: 0 : 13372, 1, 2021/10/12, 12:43:03.956, 11020308279462, vstest.console.dll, TestPluginCache.DiscoverTestExtensions: Discovering the extensions using extension path.
TpTrace Verbose: 0 : 13372, 1, 2021/10/12, 12:43:03.956, 11020308279897, vstest.console.dll, TestPluginCache.GetExtensionPaths: Filtered extension paths: 
TpTrace Verbose: 0 : 13372, 1, 2021/10/12, 12:43:03.956, 11020308280449, vstest.console.dll, TestPluginCache.GetExtensionPaths: Added default extension paths: C:\Program Files\dotnet\sdk\5.0.400\Extensions\Microsoft.Diagnostics.NETCore.Client.dll
C:\Program Files\dotnet\sdk\5.0.400\Extensions\Microsoft.TestPlatform.Extensions.BlameDataCollector.dll
C:\Program Files\dotnet\sdk\5.0.400\Extensions\Microsoft.TestPlatform.Extensions.EventLogCollector.dll
C:\Program Files\dotnet\sdk\5.0.400\Extensions\Microsoft.TestPlatform.TestHostRuntimeProvider.dll
C:\Program Files\dotnet\sdk\5.0.400\Extensions\Microsoft.VisualStudio.TestPlatform.Extensions.Html.TestLogger.dll
C:\Program Files\dotnet\sdk\5.0.400\Extensions\Microsoft.VisualStudio.TestPlatform.Extensions.Trx.TestLogger.dll
TpTrace Verbose: 0 : 13372, 1, 2021/10/12, 12:43:03.956, 11020308280882, vstest.console.dll, TestPluginCache.GetExtensionPaths: Added unfilterableExtensionPaths: 
TpTrace Verbose: 0 : 13372, 1, 2021/10/12, 12:43:03.956, 11020308281312, vstest.console.dll, TestPluginCache.DiscoverTestExtensions: Discovering the extensions using allExtensionPaths: C:\Program Files\dotnet\sdk\5.0.400\Extensions\Microsoft.Diagnostics.NETCore.Client.dll
C:\Program Files\dotnet\sdk\5.0.400\Extensions\Microsoft.TestPlatform.Extensions.BlameDataCollector.dll
C:\Program Files\dotnet\sdk\5.0.400\Extensions\Microsoft.TestPlatform.Extensions.EventLogCollector.dll
C:\Program Files\dotnet\sdk\5.0.400\Extensions\Microsoft.TestPlatform.TestHostRuntimeProvider.dll
C:\Program Files\dotnet\sdk\5.0.400\Extensions\Microsoft.VisualStudio.TestPlatform.Extensions.Html.TestLogger.dll
C:\Program Files\dotnet\sdk\5.0.400\Extensions\Microsoft.VisualStudio.TestPlatform.Extensions.Trx.TestLogger.dll
TpTrace Information: 0 : 13372, 1, 2021/10/12, 12:43:03.956, 11020308281871, vstest.console.dll, AssemblyResolver.AddSearchDirectories: Adding more searchDirectories C:\Program Files\dotnet\sdk\5.0.400\Extensions,C:\Program Files\dotnet\sdk\5.0.400
TpTrace Information: 0 : 13372, 1, 2021/10/12, 12:43:03.956, 11020308282335, vstest.console.dll, AssemblyResolver.AddSearchDirectories: Adding more searchDirectories C:\Program Files\dotnet\sdk\5.0.400\Extensions,C:\Program Files\dotnet\sdk\5.0.400
TpTrace Information: 0 : 13372, 1, 2021/10/12, 12:43:03.956, 11020308282719, vstest.console.dll, AssemblyResolver.AddSearchDirectories: Adding more searchDirectories C:\Program Files\dotnet\sdk\5.0.400\Extensions,C:\Program Files\dotnet\sdk\5.0.400
TpTrace Information: 0 : 13372, 1, 2021/10/12, 12:43:03.956, 11020308283089, vstest.console.dll, AssemblyResolver.AddSearchDirectories: Adding more searchDirectories C:\Program Files\dotnet\sdk\5.0.400\Extensions,C:\Program Files\dotnet\sdk\5.0.400
TpTrace Information: 0 : 13372, 1, 2021/10/12, 12:43:03.957, 11020308283494, vstest.console.dll, AssemblyResolver.AddSearchDirectories: Adding more searchDirectories C:\Program Files\dotnet\sdk\5.0.400\Extensions,C:\Program Files\dotnet\sdk\5.0.400
TpTrace Information: 0 : 13372, 1, 2021/10/12, 12:43:03.957, 11020308283864, vstest.console.dll, AssemblyResolver.AddSearchDirectories: Adding more searchDirectories C:\Program Files\dotnet\sdk\5.0.400\Extensions,C:\Program Files\dotnet\sdk\5.0.400
TpTrace Information: 0 : 13372, 1, 2021/10/12, 12:43:03.957, 11020308287032, vstest.console.dll, AssemblyResolver.OnResolve: Microsoft.Bcl.AsyncInterfaces: Resolving assembly.
TpTrace Information: 0 : 13372, 1, 2021/10/12, 12:43:03.957, 11020308287652, vstest.console.dll, AssemblyResolver.OnResolve: Microsoft.Bcl.AsyncInterfaces: Resolved from cache.
TpTrace Verbose: 0 : 13372, 1, 2021/10/12, 12:43:03.957, 11020308288087, vstest.console.dll, CurrentDomainAssemblyResolve: Resolving assembly 'Microsoft.Bcl.AsyncInterfaces'.
TpTrace Information: 0 : 13372, 1, 2021/10/12, 12:43:03.957, 11020308288789, vstest.console.dll, AssemblyResolver.OnResolve: Microsoft.Bcl.AsyncInterfaces: Resolving assembly.
TpTrace Information: 0 : 13372, 1, 2021/10/12, 12:43:03.957, 11020308289222, vstest.console.dll, AssemblyResolver.OnResolve: Microsoft.Bcl.AsyncInterfaces: Resolved from cache.
TpTrace Verbose: 0 : 13372, 1, 2021/10/12, 12:43:03.957, 11020308289633, vstest.console.dll, CurrentDomainAssemblyResolve: Resolving assembly 'Microsoft.Bcl.AsyncInterfaces'.
TpTrace Verbose: 0 : 13372, 1, 2021/10/12, 12:43:03.957, 11020308289984, vstest.console.dll, CurrentDomainAssemblyResolve: Failed to resolve assembly 'Microsoft.Bcl.AsyncInterfaces'.
TpTrace Verbose: 0 : 13372, 1, 2021/10/12, 12:43:03.957, 11020308291821, vstest.console.dll, CurrentDomainAssemblyResolve: Failed to resolve assembly 'Microsoft.Bcl.AsyncInterfaces'.
TpTrace Warning: 0 : 13372, 1, 2021/10/12, 12:43:03.958, 11020308295296, vstest.console.dll, TestPluginDiscoverer: Failed to get types from assembly 'Microsoft.Diagnostics.NETCore.Client, Version=0.2.2.41902, Culture=neutral, PublicKeyToken=31bf3856ad364e35'.  Skipping test extension scan for this assembly.  Error: System.Reflection.ReflectionTypeLoadException: Unable to load one or more of the requested types.
Could not load file or assembly 'Microsoft.Bcl.AsyncInterfaces, Version=1.0.0.0, Culture=neutral, PublicKeyToken=cc7b13ffcd2ddd51'. O sistema não pode encontrar o arquivo especificado.
   at System.Reflection.RuntimeModule.GetTypes(RuntimeModule module)
   at System.Reflection.RuntimeModule.GetTypes()
   at System.Reflection.Assembly.GetTypes()
   at Microsoft.VisualStudio.TestPlatform.Common.ExtensionFramework.TestPluginDiscoverer.GetTestExtensionsFromAssembly[TPluginInfo,TExtension](Assembly assembly, Dictionary`2 pluginInfos)
System.IO.FileNotFoundException: Could not load file or assembly 'Microsoft.Bcl.AsyncInterfaces, Version=1.0.0.0, Culture=neutral, PublicKeyToken=cc7b13ffcd2ddd51'. O sistema não pode encontrar o arquivo especificado.
File name: 'Microsoft.Bcl.AsyncInterfaces, Version=1.0.0.0, Culture=neutral, PublicKeyToken=cc7b13ffcd2ddd51'
TpTrace Warning: 0 : 13372, 1, 2021/10/12, 12:43:03.958, 11020308295951, vstest.console.dll, LoaderExceptions: System.IO.FileNotFoundException: Could not load file or assembly 'Microsoft.Bcl.AsyncInterfaces, Version=1.0.0.0, Culture=neutral, PublicKeyToken=cc7b13ffcd2ddd51'. O sistema não pode encontrar o arquivo especificado.
File name: 'Microsoft.Bcl.AsyncInterfaces, Version=1.0.0.0, Culture=neutral, PublicKeyToken=cc7b13ffcd2ddd51'
TpTrace Verbose: 0 : 13372, 1, 2021/10/12, 12:43:03.958, 11020308300929, vstest.console.dll, TestPluginCache: Discovered the extensions using extension path ''.
TpTrace Verbose: 0 : 13372, 1, 2021/10/12, 12:43:03.958, 11020308301602, vstest.console.dll, TestPluginCache: Discoverers are ''.
TpTrace Verbose: 0 : 13372, 1, 2021/10/12, 12:43:03.958, 11020308301986, vstest.console.dll, TestPluginCache: Executors are ''.
TpTrace Verbose: 0 : 13372, 1, 2021/10/12, 12:43:03.958, 11020308302356, vstest.console.dll, TestPluginCache: Executors2 are ''.
TpTrace Verbose: 0 : 13372, 1, 2021/10/12, 12:43:03.958, 11020308302686, vstest.console.dll, TestPluginCache: Setting providers are ''.
TpTrace Verbose: 0 : 13372, 1, 2021/10/12, 12:43:03.959, 11020308303578, vstest.console.dll, TestPluginCache: Loggers are 'logger://Microsoft/TestPlatform/Extensions/Blame/v1,logger://Microsoft/TestPlatform/HtmlLogger/v1,logger://Microsoft/TestPlatform/TrxLogger/v1'.
TpTrace Information: 0 : 13372, 1, 2021/10/12, 12:43:03.959, 11020308311821, vstest.console.dll, TestPluginManager.CreateTestExtension: Attempting to load test extension: Microsoft.TestPlatform.Extensions.BlameDataCollector.BlameLogger
TpTrace Information: 0 : 13372, 1, 2021/10/12, 12:43:03.969, 11020308411400, vstest.console.dll, TestPluginManager.CreateTestExtension: Attempting to load test extension: Microsoft.VisualStudio.TestPlatform.CrossPlatEngine.Hosting.DefaultTestHostManager
TpTrace Information: 0 : 13372, 1, 2021/10/12, 12:43:03.970, 11020308414229, vstest.console.dll, TestPluginManager.CreateTestExtension: Attempting to load test extension: Microsoft.VisualStudio.TestPlatform.CrossPlatEngine.Hosting.DotnetTestHostManager
TpTrace Verbose: 0 : 13372, 1, 2021/10/12, 12:43:03.970, 11020308419361, vstest.console.dll, TestEngine: Initializing Parallel Execution as MaxCpuCount is set to: 1
TpTrace Information: 0 : 13372, 1, 2021/10/12, 12:43:03.971, 11020308423460, vstest.console.dll, InferRunSettingsHelper.IsTestSettingsEnabled: Unable to navigate to RunSettings/MSTest. Current node: RunSettings
TpTrace Verbose: 0 : 13372, 1, 2021/10/12, 12:43:03.982, 11020308540006, vstest.console.dll, TestRequestSender is acting as server
TpTrace Verbose: 0 : 13372, 4, 2021/10/12, 12:43:03.985, 11020308566380, vstest.console.dll, DataCollectionRequestSender.InitializeCommunication : Initialize communication. 
TpTrace Information: 0 : 13372, 4, 2021/10/12, 12:43:03.993, 11020308652520, vstest.console.dll, Listening on Endpoint : 127.0.0.1:53447
TpTrace Verbose: 0 : 13372, 4, 2021/10/12, 12:43:04.003, 11020308751978, vstest.console.dll, DotnetDataCollectionLauncher: Full path of dotnet.exe is C:\Program Files\dotnet\dotnet.exe
TpTrace Verbose: 0 : 13372, 4, 2021/10/12, 12:43:04.004, 11020308753580, vstest.console.dll, DotnetDataCollectionLauncher: Adding  --runtimeconfig "C:\Program Files\dotnet\sdk\5.0.400\datacollector.runtimeconfig.json" in args
TpTrace Verbose: 0 : 13372, 4, 2021/10/12, 12:43:04.004, 11020308754271, vstest.console.dll, DotnetDataCollectionLauncher: Adding  --depsfile "C:\Program Files\dotnet\sdk\5.0.400\datacollector.deps.json" in args
TpTrace Information: 0 : 13372, 4, 2021/10/12, 12:43:04.010, 11020308818443, vstest.console.dll, ProxyDataCollectionManager.Initialize: Launched datacollector processId: 15348 port: 53447
TpTrace Information: 0 : 13372, 4, 2021/10/12, 12:43:04.010, 11020308819712, vstest.console.dll, ProxyDataCollectionManager.Initialize: waiting for connection with timeout: 90 seconds
TpTrace Verbose: 0 : 13372, 4, 2021/10/12, 12:43:04.010, 11020308820326, vstest.console.dll, DataCollectionRequestSender.WaitForRequestHandlerConnection : Waiting for connection with timeout: 90000
TpTrace Information: 0 : 13372, 7, 2021/10/12, 12:43:04.136, 11020310078448, vstest.console.dll, Using the buffer size of 16384 bytes
TpTrace Verbose: 0 : 13372, 4, 2021/10/12, 12:43:04.136, 11020310079282, vstest.console.dll, ProxyDataCollectionManager.InvokeDataCollectionServiceAction: Starting.
TpTrace Information: 0 : 13372, 7, 2021/10/12, 12:43:04.136, 11020310079454, vstest.console.dll, Accepted Client request and set the flag
TpTrace Information: 0 : 13372, 4, 2021/10/12, 12:43:04.136, 11020310080216, vstest.console.dll, ProxyDataCollectionManager.BeforeTestRunStart: Get environment variable and port for datacollector processId: 15348 port: 53447
TpTrace Verbose: 0 : 13372, 4, 2021/10/12, 12:43:04.136, 11020310081138, vstest.console.dll, DataCollectionRequestSender.SendBeforeTestRunStartAndGetResult : Send BeforeTestRunStart message with settingsXml <RunSettings><RunConfiguration><ResultsDirectory>C:\JokenpoTest\bin\Debug\netcoreapp3.1\fine-code-coverage\coverage-tool-output</ResultsDirectory><TargetPlatform>X64</TargetPlatform><TargetFrameworkVersion>.NETCoreApp,Version=v3.1</TargetFrameworkVersion><DesignMode>False</DesignMode><CollectSourceInformation>False</CollectSourceInformation><TestAdaptersPaths>C:\Program Files\dotnet\sdk\5.0.400\Extensions</TestAdaptersPaths></RunConfiguration><LoggerRunSettings><Loggers><Logger friendlyName="blame" enabled="True" /><Logger friendlyName="Console" uri="logger://microsoft/TestPlatform/ConsoleLogger/v1" assemblyQualifiedName="Microsoft.VisualStudio.TestPlatform.CommandLine.Internal.ConsoleLogger, vstest.console, Version=15.0.0.0, Culture=neutral, PublicKeyToken=b03f5f7f11d50a3a" codeBase="C:\Program Files\dotnet\sdk\5.0.400\vstest.console.dll" enabled="True" /></Loggers></LoggerRunSettings><DataCollectionRunSettings><DataCollectors><DataCollector friendlyName="blame" enabled="True"><Configuration><ResultsDirectory>C:\JokenpoTest\bin\Debug\netcoreapp3.1\fine-code-coverage\coverage-tool-output</ResultsDirectory></Configuration></DataCollector></DataCollectors></DataCollectionRunSettings></RunSettings> and sources System.Linq.Enumerable+Concat2Iterator`1[System.String]: 
TpTrace Verbose: 0 : 13372, 4, 2021/10/12, 12:43:04.195, 11020310663444, vstest.console.dll, DataCollectionRequestSender.SendBeforeTestRunStartAndGetResult : Received message: (DataCollection.SendMessage) -> {
  "FriendlyName": null,
  "Uri": null,
  "TestCaseId": "00000000-0000-0000-0000-000000000000",
  "Message": "Logging DataCollector Diagnostics in file: C:\\JokenpoTest\\bin\\Debug\\netcoreapp3.1\\fine-code-coverage\\coverage-tool-output\\diagnostics.datacollector.21-10-12_12-43-03_99954_4.log",
  "Level": 0
}
TpTrace Verbose: 0 : 13372, 4, 2021/10/12, 12:43:04.250, 11020311221310, vstest.console.dll, DataCollectionRequestSender.SendBeforeTestRunStartAndGetResult : Received message: (DataCollection.BeforeTestRunStartResult) -> {
  "EnvironmentVariables": {},
  "DataCollectionEventsPort": 53449
}
TpTrace Information: 0 : 13372, 4, 2021/10/12, 12:43:04.254, 11020311254621, vstest.console.dll, ProxyDataCollectionManager.BeforeTestRunStart: SendBeforeTestRunStartAndGetResult successful, env variable from datacollector:   and testhost port: 53449
TpTrace Information: 0 : 13372, 4, 2021/10/12, 12:43:04.254, 11020311255479, vstest.console.dll, ProxyDataCollectionManager.InvokeDataCollectionServiceAction: Completed.
TpTrace Verbose: 0 : 13372, 1, 2021/10/12, 12:43:04.254, 11020311256621, vstest.console.dll, TestRunRequest.ExecuteAsync: Creating test run request.
TpTrace Verbose: 0 : 13372, 1, 2021/10/12, 12:43:04.254, 11020311258682, vstest.console.dll, TestRunRequest.ExecuteAsync: Starting.
TpTrace Information: 0 : 13372, 1, 2021/10/12, 12:43:04.254, 11020311260722, vstest.console.dll, TestRunRequest.ExecuteAsync: Starting run with settings:TestRunCriteria:
   KeepAlive=False,FrequencyOfRunStatsChangeEvent=10,RunStatsChangeEventTimeout=00:00:01.5000000,TestCaseFilter=,TestExecutorLauncher=
   Settingsxml=<RunSettings>
  <RunConfiguration>
    <ResultsDirectory>C:\JokenpoTest\bin\Debug\netcoreapp3.1\fine-code-coverage\coverage-tool-output</ResultsDirectory>
    <TargetPlatform>X64</TargetPlatform>
    <TargetFrameworkVersion>.NETCoreApp,Version=v3.1</TargetFrameworkVersion>
    <DesignMode>False</DesignMode>
    <CollectSourceInformation>False</CollectSourceInformation>
  </RunConfiguration>
  <LoggerRunSettings>
    <Loggers>
      <Logger friendlyName="blame" enabled="True" />
      <Logger friendlyName="Console" uri="logger://microsoft/TestPlatform/ConsoleLogger/v1" assemblyQualifiedName="Microsoft.VisualStudio.TestPlatform.CommandLine.Internal.ConsoleLogger, vstest.console, Version=15.0.0.0, Culture=neutral, PublicKeyToken=b03f5f7f11d50a3a" codeBase="C:\Program Files\dotnet\sdk\5.0.400\vstest.console.dll" enabled="True" />
    </Loggers>
  </LoggerRunSettings>
  <DataCollectionRunSettings>
    <DataCollectors>
      <DataCollector friendlyName="blame" enabled="True">
        <Configuration>
          <ResultsDirectory>C:\JokenpoTest\bin\Debug\netcoreapp3.1\fine-code-coverage\coverage-tool-output</ResultsDirectory>
        </Configuration>
      </DataCollector>
    </DataCollectors>
  </DataCollectionRunSettings>
</RunSettings>

TpTrace Verbose: 0 : 13372, 1, 2021/10/12, 12:43:04.254, 11020311261123, vstest.console.dll, TestRunRequest.ExecuteAsync: Wait for the first run request is over.
TpTrace Verbose: 0 : 13372, 1, 2021/10/12, 12:43:04.255, 11020311264112, vstest.console.dll, ParallelProxyExecutionManager: Start execution. Total sources: 1
TpTrace Information: 0 : 13372, 1, 2021/10/12, 12:43:04.255, 11020311268758, vstest.console.dll, ProxyParallelExecutionManager: Triggering test run for next source: C:\JokenpoTest\bin\Debug\netcoreapp3.1\fine-code-coverage\build-output\JokenpoTest.dll
TpTrace Verbose: 0 : 13372, 1, 2021/10/12, 12:43:04.255, 11020311270252, vstest.console.dll, ProxyParallelExecutionManager: No sources available for execution.
TpTrace Verbose: 0 : 13372, 6, 2021/10/12, 12:43:04.255, 11020311270276, vstest.console.dll, ParallelProxyExecutionManager: Execution started. Started clients: 1
TpTrace Information: 0 : 13372, 1, 2021/10/12, 12:43:04.255, 11020311270631, vstest.console.dll, TestRunRequest.ExecuteAsync: Started.
TpTrace Verbose: 0 : 13372, 1, 2021/10/12, 12:43:04.255, 11020311272073, vstest.console.dll, TestRunRequest.WaitForCompletion: Waiting with timeout -1.
TpTrace Verbose: 0 : 13372, 6, 2021/10/12, 12:43:04.255, 11020311273261, vstest.console.dll, TestRunRequest:SendTestRunMessage: Starting.
TpTrace Information: 0 : 13372, 6, 2021/10/12, 12:43:04.256, 11020311274143, vstest.console.dll, TestRunRequest:SendTestRunMessage: Completed.
TpTrace Verbose: 0 : 13372, 6, 2021/10/12, 12:43:04.256, 11020311275724, vstest.console.dll, ProxyExecutionManager: Test host is always Lazy initialize.
TpTrace Verbose: 0 : 13372, 6, 2021/10/12, 12:43:04.256, 11020311277551, vstest.console.dll, TestRequestSender.InitializeCommunication: initialize communication. 
TpTrace Information: 0 : 13372, 6, 2021/10/12, 12:43:04.256, 11020311281282, vstest.console.dll, SocketServer.Start: Listening on endpoint : 127.0.0.1:53450
TpTrace Verbose: 0 : 13372, 6, 2021/10/12, 12:43:04.257, 11020311286454, vstest.console.dll, DotnetTestHostmanager: Adding  --runtimeconfig "C:\JokenpoTest\bin\Debug\netcoreapp3.1\fine-code-coverage\build-output\JokenpoTest.runtimeconfig.json" in args
TpTrace Verbose: 0 : 13372, 6, 2021/10/12, 12:43:04.257, 11020311287187, vstest.console.dll, DotnetTestHostmanager: Adding  --depsfile "C:\JokenpoTest\bin\Debug\netcoreapp3.1\fine-code-coverage\build-output\JokenpoTest.deps.json" in args
TpTrace Verbose: 0 : 13372, 6, 2021/10/12, 12:43:04.257, 11020311288783, vstest.console.dll, DotnetTestHostManager: Testhost.exe/testhost.x86.exe found at path: C:\JokenpoTest\bin\Debug\netcoreapp3.1\fine-code-coverage\build-output\testhost.exe
TpTrace Verbose: 0 : 13372, 6, 2021/10/12, 12:43:04.257, 11020311289192, vstest.console.dll, DotnetTestHostmanager: Full path of host exe is C:\JokenpoTest\bin\Debug\netcoreapp3.1\fine-code-coverage\build-output\testhost.exe
TpTrace Verbose: 0 : 13372, 4, 2021/10/12, 12:43:04.258, 11020311296288, vstest.console.dll, DotnetTestHostManager: Starting process 'C:\JokenpoTest\bin\Debug\netcoreapp3.1\fine-code-coverage\build-output\testhost.exe' with command line ' --runtimeconfig "C:\JokenpoTest\bin\Debug\netcoreapp3.1\fine-code-coverage\build-output\JokenpoTest.runtimeconfig.json" --depsfile "C:\JokenpoTest\bin\Debug\netcoreapp3.1\fine-code-coverage\build-output\JokenpoTest.deps.json" --port 53450 --endpoint 127.0.0.1:053450 --role client --parentprocessid 13372 --diag "C:\JokenpoTest\bin\Debug\netcoreapp3.1\fine-code-coverage\coverage-tool-output\diagnostics.host.21-10-12_12-43-04_25702_6.log" --tracelevel 4 --datacollectionport 53449 --telemetryoptedin false'
TpTrace Verbose: 0 : 13372, 4, 2021/10/12, 12:43:04.264, 11020311356031, vstest.console.dll, Test Runtime launched
TpTrace Verbose: 0 : 13372, 6, 2021/10/12, 12:43:04.265, 11020311363638, vstest.console.dll, TestRequestSender.WaitForRequestHandlerConnection: waiting for connection with timeout: 90000
TpTrace Verbose: 0 : 13372, 4, 2021/10/12, 12:43:04.408, 11020312797507, vstest.console.dll, SocketServer.OnClientConnected: Client connected for endPoint: 127.0.0.1:53450, starting MessageLoopAsync:
TpTrace Verbose: 0 : 13372, 12, 2021/10/12, 12:43:04.408, 11020312799865, vstest.console.dll, TcpClientExtensions.MessageLoopAsync: Polling on remoteEndPoint: 127.0.0.1:53451 localEndPoint: 127.0.0.1:53450
TpTrace Verbose: 0 : 13372, 12, 2021/10/12, 12:43:04.540, 11020314120892, vstest.console.dll, TcpClientExtensions.MessageLoopAsync: NotifyDataAvailable remoteEndPoint: 127.0.0.1:53451 localEndPoint: 127.0.0.1:53450
TpTrace Verbose: 0 : 13372, 12, 2021/10/12, 12:43:04.540, 11020314123243, vstest.console.dll, TestRequestSender.CheckVersionWithTestHost: onMessageReceived received message: (ProtocolVersion) -> 5
TpTrace Verbose: 0 : 13372, 12, 2021/10/12, 12:43:04.541, 11020314126611, vstest.console.dll, TcpClientExtensions.MessageLoopAsync: Polling on remoteEndPoint: 127.0.0.1:53451 localEndPoint: 127.0.0.1:53450
TpTrace Verbose: 0 : 13372, 6, 2021/10/12, 12:43:04.541, 11020314127751, vstest.console.dll, TestPluginCache.GetExtensionPaths: Filtered extension paths: 
TpTrace Verbose: 0 : 13372, 6, 2021/10/12, 12:43:04.541, 11020314128494, vstest.console.dll, TestPluginCache.GetExtensionPaths: Added default extension paths: C:\Program Files\dotnet\sdk\5.0.400\Extensions\Microsoft.Diagnostics.NETCore.Client.dll
C:\Program Files\dotnet\sdk\5.0.400\Extensions\Microsoft.TestPlatform.Extensions.BlameDataCollector.dll
C:\Program Files\dotnet\sdk\5.0.400\Extensions\Microsoft.TestPlatform.Extensions.EventLogCollector.dll
C:\Program Files\dotnet\sdk\5.0.400\Extensions\Microsoft.TestPlatform.TestHostRuntimeProvider.dll
C:\Program Files\dotnet\sdk\5.0.400\Extensions\Microsoft.VisualStudio.TestPlatform.Extensions.Html.TestLogger.dll
C:\Program Files\dotnet\sdk\5.0.400\Extensions\Microsoft.VisualStudio.TestPlatform.Extensions.Trx.TestLogger.dll
TpTrace Verbose: 0 : 13372, 6, 2021/10/12, 12:43:04.541, 11020314128757, vstest.console.dll, TestPluginCache.GetExtensionPaths: Added unfilterableExtensionPaths: 
TpTrace Verbose: 0 : 13372, 6, 2021/10/12, 12:43:04.544, 11020314156768, vstest.console.dll, TestRequestSender.InitializeExecution: Sending initializing execution with message: {"Version":5,"MessageType":"TestExecution.Initialize","Payload":["C:\\JokenpoTest\\bin\\Debug\\netcoreapp3.1\\fine-code-coverage\\build-output\\NUnit3.TestAdapter.dll"]}
TpTrace Verbose: 0 : 13372, 6, 2021/10/12, 12:43:04.550, 11020314218220, vstest.console.dll, TestRequestSender.StartTestRun: Sending test run with message: {"Version":5,"MessageType":"TestExecution.StartWithSources","Payload":{"AdapterSourceMap":{"_none_":["C:\\JokenpoTest\\bin\\Debug\\netcoreapp3.1\\fine-code-coverage\\build-output\\JokenpoTest.dll"]},"RunSettings":"<RunSettings>\r\n  <RunConfiguration>\r\n    <ResultsDirectory>C:\\JokenpoTest\\bin\\Debug\\netcoreapp3.1\\fine-code-coverage\\coverage-tool-output</ResultsDirectory>\r\n    <TargetPlatform>X64</TargetPlatform>\r\n    <TargetFrameworkVersion>.NETCoreApp,Version=v3.1</TargetFrameworkVersion>\r\n    <DesignMode>False</DesignMode>\r\n    <CollectSourceInformation>False</CollectSourceInformation>\r\n  </RunConfiguration>\r\n  <LoggerRunSettings>\r\n    <Loggers>\r\n      <Logger friendlyName=\"blame\" enabled=\"True\" />\r\n      <Logger friendlyName=\"Console\" uri=\"logger://microsoft/TestPlatform/ConsoleLogger/v1\" assemblyQualifiedName=\"Microsoft.VisualStudio.TestPlatform.CommandLine.Internal.ConsoleLogger, vstest.console, Version=15.0.0.0, Culture=neutral, PublicKeyToken=b03f5f7f11d50a3a\" codeBase=\"C:\\Program Files\\dotnet\\sdk\\5.0.400\\vstest.console.dll\" enabled=\"True\" />\r\n    </Loggers>\r\n  </LoggerRunSettings>\r\n  <DataCollectionRunSettings>\r\n    <DataCollectors>\r\n      <DataCollector friendlyName=\"blame\" enabled=\"True\">\r\n        <Configuration>\r\n          <ResultsDirectory>C:\\JokenpoTest\\bin\\Debug\\netcoreapp3.1\\fine-code-coverage\\coverage-tool-output</ResultsDirectory>\r\n        </Configuration>\r\n      </DataCollector>\r\n    </DataCollectors>\r\n  </DataCollectionRunSettings>\r\n</RunSettings>","TestExecutionContext":{"FrequencyOfRunStatsChangeEvent":10,"RunStatsChangeEventTimeout":"00:00:01.5000000","InIsolation":false,"KeepAlive":false,"AreTestCaseLevelEventsRequired":false,"IsDebug":false,"TestCaseFilter":null,"FilterOptions":null},"Package":null}}
TpTrace Verbose: 0 : 13372, 12, 2021/10/12, 12:43:04.551, 11020314224569, vstest.console.dll, TcpClientExtensions.MessageLoopAsync: NotifyDataAvailable remoteEndPoint: 127.0.0.1:53451 localEndPoint: 127.0.0.1:53450
TpTrace Verbose: 0 : 13372, 12, 2021/10/12, 12:43:04.551, 11020314225504, vstest.console.dll, TestRequestSender.OnExecutionMessageReceived: Received message: {"Version":5,"MessageType":"TestSession.Message","Payload":{"MessageLevel":0,"Message":"Registro em log do diagnóstico TestHost no arquivo: C:\\JokenpoTest\\bin\\Debug\\netcoreapp3.1\\fine-code-coverage\\coverage-tool-output\\diagnostics.host.21-10-12_12-43-04_25702_6.log"}}
TpTrace Verbose: 0 : 13372, 12, 2021/10/12, 12:43:04.552, 11020314240104, vstest.console.dll, TestRunRequest:SendTestRunMessage: Starting.
TpTrace Information: 0 : 13372, 12, 2021/10/12, 12:43:04.552, 11020314241189, vstest.console.dll, TestRunRequest:SendTestRunMessage: Completed.
TpTrace Verbose: 0 : 13372, 12, 2021/10/12, 12:43:04.552, 11020314241508, vstest.console.dll, TcpClientExtensions.MessageLoopAsync: Polling on remoteEndPoint: 127.0.0.1:53451 localEndPoint: 127.0.0.1:53450
TpTrace Verbose: 0 : 13372, 12, 2021/10/12, 12:43:04.682, 11020315537085, vstest.console.dll, TcpClientExtensions.MessageLoopAsync: NotifyDataAvailable remoteEndPoint: 127.0.0.1:53451 localEndPoint: 127.0.0.1:53450
TpTrace Verbose: 0 : 13372, 12, 2021/10/12, 12:43:04.682, 11020315538883, vstest.console.dll, TestRequestSender.OnExecutionMessageReceived: Received message: {"Version":5,"MessageType":"TestSession.Message","Payload":{"MessageLevel":0,"Message":"NUnit Adapter 3.17.0.0: Test execution started"}}
TpTrace Verbose: 0 : 13372, 12, 2021/10/12, 12:43:04.682, 11020315541092, vstest.console.dll, TestRunRequest:SendTestRunMessage: Starting.
TpTrace Information: 0 : 13372, 12, 2021/10/12, 12:43:04.682, 11020315541608, vstest.console.dll, TestRunRequest:SendTestRunMessage: Completed.
TpTrace Verbose: 0 : 13372, 12, 2021/10/12, 12:43:04.682, 11020315541895, vstest.console.dll, TcpClientExtensions.MessageLoopAsync: Polling on remoteEndPoint: 127.0.0.1:53451 localEndPoint: 127.0.0.1:53450
TpTrace Verbose: 0 : 13372, 12, 2021/10/12, 12:43:04.706, 11020315781881, vstest.console.dll, TcpClientExtensions.MessageLoopAsync: NotifyDataAvailable remoteEndPoint: 127.0.0.1:53451 localEndPoint: 127.0.0.1:53450
TpTrace Verbose: 0 : 13372, 12, 2021/10/12, 12:43:04.706, 11020315783195, vstest.console.dll, TestRequestSender.OnExecutionMessageReceived: Received message: {"Version":5,"MessageType":"TestSession.Message","Payload":{"MessageLevel":0,"Message":"Running all tests in C:\\JokenpoTest\\bin\\Debug\\netcoreapp3.1\\fine-code-coverage\\build-output\\JokenpoTest.dll"}}
TpTrace Verbose: 0 : 13372, 12, 2021/10/12, 12:43:04.707, 11020315785606, vstest.console.dll, TestRunRequest:SendTestRunMessage: Starting.
TpTrace Information: 0 : 13372, 12, 2021/10/12, 12:43:04.707, 11020315786217, vstest.console.dll, TestRunRequest:SendTestRunMessage: Completed.
TpTrace Verbose: 0 : 13372, 12, 2021/10/12, 12:43:04.707, 11020315786560, vstest.console.dll, TcpClientExtensions.MessageLoopAsync: Polling on remoteEndPoint: 127.0.0.1:53451 localEndPoint: 127.0.0.1:53450
TpTrace Verbose: 0 : 13372, 12, 2021/10/12, 12:43:04.882, 11020317535170, vstest.console.dll, TcpClientExtensions.MessageLoopAsync: NotifyDataAvailable remoteEndPoint: 127.0.0.1:53451 localEndPoint: 127.0.0.1:53450
TpTrace Verbose: 0 : 13372, 12, 2021/10/12, 12:43:04.882, 11020317536357, vstest.console.dll, TestRequestSender.OnExecutionMessageReceived: Received message: {"Version":5,"MessageType":"TestSession.Message","Payload":{"MessageLevel":0,"Message":"   NUnit3TestExecutor discovered 12 of 12 NUnit test cases"}}
TpTrace Verbose: 0 : 13372, 12, 2021/10/12, 12:43:04.882, 11020317538068, vstest.console.dll, TestRunRequest:SendTestRunMessage: Starting.
TpTrace Information: 0 : 13372, 12, 2021/10/12, 12:43:04.882, 11020317538617, vstest.console.dll, TestRunRequest:SendTestRunMessage: Completed.
TpTrace Verbose: 0 : 13372, 12, 2021/10/12, 12:43:04.882, 11020317538917, vstest.console.dll, TcpClientExtensions.MessageLoopAsync: Polling on remoteEndPoint: 127.0.0.1:53451 localEndPoint: 127.0.0.1:53450
TpTrace Verbose: 0 : 13372, 12, 2021/10/12, 12:43:05.244, 11020321162656, vstest.console.dll, TcpClientExtensions.MessageLoopAsync: NotifyDataAvailable remoteEndPoint: 127.0.0.1:53451 localEndPoint: 127.0.0.1:53450
TpTrace Verbose: 0 : 13372, 12, 2021/10/12, 12:43:05.245, 11020321164942, vstest.console.dll, TestRequestSender.OnExecutionMessageReceived: Received message: {"Version":5,"MessageType":"TestExecution.StatsChange","Payload":{"NewTestResults":[{"TestCase":{"Id":"58f2a5c5-5186-9902-3bd9-5b6b518337f0","FullyQualifiedName":"JokenpoTest.Repositories.RepositoryMatchTest.AddMatchTest_IsSucess","DisplayName":"AddMatchTest_IsSucess","ExecutorUri":"executor://NUnit3TestExecutor","Source":"C:\\JokenpoTest\\bin\\Debug\\netcoreapp3.1\\fine-code-coverage\\build-output\\JokenpoTest.dll","CodeFilePath":null,"LineNumber":0,"Properties":[]},"Attachments":[],"Outcome":1,"ErrorMessage":null,"ErrorStackTrace":null,"DisplayName":"AddMatchTest_IsSucess","Messages":[],"ComputerName":"LAPTOP-POTN3MF7","Duration":"00:00:00.0965730","StartTime":"2021-10-12T15:43:04.9111246+00:00","EndTime":"2021-10-12T15:43:05.0076202+00:00","Properties":[]},{"TestCase":{"Id":"4f32846b-35af-8b97-b072-79182fada606","FullyQualifiedName":"JokenpoTest.Repositories.RepositoryMatchTest.GetMatchByIdTest_IsSucess","DisplayName":"GetMatchByIdTest_IsSucess","ExecutorUri":"executor://NUnit3TestExecutor","Source":"C:\\JokenpoTest\\bin\\Debug\\netcoreapp3.1\\fine-code-coverage\\build-output\\JokenpoTest.dll","CodeFilePath":null,"LineNumber":0,"Properties":[]},"Attachments":[],"Outcome":1,"ErrorMessage":null,"ErrorStackTrace":null,"DisplayName":"GetMatchByIdTest_IsSucess","Messages":[],"ComputerName":"LAPTOP-POTN3MF7","Duration":"00:00:00.0008910","StartTime":"2021-10-12T15:43:05.0091265+00:00","EndTime":"2021-10-12T15:43:05.0100175+00:00","Properties":[]},{"TestCase":{"Id":"55350e06-373e-d97c-3e48-be9d57947a72","FullyQualifiedName":"JokenpoTest.Repositories.RepositoryMatchTest.GetOpenMatchTest","DisplayName":"GetOpenMatchTest","ExecutorUri":"executor://NUnit3TestExecutor","Source":"C:\\JokenpoTest\\bin\\Debug\\netcoreapp3.1\\fine-code-coverage\\build-output\\JokenpoTest.dll","CodeFilePath":null,"LineNumber":0,"Properties":[]},"Attachments":[],"Outcome":1,"ErrorMessage":null,"ErrorStackTrace":null,"DisplayName":"GetOpenMatchTest","Messages":[],"ComputerName":"LAPTOP-POTN3MF7","Duration":"00:00:00.0085690","StartTime":"2021-10-12T15:43:05.010046+00:00","EndTime":"2021-10-12T15:43:05.0186125+00:00","Properties":[]},{"TestCase":{"Id":"3a9360a4-542b-7150-c2ad-3194b0fab7ed","FullyQualifiedName":"JokenpoTest.RepositoryPlayerTest.AddPlayerTest_IsSucess","DisplayName":"AddPlayerTest_IsSucess","ExecutorUri":"executor://NUnit3TestExecutor","Source":"C:\\JokenpoTest\\bin\\Debug\\netcoreapp3.1\\fine-code-coverage\\build-output\\JokenpoTest.dll","CodeFilePath":null,"LineNumber":0,"Properties":[]},"Attachments":[],"Outcome":1,"ErrorMessage":null,"ErrorStackTrace":null,"DisplayName":"AddPlayerTest_IsSucess","Messages":[],"ComputerName":"LAPTOP-POTN3MF7","Duration":"00:00:00.1316670","StartTime":"2021-10-12T15:43:05.0207265+00:00","EndTime":"2021-10-12T15:43:05.1523913+00:00","Properties":[]},{"TestCase":{"Id":"32c7db70-c372-cbd2-6e27-3867f97beca9","FullyQualifiedName":"JokenpoTest.RepositoryPlayerTest.GetPlayerByIdTest_IsSucess","DisplayName":"GetPlayerByIdTest_IsSucess","ExecutorUri":"executor://NUnit3TestExecutor","Source":"C:\\JokenpoTest\\bin\\Debug\\netcoreapp3.1\\fine-code-coverage\\build-output\\JokenpoTest.dll","CodeFilePath":null,"LineNumber":0,"Properties":[]},"Attachments":[],"Outcome":1,"ErrorMessage":null,"ErrorStackTrace":null,"DisplayName":"GetPlayerByIdTest_IsSucess","Messages":[],"ComputerName":"LAPTOP-POTN3MF7","Duration":"00:00:00.0037170","StartTime":"2021-10-12T15:43:05.1524329+00:00","EndTime":"2021-10-12T15:43:05.1561487+00:00","Properties":[]},{"TestCase":{"Id":"c3c3a499-691a-d951-21cc-a8ee07903c52","FullyQualifiedName":"JokenpoTest.Services.MatchServiceTest.AddMoveInMatch_IsSucessFull","DisplayName":"AddMoveInMatch_IsSucessFull","ExecutorUri":"executor://NUnit3TestExecutor","Source":"C:\\JokenpoTest\\bin\\Debug\\netcoreapp3.1\\fine-code-coverage\\build-output\\JokenpoTest.dll","CodeFilePath":null,"LineNumber":0,"Properties":[]},"Attachments":[],"Outcome":1,"ErrorMessage":null,"ErrorStackTrace":null,"DisplayName":"AddMoveInMatch_IsSucessFull","Messages":[],"ComputerName":"LAPTOP-POTN3MF7","Duration":"00:00:00.0344030","StartTime":"2021-10-12T15:43:05.156262+00:00","EndTime":"2021-10-12T15:43:05.1906626+00:00","Properties":[]},{"TestCase":{"Id":"d03d4072-3b58-ba09-7252-f0ff6d7c292b","FullyQualifiedName":"JokenpoTest.Services.MatchServiceTest.AddMoveInMatch_NotPlayer","DisplayName":"AddMoveInMatch_NotPlayer","ExecutorUri":"executor://NUnit3TestExecutor","Source":"C:\\JokenpoTest\\bin\\Debug\\netcoreapp3.1\\fine-code-coverage\\build-output\\JokenpoTest.dll","CodeFilePath":null,"LineNumber":0,"Properties":[]},"Attachments":[],"Outcome":1,"ErrorMessage":null,"ErrorStackTrace":null,"DisplayName":"AddMoveInMatch_NotPlayer","Messages":[],"ComputerName":"LAPTOP-POTN3MF7","Duration":"00:00:00.0128390","StartTime":"2021-10-12T15:43:05.1906879+00:00","EndTime":"2021-10-12T15:43:05.2035247+00:00","Properties":[]},{"TestCase":{"Id":"2a1ea5db-80a8-8935-49ad-c74394f25aa9","FullyQualifiedName":"JokenpoTest.Services.MatchServiceTest.AddMoveInMatch_PlayerDeactivated","DisplayName":"AddMoveInMatch_PlayerDeactivated","ExecutorUri":"executor://NUnit3TestExecutor","Source":"C:\\JokenpoTest\\bin\\Debug\\netcoreapp3.1\\fine-code-coverage\\build-output\\JokenpoTest.dll","CodeFilePath":null,"LineNumber":0,"Properties":[]},"Attachments":[],"Outcome":1,"ErrorMessage":null,"ErrorStackTrace":null,"DisplayName":"AddMoveInMatch_PlayerDeactivated","Messages":[],"ComputerName":"LAPTOP-POTN3MF7","Duration":"00:00:00.0054560","StartTime":"2021-10-12T15:43:05.2035466+00:00","EndTime":"2021-10-12T15:43:05.2090009+00:00","Properties":[]},{"TestCase":{"Id":"27196cd4-4769-4c6f-471b-614a1440fb35","FullyQualifiedName":"JokenpoTest.Services.PlayerServiceTest.AddPlayerTest","DisplayName":"AddPlayerTest","ExecutorUri":"executor://NUnit3TestExecutor","Source":"C:\\JokenpoTest\\bin\\Debug\\netcoreapp3.1\\fine-code-coverage\\build-output\\JokenpoTest.dll","CodeFilePath":null,"LineNumber":0,"Properties":[]},"Attachments":[],"Outcome":1,"ErrorMessage":null,"ErrorStackTrace":null,"DisplayName":"AddPlayerTest","Messages":[],"ComputerName":"LAPTOP-POTN3MF7","Duration":"00:00:00.0086320","StartTime":"2021-10-12T15:43:05.2091928+00:00","EndTime":"2021-10-12T15:43:05.2178231+00:00","Properties":[]}],"TestRunStatistics":{"ExecutedTests":9,"Stats":{"Passed":9}},"ActiveTests":[{"Id":"72b6aa55-a0d7-200c-2c8e-560e757b291c","FullyQualifiedName":"JokenpoTest.Services.PlayerServiceTest.AddPlayerTest_NotEmail","DisplayName":"AddPlayerTest_NotEmail","ExecutorUri":"executor://NUnit3TestExecutor","Source":"C:\\JokenpoTest\\bin\\Debug\\netcoreapp3.1\\fine-code-coverage\\build-output\\JokenpoTest.dll","CodeFilePath":null,"LineNumber":0,"Properties":[]}]}}
TpTrace Verbose: 0 : 13372, 12, 2021/10/12, 12:43:05.269, 11020321411661, vstest.console.dll, TestRunRequest:SendTestRunStatsChange: Starting.
TpTrace Verbose: 0 : 13372, 12, 2021/10/12, 12:43:05.269, 11020321412602, vstest.console.dll, InProgress is AddPlayerTest_NotEmail
TpTrace Information: 0 : 13372, 12, 2021/10/12, 12:43:05.270, 11020321414042, vstest.console.dll, TestRunRequest:SendTestRunStatsChange: Completed.
TpTrace Verbose: 0 : 13372, 12, 2021/10/12, 12:43:05.270, 11020321414381, vstest.console.dll, TcpClientExtensions.MessageLoopAsync: Polling on remoteEndPoint: 127.0.0.1:53451 localEndPoint: 127.0.0.1:53450
TpTrace Verbose: 0 : 13372, 12, 2021/10/12, 12:43:05.270, 11020321414781, vstest.console.dll, TcpClientExtensions.MessageLoopAsync: NotifyDataAvailable remoteEndPoint: 127.0.0.1:53451 localEndPoint: 127.0.0.1:53450
TpTrace Verbose: 0 : 13372, 12, 2021/10/12, 12:43:05.270, 11020321415178, vstest.console.dll, TestRequestSender.OnExecutionMessageReceived: Received message: {"Version":5,"MessageType":"TestSession.Message","Payload":{"MessageLevel":0,"Message":"NUnit Adapter 3.17.0.0: Test execution complete"}}
TpTrace Verbose: 0 : 13372, 12, 2021/10/12, 12:43:05.270, 11020321416221, vstest.console.dll, TestRunRequest:SendTestRunMessage: Starting.
TpTrace Information: 0 : 13372, 12, 2021/10/12, 12:43:05.270, 11020321416632, vstest.console.dll, TestRunRequest:SendTestRunMessage: Completed.
TpTrace Verbose: 0 : 13372, 12, 2021/10/12, 12:43:05.270, 11020321416871, vstest.console.dll, TcpClientExtensions.MessageLoopAsync: Polling on remoteEndPoint: 127.0.0.1:53451 localEndPoint: 127.0.0.1:53450
TpTrace Verbose: 0 : 13372, 12, 2021/10/12, 12:43:05.270, 11020321417680, vstest.console.dll, TcpClientExtensions.MessageLoopAsync: NotifyDataAvailable remoteEndPoint: 127.0.0.1:53451 localEndPoint: 127.0.0.1:53450
TpTrace Verbose: 0 : 13372, 12, 2021/10/12, 12:43:05.270, 11020321418602, vstest.console.dll, TestRequestSender.OnExecutionMessageReceived: Received message: {"Version":5,"MessageType":"TestExecution.Completed","Payload":{"TestRunCompleteArgs":{"TestRunStatistics":{"ExecutedTests":12,"Stats":{"Passed":12}},"IsCanceled":false,"IsAborted":false,"Error":null,"AttachmentSets":[],"ElapsedTimeInRunningTests":"00:00:00.5899093","Metrics":{}},"LastRunTests":{"NewTestResults":[{"TestCase":{"Id":"72b6aa55-a0d7-200c-2c8e-560e757b291c","FullyQualifiedName":"JokenpoTest.Services.PlayerServiceTest.AddPlayerTest_NotEmail","DisplayName":"AddPlayerTest_NotEmail","ExecutorUri":"executor://NUnit3TestExecutor","Source":"C:\\JokenpoTest\\bin\\Debug\\netcoreapp3.1\\fine-code-coverage\\build-output\\JokenpoTest.dll","CodeFilePath":null,"LineNumber":0,"Properties":[]},"Attachments":[],"Outcome":1,"ErrorMessage":null,"ErrorStackTrace":null,"DisplayName":"AddPlayerTest_NotEmail","Messages":[],"ComputerName":"LAPTOP-POTN3MF7","Duration":"00:00:00.0028230","StartTime":"2021-10-12T15:43:05.2178432+00:00","EndTime":"2021-10-12T15:43:05.2206655+00:00","Properties":[]},{"TestCase":{"Id":"60a0d88a-27b9-09f3-60e1-9c01f085e296","FullyQualifiedName":"JokenpoTest.Services.PlayerServiceTest.DeletarPlayerTest","DisplayName":"DeletarPlayerTest","ExecutorUri":"executor://NUnit3TestExecutor","Source":"C:\\JokenpoTest\\bin\\Debug\\netcoreapp3.1\\fine-code-coverage\\build-output\\JokenpoTest.dll","CodeFilePath":null,"LineNumber":0,"Properties":[]},"Attachments":[],"Outcome":1,"ErrorMessage":null,"ErrorStackTrace":null,"DisplayName":"DeletarPlayerTest","Messages":[],"ComputerName":"LAPTOP-POTN3MF7","Duration":"00:00:00.0036210","StartTime":"2021-10-12T15:43:05.2206802+00:00","EndTime":"2021-10-12T15:43:05.2243002+00:00","Properties":[]},{"TestCase":{"Id":"870685cf-7f38-b2cc-ddea-bbdc726b99ef","FullyQualifiedName":"JokenpoTest.Services.PlayerServiceTest.GetPlayerByIdTest","DisplayName":"GetPlayerByIdTest","ExecutorUri":"executor://NUnit3TestExecutor","Source":"C:\\JokenpoTest\\bin\\Debug\\netcoreapp3.1\\fine-code-coverage\\build-output\\JokenpoTest.dll","CodeFilePath":null,"LineNumber":0,"Properties":[]},"Attachments":[],"Outcome":1,"ErrorMessage":null,"ErrorStackTrace":null,"DisplayName":"GetPlayerByIdTest","Messages":[],"ComputerName":"LAPTOP-POTN3MF7","Duration":"00:00:00.0033420","StartTime":"2021-10-12T15:43:05.2243151+00:00","EndTime":"2021-10-12T15:43:05.2276555+00:00","Properties":[]}],"TestRunStatistics":{"ExecutedTests":12,"Stats":{"Passed":12}},"ActiveTests":[]},"RunAttachments":[],"ExecutorUris":["executor://nunit3testexecutor/"]}}
TpTrace Verbose: 0 : 13372, 12, 2021/10/12, 12:43:05.270, 11020321420076, vstest.console.dll, TestRequestSender.EndSession: Sending end session.
TpTrace Verbose: 0 : 13372, 12, 2021/10/12, 12:43:05.270, 11020321421213, vstest.console.dll, ProxyOperationManager.Close: waiting for test host to exit for 100 ms
TpTrace Warning: 0 : 13372, 10, 2021/10/12, 12:43:05.297, 11020321692376, vstest.console.dll, TestHostManagerCallbacks.ErrorReceivedCallback Test host standard error line: 
TpTrace Verbose: 0 : 13372, 7, 2021/10/12, 12:43:05.303, 11020321749482, vstest.console.dll, TestHostProvider.ExitCallBack: Host exited starting callback.
TpTrace Information: 0 : 13372, 7, 2021/10/12, 12:43:05.304, 11020321753405, vstest.console.dll, TestHostManagerCallbacks.ExitCallBack: Testhost processId: 29688 exited with exitcode: 0 error: ''
TpTrace Verbose: 0 : 13372, 7, 2021/10/12, 12:43:05.304, 11020321753846, vstest.console.dll, DotnetTestHostManager.OnHostExited: invoking OnHostExited callback
TpTrace Verbose: 0 : 13372, 7, 2021/10/12, 12:43:05.304, 11020321754245, vstest.console.dll, CrossPlatEngine.TestHostManagerHostExited: calling on client process exit callback.
TpTrace Information: 0 : 13372, 7, 2021/10/12, 12:43:05.304, 11020321754658, vstest.console.dll, TestRequestSender.OnClientProcessExit: Test host process exited. Standard error: 
TpTrace Information: 0 : 13372, 7, 2021/10/12, 12:43:05.304, 11020321755381, vstest.console.dll, SocketServer.Stop: Stop server endPoint: 127.0.0.1:53450
TpTrace Information: 0 : 13372, 7, 2021/10/12, 12:43:05.304, 11020321755705, vstest.console.dll, SocketServer.Stop: Cancellation requested. Stopping message loop.
TpTrace Warning: 0 : 13372, 12, 2021/10/12, 12:43:05.304, 11020321754698, vstest.console.dll, ProxyOperationManager: Timed out waiting for test host to exit. Will terminate process.
TpTrace Verbose: 0 : 13372, 12, 2021/10/12, 12:43:05.304, 11020321759757, vstest.console.dll, ProxyDataCollectionManager.InvokeDataCollectionServiceAction: Starting.
TpTrace Information: 0 : 13372, 12, 2021/10/12, 12:43:05.304, 11020321760192, vstest.console.dll, ProxyDataCollectionManager.AfterTestRunEnd: Get attachment set for datacollector processId: 15348 port: 53447
TpTrace Verbose: 0 : 13372, 12, 2021/10/12, 12:43:05.304, 11020321760624, vstest.console.dll, DataCollectionRequestSender.SendAfterTestRunStartAndGetResult : Send AfterTestRunEnd message with isCancelled: False
TpTrace Verbose: 0 : 13372, 12, 2021/10/12, 12:43:05.308, 11020321798170, vstest.console.dll, DataCollectionRequestSender.SendAfterTestRunStartAndGetResult : Received message: (DataCollection.AfterTestRunEndResult) -> {
  "AttachmentSets": [],
  "Metrics": {}
}
TpTrace Information: 0 : 13372, 12, 2021/10/12, 12:43:05.310, 11020321819453, vstest.console.dll, ProxyDataCollectionManager.InvokeDataCollectionServiceAction: Completed.
TpTrace Warning: 0 : 13372, 9, 2021/10/12, 12:43:05.313, 11020321852476, vstest.console.dll, DataCollectionLauncher.ErrorReceivedCallback datacollector standard error line: 
TpTrace Information: 0 : 13372, 7, 2021/10/12, 12:43:05.316, 11020321878078, vstest.console.dll, DataCollectionLauncher.ExitCallBack: Data collector exited with exitcode: 0 error: ''
TpTrace Verbose: 0 : 13372, 12, 2021/10/12, 12:43:05.331, 11020322025613, vstest.console.dll, TestRunRequest:SendTestRunStatsChange: Starting.
TpTrace Information: 0 : 13372, 12, 2021/10/12, 12:43:05.331, 11020322026572, vstest.console.dll, TestRunRequest:SendTestRunStatsChange: Completed.
TpTrace Verbose: 0 : 13372, 12, 2021/10/12, 12:43:05.331, 11020322028180, vstest.console.dll, ParallelProxyExecutionManager: HandlePartialRunComplete: Total completed clients = 1, Run complete = True, Run canceled: False.
TpTrace Verbose: 0 : 13372, 12, 2021/10/12, 12:43:05.351, 11020322231917, vstest.console.dll, TestRunRequest:TestRunComplete: Starting. IsAborted:False IsCanceled:False.
TpTrace Verbose: 0 : 13372, 12, 2021/10/12, 12:43:05.352, 11020322233400, vstest.console.dll, TestLoggerManager.HandleTestRunComplete: Ignoring as the object is disposed.
TpTrace Information: 0 : 13372, 12, 2021/10/12, 12:43:05.352, 11020322237709, vstest.console.dll, TestRunRequest:TestRunComplete: Completed.
TpTrace Verbose: 0 : 13372, 1, 2021/10/12, 12:43:05.352, 11020322237907, vstest.console.dll, TestRunRequest.Dispose: Starting.
TpTrace Information: 0 : 13372, 1, 2021/10/12, 12:43:05.352, 11020322239649, vstest.console.dll, TestRunRequest.Dispose: Completed.
TpTrace Verbose: 0 : 13372, 12, 2021/10/12, 12:43:05.352, 11020322238972, vstest.console.dll, TestRequestSender.SetOperationComplete: Setting operation complete.
TpTrace Information: 0 : 13372, 1, 2021/10/12, 12:43:05.352, 11020322240541, vstest.console.dll, TestRequestManager.RunTests: run tests completed.
TpTrace Information: 0 : 13372, 12, 2021/10/12, 12:43:05.352, 11020322241016, vstest.console.dll, SocketServer.Stop: Stop server endPoint: 127.0.0.1:53450
TpTrace Information: 0 : 13372, 12, 2021/10/12, 12:43:05.352, 11020322241884, vstest.console.dll, SocketServer.Stop: Cancellation requested. Stopping message loop.
TpTrace Information: 0 : 13372, 1, 2021/10/12, 12:43:05.352, 11020322242047, vstest.console.dll, RunTestsArgumentProcessor:Execute: Test run is completed.
TpTrace Information: 0 : 13372, 12, 2021/10/12, 12:43:05.352, 11020322242230, vstest.console.dll, SocketServer.PrivateStop: Stop server endPoint: 127.0.0.1:53450 error: 
TpTrace Verbose: 0 : 13372, 1, 2021/10/12, 12:43:05.353, 11020322243747, vstest.console.dll, Executor.Execute: Exiting with exit code of 0
TpTrace Verbose: 0 : 13372, 12, 2021/10/12, 12:43:05.353, 11020322247543, vstest.console.dll, LengthPrefixCommunicationChannel.Dispose: Dispose reader and writer.
