TpTrace Verbose: 0 : 34088, 1, 2021/10/11, 21:16:00.407, 10464072794054, testhost.dll, Version: 16.9.4
TpTrace Information: 0 : 34088, 1, 2021/10/11, 21:16:00.411, 10464072828725, testhost.dll, DefaultEngineInvoker.Invoke: Testhost process started with args :[--port, 63972],[--endpoint, 127.0.0.1:063972],[--role, client],[--parentprocessid, 30532],[--diag, C:\JokenpoTest\bin\Debug\netcoreapp3.1\fine-code-coverage\coverage-tool-output\diagnostics.host.21-10-11_21-16-00_24182_6.log],[--tracelevel, 4],[--datacollectionport, 63971],[--telemetryoptedin, false]
TpTrace Information: 0 : 34088, 1, 2021/10/11, 21:16:00.440, 10464073119230, testhost.dll, Setting up debug trace listener.
TpTrace Verbose: 0 : 34088, 1, 2021/10/11, 21:16:00.440, 10464073121383, testhost.dll, TestPlatformTraceListener.Setup: Replacing listener 0 with TestHostTraceListener.
TpTrace Verbose: 0 : 34088, 1, 2021/10/11, 21:16:00.440, 10464073121838, testhost.dll, TestPlatformTraceListener.Setup: Added test platform trace listener.
TpTrace Information: 0 : 34088, 1, 2021/10/11, 21:16:00.441, 10464073124841, testhost.dll, DefaultEngineInvoker.SetParentProcessExitCallback: Monitoring parent process with id: '30532'
TpTrace Information: 0 : 34088, 1, 2021/10/11, 21:16:00.446, 10464073177583, testhost.dll, DefaultEngineInvoker.GetConnectionInfo: Initialize communication on endpoint address: '127.0.0.1:063972'
TpTrace Information: 0 : 34088, 1, 2021/10/11, 21:16:00.459, 10464073306921, testhost.dll, SocketClient.Start: connecting to server endpoint: 127.0.0.1:063972
TpTrace Information: 0 : 34088, 1, 2021/10/11, 21:16:00.463, 10464073351551, testhost.dll, DefaultEngineInvoker.ConnectToDatacollector: Connecting to datacollector, port: 63971
TpTrace Information: 0 : 34088, 8, 2021/10/11, 21:16:00.466, 10464073374118, testhost.dll, SocketClient.OnServerConnected: connected to server endpoint: 127.0.0.1:063972
TpTrace Information: 0 : 34088, 1, 2021/10/11, 21:16:00.467, 10464073385419, testhost.dll, Trying to connect to server on socket : 127.0.0.1:63971 
TpTrace Verbose: 0 : 34088, 1, 2021/10/11, 21:16:00.467, 10464073389568, testhost.dll, SocketCommunicationManager : SetupClientAsync : Attempting to connect to the server.
TpTrace Verbose: 0 : 34088, 8, 2021/10/11, 21:16:00.468, 10464073394660, testhost.dll, Connected to server, and starting MessageLoopAsync
TpTrace Information: 0 : 34088, 8, 2021/10/11, 21:16:00.469, 10464073405157, testhost.dll, Connected to the server successfully 
TpTrace Information: 0 : 34088, 8, 2021/10/11, 21:16:00.469, 10464073406280, testhost.dll, Using the buffer size of 16384 bytes
TpTrace Information: 0 : 34088, 1, 2021/10/11, 21:16:00.469, 10464073411671, testhost.dll, DefaultEngineInvoker.Invoke: Start Request Processing.
TpTrace Information: 0 : 34088, 12, 2021/10/11, 21:16:00.470, 10464073418999, testhost.dll, DefaultEngineInvoker.StartProcessingAsync: Connected to vstest.console, Starting process requests.
TpTrace Verbose: 0 : 34088, 9, 2021/10/11, 21:16:00.471, 10464073425399, testhost.dll, TcpClientExtensions.MessageLoopAsync: Polling on remoteEndPoint: [::ffff:127.0.0.1]:63972 localEndPoint: [::ffff:127.0.0.1]:63973
TpTrace Verbose: 0 : 34088, 9, 2021/10/11, 21:16:00.471, 10464073428262, testhost.dll, TcpClientExtensions.MessageLoopAsync: NotifyDataAvailable remoteEndPoint: [::ffff:127.0.0.1]:63972 localEndPoint: [::ffff:127.0.0.1]:63973
TpTrace Information: 0 : 34088, 9, 2021/10/11, 21:16:00.581, 10464074526486, testhost.dll, TestRequestHandler.ProcessRequests: received message: (ProtocolVersion) -> 5
TpTrace Verbose: 0 : 34088, 9, 2021/10/11, 21:16:00.606, 10464074779263, testhost.dll, TestRequestHandler.SendData:  sending data from testhost: {"Version":5,"MessageType":"TestSession.Message","Payload":{"MessageLevel":0,"Message":"Registro em log do diagnóstico TestHost no arquivo: C:\\JokenpoTest\\bin\\Debug\\netcoreapp3.1\\fine-code-coverage\\coverage-tool-output\\diagnostics.host.21-10-11_21-16-00_24182_6.log"}}
TpTrace Verbose: 0 : 34088, 9, 2021/10/11, 21:16:00.606, 10464074782257, testhost.dll, TcpClientExtensions.MessageLoopAsync: Polling on remoteEndPoint: [::ffff:127.0.0.1]:63972 localEndPoint: [::ffff:127.0.0.1]:63973
TpTrace Verbose: 0 : 34088, 9, 2021/10/11, 21:16:00.607, 10464074783717, testhost.dll, TcpClientExtensions.MessageLoopAsync: NotifyDataAvailable remoteEndPoint: [::ffff:127.0.0.1]:63972 localEndPoint: [::ffff:127.0.0.1]:63973
TpTrace Information: 0 : 34088, 9, 2021/10/11, 21:16:00.611, 10464074824722, testhost.dll, TestRequestHandler.ProcessRequests: received message: (TestExecution.Initialize) -> [
  "C:\\JokenpoTest\\bin\\Debug\\netcoreapp3.1\\fine-code-coverage\\build-output\\NUnit3.TestAdapter.dll"
]
TpTrace Information: 0 : 34088, 9, 2021/10/11, 21:16:00.611, 10464074825959, testhost.dll, Execution Session Initialize.
TpTrace Verbose: 0 : 34088, 9, 2021/10/11, 21:16:00.619, 10464074909329, testhost.dll, TcpClientExtensions.MessageLoopAsync: Polling on remoteEndPoint: [::ffff:127.0.0.1]:63972 localEndPoint: [::ffff:127.0.0.1]:63973
TpTrace Verbose: 0 : 34088, 9, 2021/10/11, 21:16:00.619, 10464074910540, testhost.dll, TcpClientExtensions.MessageLoopAsync: NotifyDataAvailable remoteEndPoint: [::ffff:127.0.0.1]:63972 localEndPoint: [::ffff:127.0.0.1]:63973
TpTrace Verbose: 0 : 34088, 4, 2021/10/11, 21:16:00.621, 10464074932030, testhost.dll, TestExecutorService: Loading the extensions
TpTrace Information: 0 : 34088, 9, 2021/10/11, 21:16:00.622, 10464074939626, testhost.dll, TestRequestHandler.ProcessRequests: received message: (TestExecution.StartWithSources) -> {
  "AdapterSourceMap": {
    "_none_": [
      "C:\\JokenpoTest\\bin\\Debug\\netcoreapp3.1\\fine-code-coverage\\build-output\\JokenpoTest.dll"
    ]
  },
  "RunSettings": "<RunSettings>\r\n  <RunConfiguration>\r\n    <ResultsDirectory>C:\\JokenpoTest\\bin\\Debug\\netcoreapp3.1\\fine-code-coverage\\coverage-tool-output</ResultsDirectory>\r\n    <TargetPlatform>X64</TargetPlatform>\r\n    <TargetFrameworkVersion>.NETCoreApp,Version=v3.1</TargetFrameworkVersion>\r\n    <DesignMode>False</DesignMode>\r\n    <CollectSourceInformation>False</CollectSourceInformation>\r\n  </RunConfiguration>\r\n  <LoggerRunSettings>\r\n    <Loggers>\r\n      <Logger friendlyName=\"blame\" enabled=\"True\" />\r\n      <Logger friendlyName=\"Console\" uri=\"logger://microsoft/TestPlatform/ConsoleLogger/v1\" assemblyQualifiedName=\"Microsoft.VisualStudio.TestPlatform.CommandLine.Internal.ConsoleLogger, vstest.console, Version=15.0.0.0, Culture=neutral, PublicKeyToken=b03f5f7f11d50a3a\" codeBase=\"C:\\Program Files\\dotnet\\sdk\\5.0.400\\vstest.console.dll\" enabled=\"True\" />\r\n    </Loggers>\r\n  </LoggerRunSettings>\r\n  <DataCollectionRunSettings>\r\n    <DataCollectors>\r\n      <DataCollector friendlyName=\"blame\" enabled=\"True\">\r\n        <Configuration>\r\n          <ResultsDirectory>C:\\JokenpoTest\\bin\\Debug\\netcoreapp3.1\\fine-code-coverage\\coverage-tool-output</ResultsDirectory>\r\n        </Configuration>\r\n      </DataCollector>\r\n    </DataCollectors>\r\n  </DataCollectionRunSettings>\r\n</RunSettings>",
  "TestExecutionContext": {
    "FrequencyOfRunStatsChangeEvent": 10,
    "RunStatsChangeEventTimeout": "00:00:01.5000000",
    "InIsolation": false,
    "KeepAlive": false,
    "AreTestCaseLevelEventsRequired": false,
    "IsDebug": false,
    "TestCaseFilter": null,
    "FilterOptions": null
  },
  "Package": null
}
TpTrace Information: 0 : 34088, 9, 2021/10/11, 21:16:00.622, 10464074940660, testhost.dll, Execution started.
TpTrace Verbose: 0 : 34088, 4, 2021/10/11, 21:16:00.623, 10464074947807, testhost.dll, TestPluginCache.DiscoverTestExtensions: finding test extensions in assemblies ends with: TestAdapter.dll TPluginInfo: Microsoft.VisualStudio.TestPlatform.Common.ExtensionFramework.Utilities.TestExecutorPluginInformation TExtension: Microsoft.VisualStudio.TestPlatform.ObjectModel.Adapter.ITestExecutor
TpTrace Verbose: 0 : 34088, 4, 2021/10/11, 21:16:00.624, 10464074958707, testhost.dll, TestPluginCache.GetExtensionPaths: Filtered extension paths: 
TpTrace Verbose: 0 : 34088, 4, 2021/10/11, 21:16:00.625, 10464074963685, testhost.dll, TestPluginCache.GetExtensionPaths: Added default extension paths: C:\JokenpoTest\bin\Debug\netcoreapp3.1\fine-code-coverage\build-output\NUnit3.TestAdapter.dll
TpTrace Verbose: 0 : 34088, 4, 2021/10/11, 21:16:00.625, 10464074964894, testhost.dll, TestPluginCache.GetExtensionPaths: Added unfilterableExtensionPaths: 
TpTrace Information: 0 : 34088, 4, 2021/10/11, 21:16:00.627, 10464074987095, testhost.dll, AssemblyResolver.ctor: Creating AssemblyResolver with searchDirectories C:\JokenpoTest\bin\Debug\netcoreapp3.1\fine-code-coverage\build-output
TpTrace Verbose: 0 : 34088, 4, 2021/10/11, 21:16:00.628, 10464075002902, testhost.dll, TestPluginCache.DiscoverTestExtensions: Discovering the extensions using extension path.
TpTrace Verbose: 0 : 34088, 4, 2021/10/11, 21:16:00.629, 10464075004152, testhost.dll, TestPluginCache.GetExtensionPaths: Filtered extension paths: 
TpTrace Verbose: 0 : 34088, 4, 2021/10/11, 21:16:00.629, 10464075004487, testhost.dll, TestPluginCache.GetExtensionPaths: Added default extension paths: C:\JokenpoTest\bin\Debug\netcoreapp3.1\fine-code-coverage\build-output\NUnit3.TestAdapter.dll
TpTrace Verbose: 0 : 34088, 4, 2021/10/11, 21:16:00.629, 10464075004770, testhost.dll, TestPluginCache.GetExtensionPaths: Added unfilterableExtensionPaths: 
TpTrace Verbose: 0 : 34088, 4, 2021/10/11, 21:16:00.629, 10464075005302, testhost.dll, TestPluginCache.DiscoverTestExtensions: Discovering the extensions using allExtensionPaths: C:\JokenpoTest\bin\Debug\netcoreapp3.1\fine-code-coverage\build-output\NUnit3.TestAdapter.dll
TpTrace Information: 0 : 34088, 4, 2021/10/11, 21:16:00.629, 10464075012546, testhost.dll, AssemblyResolver.AddSearchDirectories: Adding more searchDirectories C:\JokenpoTest\bin\Debug\netcoreapp3.1\fine-code-coverage\build-output
TpTrace Information: 0 : 34088, 4, 2021/10/11, 21:16:00.634, 10464075055097, testhost.dll, AssemblyResolver.OnResolve: NUnit3.TestAdapter: Resolving assembly.
TpTrace Information: 0 : 34088, 4, 2021/10/11, 21:16:00.635, 10464075068478, testhost.dll, AssemblyResolver.OnResolve: Resolved assembly: NUnit3.TestAdapter, from path: C:\JokenpoTest\bin\Debug\netcoreapp3.1\fine-code-coverage\build-output\NUnit3.TestAdapter.dll
TpTrace Information: 0 : 34088, 4, 2021/10/11, 21:16:00.638, 10464075095386, testhost.dll, AssemblyResolver.OnResolve: nunit.engine.api: Resolving assembly.
TpTrace Information: 0 : 34088, 4, 2021/10/11, 21:16:00.638, 10464075101651, testhost.dll, AssemblyResolver.OnResolve: Resolved assembly: nunit.engine.api, from path: C:\JokenpoTest\bin\Debug\netcoreapp3.1\fine-code-coverage\build-output\nunit.engine.api.dll
TpTrace Verbose: 0 : 34088, 4, 2021/10/11, 21:16:00.643, 10464075147035, testhost.dll, TestPluginCache: Discovered the extensions using extension path ''.
TpTrace Verbose: 0 : 34088, 4, 2021/10/11, 21:16:00.643, 10464075151239, testhost.dll, TestPluginCache: Discoverers are ''.
TpTrace Verbose: 0 : 34088, 4, 2021/10/11, 21:16:00.643, 10464075151970, testhost.dll, TestPluginCache: Executors are 'executor://NUnit3TestExecutor'.
TpTrace Verbose: 0 : 34088, 4, 2021/10/11, 21:16:00.643, 10464075152524, testhost.dll, TestPluginCache: Executors2 are ''.
TpTrace Verbose: 0 : 34088, 4, 2021/10/11, 21:16:00.643, 10464075153044, testhost.dll, TestPluginCache: Setting providers are ''.
TpTrace Verbose: 0 : 34088, 4, 2021/10/11, 21:16:00.644, 10464075153499, testhost.dll, TestPluginCache: Loggers are ''.
TpTrace Verbose: 0 : 34088, 9, 2021/10/11, 21:16:00.644, 10464075161922, testhost.dll, TcpClientExtensions.MessageLoopAsync: Polling on remoteEndPoint: [::ffff:127.0.0.1]:63972 localEndPoint: [::ffff:127.0.0.1]:63973
TpTrace Verbose: 0 : 34088, 4, 2021/10/11, 21:16:00.646, 10464075182175, testhost.dll, TestPluginCache.DiscoverTestExtensions: finding test extensions in assemblies ends with: TestAdapter.dll TPluginInfo: Microsoft.VisualStudio.TestPlatform.Common.ExtensionFramework.Utilities.TestExecutorPluginInformation2 TExtension: Microsoft.VisualStudio.TestPlatform.ObjectModel.Adapter.ITestExecutor2
TpTrace Verbose: 0 : 34088, 4, 2021/10/11, 21:16:00.647, 10464075184751, testhost.dll, TestPluginCache.GetExtensionPaths: Filtered extension paths: 
TpTrace Verbose: 0 : 34088, 4, 2021/10/11, 21:16:00.647, 10464075185202, testhost.dll, TestPluginCache.GetExtensionPaths: Added default extension paths: C:\JokenpoTest\bin\Debug\netcoreapp3.1\fine-code-coverage\build-output\NUnit3.TestAdapter.dll
TpTrace Verbose: 0 : 34088, 4, 2021/10/11, 21:16:00.647, 10464075185515, testhost.dll, TestPluginCache.GetExtensionPaths: Added unfilterableExtensionPaths: 
TpTrace Information: 0 : 34088, 4, 2021/10/11, 21:16:00.647, 10464075187295, testhost.dll, AssemblyResolver.AddSearchDirectories: Adding more searchDirectories C:\JokenpoTest\bin\Debug\netcoreapp3.1\fine-code-coverage\build-output
TpTrace Verbose: 0 : 34088, 4, 2021/10/11, 21:16:00.647, 10464075187747, testhost.dll, TestPluginCache.DiscoverTestExtensions: Discovering the extensions using extension path.
TpTrace Verbose: 0 : 34088, 4, 2021/10/11, 21:16:00.647, 10464075188006, testhost.dll, TestPluginCache.GetExtensionPaths: Filtered extension paths: 
TpTrace Verbose: 0 : 34088, 4, 2021/10/11, 21:16:00.647, 10464075188220, testhost.dll, TestPluginCache.GetExtensionPaths: Added default extension paths: C:\JokenpoTest\bin\Debug\netcoreapp3.1\fine-code-coverage\build-output\NUnit3.TestAdapter.dll
TpTrace Verbose: 0 : 34088, 4, 2021/10/11, 21:16:00.647, 10464075188464, testhost.dll, TestPluginCache.GetExtensionPaths: Added unfilterableExtensionPaths: 
TpTrace Verbose: 0 : 34088, 4, 2021/10/11, 21:16:00.647, 10464075188694, testhost.dll, TestPluginCache.DiscoverTestExtensions: Discovering the extensions using allExtensionPaths: C:\JokenpoTest\bin\Debug\netcoreapp3.1\fine-code-coverage\build-output\NUnit3.TestAdapter.dll
TpTrace Information: 0 : 34088, 4, 2021/10/11, 21:16:00.647, 10464075189018, testhost.dll, AssemblyResolver.AddSearchDirectories: Adding more searchDirectories C:\JokenpoTest\bin\Debug\netcoreapp3.1\fine-code-coverage\build-output
TpTrace Verbose: 0 : 34088, 4, 2021/10/11, 21:16:00.647, 10464075191269, testhost.dll, TestPluginCache: Discovered the extensions using extension path ''.
TpTrace Verbose: 0 : 34088, 4, 2021/10/11, 21:16:00.647, 10464075191627, testhost.dll, TestPluginCache: Discoverers are ''.
TpTrace Verbose: 0 : 34088, 4, 2021/10/11, 21:16:00.647, 10464075191914, testhost.dll, TestPluginCache: Executors are 'executor://NUnit3TestExecutor'.
TpTrace Verbose: 0 : 34088, 4, 2021/10/11, 21:16:00.647, 10464075192397, testhost.dll, TestPluginCache: Executors2 are ''.
TpTrace Verbose: 0 : 34088, 4, 2021/10/11, 21:16:00.647, 10464075192654, testhost.dll, TestPluginCache: Setting providers are ''.
TpTrace Verbose: 0 : 34088, 4, 2021/10/11, 21:16:00.647, 10464075192858, testhost.dll, TestPluginCache: Loggers are ''.
TpTrace Information: 0 : 34088, 4, 2021/10/11, 21:16:00.651, 10464075231098, testhost.dll, TestPluginManager.CreateTestExtension: Attempting to load test extension: NUnit.VisualStudio.TestAdapter.NUnit3TestExecutor
TpTrace Verbose: 0 : 34088, 4, 2021/10/11, 21:16:00.652, 10464075236922, testhost.dll, TestExecutorExtensionManager: Loading executor NUnit.VisualStudio.TestAdapter.NUnit3TestExecutor
TpTrace Verbose: 0 : 34088, 4, 2021/10/11, 21:16:00.652, 10464075237386, testhost.dll, TestExecutorService: Loaded the executors
TpTrace Verbose: 0 : 34088, 4, 2021/10/11, 21:16:00.653, 10464075244939, testhost.dll, TestPluginCache.DiscoverTestExtensions: finding test extensions in assemblies ends with: TestAdapter.dll TPluginInfo: Microsoft.VisualStudio.TestPlatform.Common.ExtensionFramework.Utilities.TestSettingsProviderPluginInformation TExtension: Microsoft.VisualStudio.TestPlatform.ObjectModel.Adapter.ISettingsProvider
TpTrace Verbose: 0 : 34088, 4, 2021/10/11, 21:16:00.653, 10464075245820, testhost.dll, TestPluginCache.GetExtensionPaths: Filtered extension paths: 
TpTrace Verbose: 0 : 34088, 4, 2021/10/11, 21:16:00.653, 10464075246220, testhost.dll, TestPluginCache.GetExtensionPaths: Added default extension paths: C:\JokenpoTest\bin\Debug\netcoreapp3.1\fine-code-coverage\build-output\NUnit3.TestAdapter.dll
TpTrace Verbose: 0 : 34088, 4, 2021/10/11, 21:16:00.653, 10464075246895, testhost.dll, TestPluginCache.GetExtensionPaths: Added unfilterableExtensionPaths: 
TpTrace Information: 0 : 34088, 4, 2021/10/11, 21:16:00.653, 10464075248295, testhost.dll, AssemblyResolver.AddSearchDirectories: Adding more searchDirectories C:\JokenpoTest\bin\Debug\netcoreapp3.1\fine-code-coverage\build-output
TpTrace Verbose: 0 : 34088, 4, 2021/10/11, 21:16:00.653, 10464075248808, testhost.dll, TestPluginCache.DiscoverTestExtensions: Discovering the extensions using extension path.
TpTrace Verbose: 0 : 34088, 4, 2021/10/11, 21:16:00.653, 10464075249097, testhost.dll, TestPluginCache.GetExtensionPaths: Filtered extension paths: 
TpTrace Verbose: 0 : 34088, 4, 2021/10/11, 21:16:00.653, 10464075249312, testhost.dll, TestPluginCache.GetExtensionPaths: Added default extension paths: C:\JokenpoTest\bin\Debug\netcoreapp3.1\fine-code-coverage\build-output\NUnit3.TestAdapter.dll
TpTrace Verbose: 0 : 34088, 4, 2021/10/11, 21:16:00.653, 10464075249566, testhost.dll, TestPluginCache.GetExtensionPaths: Added unfilterableExtensionPaths: 
TpTrace Verbose: 0 : 34088, 4, 2021/10/11, 21:16:00.653, 10464075249808, testhost.dll, TestPluginCache.DiscoverTestExtensions: Discovering the extensions using allExtensionPaths: C:\JokenpoTest\bin\Debug\netcoreapp3.1\fine-code-coverage\build-output\NUnit3.TestAdapter.dll
TpTrace Information: 0 : 34088, 4, 2021/10/11, 21:16:00.653, 10464075250196, testhost.dll, AssemblyResolver.AddSearchDirectories: Adding more searchDirectories C:\JokenpoTest\bin\Debug\netcoreapp3.1\fine-code-coverage\build-output
TpTrace Verbose: 0 : 34088, 4, 2021/10/11, 21:16:00.653, 10464075252669, testhost.dll, TestPluginCache: Discovered the extensions using extension path ''.
TpTrace Verbose: 0 : 34088, 4, 2021/10/11, 21:16:00.653, 10464075253140, testhost.dll, TestPluginCache: Discoverers are ''.
TpTrace Verbose: 0 : 34088, 4, 2021/10/11, 21:16:00.654, 10464075253373, testhost.dll, TestPluginCache: Executors are 'executor://NUnit3TestExecutor'.
TpTrace Verbose: 0 : 34088, 4, 2021/10/11, 21:16:00.654, 10464075253588, testhost.dll, TestPluginCache: Executors2 are ''.
TpTrace Verbose: 0 : 34088, 4, 2021/10/11, 21:16:00.654, 10464075253896, testhost.dll, TestPluginCache: Setting providers are ''.
TpTrace Verbose: 0 : 34088, 4, 2021/10/11, 21:16:00.654, 10464075254113, testhost.dll, TestPluginCache: Loggers are ''.
TpTrace Verbose: 0 : 34088, 4, 2021/10/11, 21:16:00.654, 10464075262057, testhost.dll, TestExecutorService: Loaded the settings providers
TpTrace Information: 0 : 34088, 4, 2021/10/11, 21:16:00.654, 10464075262575, testhost.dll, TestExecutorService: Loaded the extensions
TpTrace Information: 0 : 34088, 4, 2021/10/11, 21:16:00.721, 10464075925956, testhost.dll, TestDiscoveryManager: Discovering tests from sources C:\JokenpoTest\bin\Debug\netcoreapp3.1\fine-code-coverage\build-output\JokenpoTest.dll
TpTrace Verbose: 0 : 34088, 4, 2021/10/11, 21:16:00.722, 10464075943143, testhost.dll, TestPluginCache.DiscoverTestExtensions: finding test extensions in assemblies ends with: TestAdapter.dll TPluginInfo: Microsoft.VisualStudio.TestPlatform.Common.ExtensionFramework.Utilities.TestDiscovererPluginInformation TExtension: Microsoft.VisualStudio.TestPlatform.ObjectModel.Adapter.ITestDiscoverer
TpTrace Verbose: 0 : 34088, 4, 2021/10/11, 21:16:00.723, 10464075944132, testhost.dll, TestPluginCache.GetExtensionPaths: Filtered extension paths: 
TpTrace Verbose: 0 : 34088, 4, 2021/10/11, 21:16:00.723, 10464075944554, testhost.dll, TestPluginCache.GetExtensionPaths: Added default extension paths: C:\JokenpoTest\bin\Debug\netcoreapp3.1\fine-code-coverage\build-output\NUnit3.TestAdapter.dll
TpTrace Verbose: 0 : 34088, 4, 2021/10/11, 21:16:00.723, 10464075944805, testhost.dll, TestPluginCache.GetExtensionPaths: Added unfilterableExtensionPaths: 
TpTrace Information: 0 : 34088, 4, 2021/10/11, 21:16:00.723, 10464075945904, testhost.dll, AssemblyResolver.AddSearchDirectories: Adding more searchDirectories C:\JokenpoTest\bin\Debug\netcoreapp3.1\fine-code-coverage\build-output
TpTrace Verbose: 0 : 34088, 4, 2021/10/11, 21:16:00.723, 10464075946340, testhost.dll, TestPluginCache.DiscoverTestExtensions: Discovering the extensions using extension path.
TpTrace Verbose: 0 : 34088, 4, 2021/10/11, 21:16:00.723, 10464075946616, testhost.dll, TestPluginCache.GetExtensionPaths: Filtered extension paths: 
TpTrace Verbose: 0 : 34088, 4, 2021/10/11, 21:16:00.723, 10464075946833, testhost.dll, TestPluginCache.GetExtensionPaths: Added default extension paths: C:\JokenpoTest\bin\Debug\netcoreapp3.1\fine-code-coverage\build-output\NUnit3.TestAdapter.dll
TpTrace Verbose: 0 : 34088, 4, 2021/10/11, 21:16:00.723, 10464075947035, testhost.dll, TestPluginCache.GetExtensionPaths: Added unfilterableExtensionPaths: 
TpTrace Verbose: 0 : 34088, 4, 2021/10/11, 21:16:00.723, 10464075947304, testhost.dll, TestPluginCache.DiscoverTestExtensions: Discovering the extensions using allExtensionPaths: C:\JokenpoTest\bin\Debug\netcoreapp3.1\fine-code-coverage\build-output\NUnit3.TestAdapter.dll
TpTrace Information: 0 : 34088, 4, 2021/10/11, 21:16:00.723, 10464075947620, testhost.dll, AssemblyResolver.AddSearchDirectories: Adding more searchDirectories C:\JokenpoTest\bin\Debug\netcoreapp3.1\fine-code-coverage\build-output
TpTrace Information: 0 : 34088, 4, 2021/10/11, 21:16:00.725, 10464075967736, testhost.dll, AssemblyResolver.OnResolve: System.ComponentModel.Primitives.resources: Resolving assembly.
TpTrace Information: 0 : 34088, 4, 2021/10/11, 21:16:00.725, 10464075969252, testhost.dll, AssemblyResolver.OnResolve: System.ComponentModel.Primitives.resources: Failed to load assembly.
TpTrace Verbose: 0 : 34088, 4, 2021/10/11, 21:16:00.726, 10464075975381, testhost.dll, CurrentDomain_AssemblyResolve: Resolving assembly 'System.ComponentModel.Primitives.resources'.
TpTrace Information: 0 : 34088, 4, 2021/10/11, 21:16:00.726, 10464075976249, testhost.dll, AssemblyResolver.OnResolve: System.ComponentModel.Primitives.resources: Resolving assembly.
TpTrace Information: 0 : 34088, 4, 2021/10/11, 21:16:00.726, 10464075976606, testhost.dll, AssemblyResolver.OnResolve: System.ComponentModel.Primitives.resources: Resolved from cache.
TpTrace Verbose: 0 : 34088, 4, 2021/10/11, 21:16:00.726, 10464075976895, testhost.dll, CurrentDomain_AssemblyResolve: Resolving assembly 'System.ComponentModel.Primitives.resources'.
TpTrace Verbose: 0 : 34088, 4, 2021/10/11, 21:16:00.726, 10464075977199, testhost.dll, CurrentDomainAssemblyResolve: Failed to resolve assembly 'System.ComponentModel.Primitives.resources'.
TpTrace Verbose: 0 : 34088, 4, 2021/10/11, 21:16:00.727, 10464075983806, testhost.dll, CurrentDomainAssemblyResolve: Failed to resolve assembly 'System.ComponentModel.Primitives.resources'.
TpTrace Information: 0 : 34088, 4, 2021/10/11, 21:16:00.727, 10464075986369, testhost.dll, AssemblyResolver.OnResolve: System.ComponentModel.Primitives.resources: Resolving assembly.
TpTrace Information: 0 : 34088, 4, 2021/10/11, 21:16:00.727, 10464075986721, testhost.dll, AssemblyResolver.OnResolve: System.ComponentModel.Primitives.resources: Resolved from cache.
TpTrace Verbose: 0 : 34088, 4, 2021/10/11, 21:16:00.727, 10464075987013, testhost.dll, CurrentDomain_AssemblyResolve: Resolving assembly 'System.ComponentModel.Primitives.resources'.
TpTrace Verbose: 0 : 34088, 4, 2021/10/11, 21:16:00.727, 10464075987243, testhost.dll, CurrentDomainAssemblyResolve: Failed to resolve assembly 'System.ComponentModel.Primitives.resources'.
TpTrace Verbose: 0 : 34088, 4, 2021/10/11, 21:16:00.728, 10464075994408, testhost.dll, TestPluginCache: Discovered the extensions using extension path ''.
TpTrace Verbose: 0 : 34088, 4, 2021/10/11, 21:16:00.728, 10464075994985, testhost.dll, TestPluginCache: Discoverers are 'NUnit.VisualStudio.TestAdapter.NUnit3TestDiscoverer, NUnit3.TestAdapter, Version=3.17.0.0, Culture=neutral, PublicKeyToken=4cb40d35494691ac'.
TpTrace Verbose: 0 : 34088, 4, 2021/10/11, 21:16:00.728, 10464075995248, testhost.dll, TestPluginCache: Executors are 'executor://NUnit3TestExecutor'.
TpTrace Verbose: 0 : 34088, 4, 2021/10/11, 21:16:00.728, 10464075995536, testhost.dll, TestPluginCache: Executors2 are ''.
TpTrace Verbose: 0 : 34088, 4, 2021/10/11, 21:16:00.728, 10464075995837, testhost.dll, TestPluginCache: Setting providers are ''.
TpTrace Verbose: 0 : 34088, 4, 2021/10/11, 21:16:00.728, 10464075996050, testhost.dll, TestPluginCache: Loggers are ''.
TpTrace Information: 0 : 34088, 4, 2021/10/11, 21:16:00.734, 10464076061337, testhost.dll, PEReaderHelper.GetAssemblyType: Determined assemblyType:'Managed' for source: 'C:\JokenpoTest\bin\Debug\netcoreapp3.1\fine-code-coverage\build-output\JokenpoTest.dll'
TpTrace Verbose: 0 : 34088, 4, 2021/10/11, 21:16:00.739, 10464076109997, testhost.dll, BaseRunTests.RunTestInternalWithExecutors: Running tests for executor://NUnit3TestExecutor
TpTrace Information: 0 : 34088, 4, 2021/10/11, 21:16:00.741, 10464076123454, testhost.dll, AssemblyResolver.OnResolve: nunit.engine: Resolving assembly.
TpTrace Information: 0 : 34088, 4, 2021/10/11, 21:16:00.741, 10464076128447, testhost.dll, AssemblyResolver.OnResolve: Resolved assembly: nunit.engine, from path: C:\JokenpoTest\bin\Debug\netcoreapp3.1\fine-code-coverage\build-output\nunit.engine.dll
TpTrace Information: 0 : 34088, 4, 2021/10/11, 21:16:00.741, 10464076129237, testhost.dll, AssemblyResolver.OnResolve: nunit.engine.core: Resolving assembly.
TpTrace Information: 0 : 34088, 4, 2021/10/11, 21:16:00.741, 10464076132920, testhost.dll, AssemblyResolver.OnResolve: Resolved assembly: nunit.engine.core, from path: C:\JokenpoTest\bin\Debug\netcoreapp3.1\fine-code-coverage\build-output\nunit.engine.core.dll
TpTrace Information: 0 : 34088, 4, 2021/10/11, 21:16:00.750, 10464076215399, testhost.dll, NUnit Adapter 3.17.0.0: Test execution started
TpTrace Verbose: 0 : 34088, 4, 2021/10/11, 21:16:00.750, 10464076217056, testhost.dll, TestRequestHandler.SendData:  sending data from testhost: {"Version":5,"MessageType":"TestSession.Message","Payload":{"MessageLevel":0,"Message":"NUnit Adapter 3.17.0.0: Test execution started"}}
TpTrace Information: 0 : 34088, 4, 2021/10/11, 21:16:00.777, 10464076492958, testhost.dll, Running all tests in C:\JokenpoTest\bin\Debug\netcoreapp3.1\fine-code-coverage\build-output\JokenpoTest.dll
TpTrace Verbose: 0 : 34088, 4, 2021/10/11, 21:16:00.778, 10464076494356, testhost.dll, TestRequestHandler.SendData:  sending data from testhost: {"Version":5,"MessageType":"TestSession.Message","Payload":{"MessageLevel":0,"Message":"Running all tests in C:\\JokenpoTest\\bin\\Debug\\netcoreapp3.1\\fine-code-coverage\\build-output\\JokenpoTest.dll"}}
TpTrace Information: 0 : 34088, 4, 2021/10/11, 21:16:00.790, 10464076617594, testhost.dll, AssemblyResolver.OnResolve: Mono.Cecil: Resolving assembly.
TpTrace Information: 0 : 34088, 4, 2021/10/11, 21:16:00.790, 10464076620405, testhost.dll, AssemblyResolver.OnResolve: Mono.Cecil: Failed to load assembly.
TpTrace Information: 0 : 34088, 4, 2021/10/11, 21:16:00.986, 10464078579382, testhost.dll,    NUnit3TestExecutor discovered 5 of 5 NUnit test cases
TpTrace Verbose: 0 : 34088, 4, 2021/10/11, 21:16:00.986, 10464078581107, testhost.dll, TestRequestHandler.SendData:  sending data from testhost: {"Version":5,"MessageType":"TestSession.Message","Payload":{"MessageLevel":0,"Message":"   NUnit3TestExecutor discovered 5 of 5 NUnit test cases"}}
TpTrace Verbose: 0 : 34088, 13, 2021/10/11, 21:16:01.016, 10464078879857, testhost.dll, TestExecutionRecorder.RecordStart: Starting test: JokenpoTest.Repositories.RepositoryMatchTest.AddMatchTest_IsSucess.
TpTrace Verbose: 0 : 34088, 13, 2021/10/11, 21:16:01.129, 10464080012191, testhost.dll, TestExecutionRecorder.RecordEnd: test: JokenpoTest.Repositories.RepositoryMatchTest.AddMatchTest_IsSucess execution completed.
TpTrace Verbose: 0 : 34088, 13, 2021/10/11, 21:16:01.142, 10464080142718, testhost.dll, TestExecutionRecorder.RecordResult: Received result for test: JokenpoTest.Repositories.RepositoryMatchTest.AddMatchTest_IsSucess.
TpTrace Warning: 0 : 34088, 13, 2021/10/11, 21:16:01.145, 10464080172352, testhost.dll, TestRunCache: InProgressTests is null
TpTrace Warning: 0 : 34088, 13, 2021/10/11, 21:16:01.146, 10464080173936, testhost.dll, TestRunCache: No test found corresponding to testResult 'AddMatchTest_IsSucess' in inProgress list.
TpTrace Verbose: 0 : 34088, 13, 2021/10/11, 21:16:01.146, 10464080175129, testhost.dll, TestExecutionRecorder.RecordStart: Starting test: JokenpoTest.Repositories.RepositoryMatchTest.GetMatchByIdTest_IsSucess.
TpTrace Verbose: 0 : 34088, 13, 2021/10/11, 21:16:01.147, 10464080186204, testhost.dll, TestExecutionRecorder.RecordEnd: test: JokenpoTest.Repositories.RepositoryMatchTest.GetMatchByIdTest_IsSucess execution completed.
TpTrace Verbose: 0 : 34088, 13, 2021/10/11, 21:16:01.148, 10464080193782, testhost.dll, TestExecutionRecorder.RecordResult: Received result for test: JokenpoTest.Repositories.RepositoryMatchTest.GetMatchByIdTest_IsSucess.
TpTrace Warning: 0 : 34088, 13, 2021/10/11, 21:16:01.148, 10464080194501, testhost.dll, TestRunCache: InProgressTests is null
TpTrace Warning: 0 : 34088, 13, 2021/10/11, 21:16:01.148, 10464080194775, testhost.dll, TestRunCache: No test found corresponding to testResult 'GetMatchByIdTest_IsSucess' in inProgress list.
TpTrace Verbose: 0 : 34088, 13, 2021/10/11, 21:16:01.148, 10464080195456, testhost.dll, TestExecutionRecorder.RecordStart: Starting test: JokenpoTest.Repositories.RepositoryMatchTest.GetOpenMatchTest.
TpTrace Verbose: 0 : 34088, 13, 2021/10/11, 21:16:01.148, 10464080202333, testhost.dll, TestExecutionRecorder.RecordEnd: test: JokenpoTest.Repositories.RepositoryMatchTest.GetOpenMatchTest execution completed.
TpTrace Verbose: 0 : 34088, 13, 2021/10/11, 21:16:01.149, 10464080208089, testhost.dll, TestExecutionRecorder.RecordResult: Received result for test: JokenpoTest.Repositories.RepositoryMatchTest.GetOpenMatchTest.
TpTrace Warning: 0 : 34088, 13, 2021/10/11, 21:16:01.149, 10464080208672, testhost.dll, TestRunCache: InProgressTests is null
TpTrace Warning: 0 : 34088, 13, 2021/10/11, 21:16:01.149, 10464080208939, testhost.dll, TestRunCache: No test found corresponding to testResult 'GetOpenMatchTest' in inProgress list.
TpTrace Verbose: 0 : 34088, 13, 2021/10/11, 21:16:01.150, 10464080216146, testhost.dll, TestExecutionRecorder.RecordStart: Starting test: JokenpoTest.RepositoryPlayerTest.AddPlayerTest_IsSucess.
TpTrace Verbose: 0 : 34088, 13, 2021/10/11, 21:16:01.287, 10464081583444, testhost.dll, TestExecutionRecorder.RecordEnd: test: JokenpoTest.RepositoryPlayerTest.AddPlayerTest_IsSucess execution completed.
TpTrace Verbose: 0 : 34088, 13, 2021/10/11, 21:16:01.288, 10464081593970, testhost.dll, TestExecutionRecorder.RecordResult: Received result for test: JokenpoTest.RepositoryPlayerTest.AddPlayerTest_IsSucess.
TpTrace Warning: 0 : 34088, 13, 2021/10/11, 21:16:01.288, 10464081594756, testhost.dll, TestRunCache: InProgressTests is null
TpTrace Warning: 0 : 34088, 13, 2021/10/11, 21:16:01.288, 10464081595032, testhost.dll, TestRunCache: No test found corresponding to testResult 'AddPlayerTest_IsSucess' in inProgress list.
TpTrace Verbose: 0 : 34088, 13, 2021/10/11, 21:16:01.288, 10464081596185, testhost.dll, TestExecutionRecorder.RecordStart: Starting test: JokenpoTest.RepositoryPlayerTest.GetPlayerByIdTest_IsSucess.
TpTrace Verbose: 0 : 34088, 13, 2021/10/11, 21:16:01.291, 10464081630828, testhost.dll, TestExecutionRecorder.RecordEnd: test: JokenpoTest.RepositoryPlayerTest.GetPlayerByIdTest_IsSucess execution completed.
TpTrace Verbose: 0 : 34088, 13, 2021/10/11, 21:16:01.292, 10464081640877, testhost.dll, TestExecutionRecorder.RecordResult: Received result for test: JokenpoTest.RepositoryPlayerTest.GetPlayerByIdTest_IsSucess.
TpTrace Warning: 0 : 34088, 13, 2021/10/11, 21:16:01.292, 10464081641865, testhost.dll, TestRunCache: InProgressTests is null
TpTrace Warning: 0 : 34088, 13, 2021/10/11, 21:16:01.292, 10464081642127, testhost.dll, TestRunCache: No test found corresponding to testResult 'GetPlayerByIdTest_IsSucess' in inProgress list.
TpTrace Information: 0 : 34088, 4, 2021/10/11, 21:16:01.295, 10464081668321, testhost.dll, NUnit Adapter 3.17.0.0: Test execution complete
TpTrace Verbose: 0 : 34088, 4, 2021/10/11, 21:16:01.295, 10464081670112, testhost.dll, TestRequestHandler.SendData:  sending data from testhost: {"Version":5,"MessageType":"TestSession.Message","Payload":{"MessageLevel":0,"Message":"NUnit Adapter 3.17.0.0: Test execution complete"}}
TpTrace Verbose: 0 : 34088, 4, 2021/10/11, 21:16:01.301, 10464081723937, testhost.dll, BaseRunTests.RunTestInternalWithExecutors: Completed running tests for executor://NUnit3TestExecutor
TpTrace Information: 0 : 34088, 4, 2021/10/11, 21:16:01.304, 10464081759346, testhost.dll, Sending test run complete
TpTrace Verbose: 0 : 34088, 4, 2021/10/11, 21:16:01.341, 10464082126974, testhost.dll, TestRequestHandler.SendData:  sending data from testhost: {"Version":5,"MessageType":"TestExecution.Completed","Payload":{"TestRunCompleteArgs":{"TestRunStatistics":{"ExecutedTests":5,"Stats":{"Passed":5}},"IsCanceled":false,"IsAborted":false,"Error":null,"AttachmentSets":[],"ElapsedTimeInRunningTests":"00:00:00.5651749","Metrics":{}},"LastRunTests":{"NewTestResults":[{"TestCase":{"Id":"58f2a5c5-5186-9902-3bd9-5b6b518337f0","FullyQualifiedName":"JokenpoTest.Repositories.RepositoryMatchTest.AddMatchTest_IsSucess","DisplayName":"AddMatchTest_IsSucess","ExecutorUri":"executor://NUnit3TestExecutor","Source":"C:\\JokenpoTest\\bin\\Debug\\netcoreapp3.1\\fine-code-coverage\\build-output\\JokenpoTest.dll","CodeFilePath":null,"LineNumber":0,"Properties":[]},"Attachments":[],"Outcome":1,"ErrorMessage":null,"ErrorStackTrace":null,"DisplayName":"AddMatchTest_IsSucess","Messages":[],"ComputerName":"LAPTOP-POTN3MF7","Duration":"00:00:00.1040250","StartTime":"2021-10-12T00:16:01.0157121+00:00","EndTime":"2021-10-12T00:16:01.1196494+00:00","Properties":[]},{"TestCase":{"Id":"4f32846b-35af-8b97-b072-79182fada606","FullyQualifiedName":"JokenpoTest.Repositories.RepositoryMatchTest.GetMatchByIdTest_IsSucess","DisplayName":"GetMatchByIdTest_IsSucess","ExecutorUri":"executor://NUnit3TestExecutor","Source":"C:\\JokenpoTest\\bin\\Debug\\netcoreapp3.1\\fine-code-coverage\\build-output\\JokenpoTest.dll","CodeFilePath":null,"LineNumber":0,"Properties":[]},"Attachments":[],"Outcome":1,"ErrorMessage":null,"ErrorStackTrace":null,"DisplayName":"GetMatchByIdTest_IsSucess","Messages":[],"ComputerName":"LAPTOP-POTN3MF7","Duration":"00:00:00.0013060","StartTime":"2021-10-12T00:16:01.121759+00:00","EndTime":"2021-10-12T00:16:01.1230636+00:00","Properties":[]},{"TestCase":{"Id":"55350e06-373e-d97c-3e48-be9d57947a72","FullyQualifiedName":"JokenpoTest.Repositories.RepositoryMatchTest.GetOpenMatchTest","DisplayName":"GetOpenMatchTest","ExecutorUri":"executor://NUnit3TestExecutor","Source":"C:\\JokenpoTest\\bin\\Debug\\netcoreapp3.1\\fine-code-coverage\\build-output\\JokenpoTest.dll","CodeFilePath":null,"LineNumber":0,"Properties":[]},"Attachments":[],"Outcome":1,"ErrorMessage":null,"ErrorStackTrace":null,"DisplayName":"GetOpenMatchTest","Messages":[],"ComputerName":"LAPTOP-POTN3MF7","Duration":"00:00:00.0117030","StartTime":"2021-10-12T00:16:01.1231069+00:00","EndTime":"2021-10-12T00:16:01.1348077+00:00","Properties":[]},{"TestCase":{"Id":"3a9360a4-542b-7150-c2ad-3194b0fab7ed","FullyQualifiedName":"JokenpoTest.RepositoryPlayerTest.AddPlayerTest_IsSucess","DisplayName":"AddPlayerTest_IsSucess","ExecutorUri":"executor://NUnit3TestExecutor","Source":"C:\\JokenpoTest\\bin\\Debug\\netcoreapp3.1\\fine-code-coverage\\build-output\\JokenpoTest.dll","CodeFilePath":null,"LineNumber":0,"Properties":[]},"Attachments":[],"Outcome":1,"ErrorMessage":null,"ErrorStackTrace":null,"DisplayName":"AddPlayerTest_IsSucess","Messages":[],"ComputerName":"LAPTOP-POTN3MF7","Duration":"00:00:00.1496660","StartTime":"2021-10-12T00:16:01.137142+00:00","EndTime":"2021-10-12T00:16:01.2868057+00:00","Properties":[]},{"TestCase":{"Id":"32c7db70-c372-cbd2-6e27-3867f97beca9","FullyQualifiedName":"JokenpoTest.RepositoryPlayerTest.GetPlayerByIdTest_IsSucess","DisplayName":"GetPlayerByIdTest_IsSucess","ExecutorUri":"executor://NUnit3TestExecutor","Source":"C:\\JokenpoTest\\bin\\Debug\\netcoreapp3.1\\fine-code-coverage\\build-output\\JokenpoTest.dll","CodeFilePath":null,"LineNumber":0,"Properties":[]},"Attachments":[],"Outcome":1,"ErrorMessage":null,"ErrorStackTrace":null,"DisplayName":"GetPlayerByIdTest_IsSucess","Messages":[],"ComputerName":"LAPTOP-POTN3MF7","Duration":"00:00:00.0047219","StartTime":"2021-10-12T00:16:01.2868303+00:00","EndTime":"2021-10-12T00:16:01.2915495+00:00","Properties":[]}],"TestRunStatistics":{"ExecutedTests":5,"Stats":{"Passed":5}},"ActiveTests":[]},"RunAttachments":[],"ExecutorUris":["executor://nunit3testexecutor/"]}}
TpTrace Verbose: 0 : 34088, 4, 2021/10/11, 21:16:01.341, 10464082129928, testhost.dll, BaseRunTests.RunTests: Run is complete.
TpTrace Verbose: 0 : 34088, 9, 2021/10/11, 21:16:01.343, 10464082151014, testhost.dll, TcpClientExtensions.MessageLoopAsync: NotifyDataAvailable remoteEndPoint: [::ffff:127.0.0.1]:63972 localEndPoint: [::ffff:127.0.0.1]:63973
TpTrace Information: 0 : 34088, 9, 2021/10/11, 21:16:01.343, 10464082152345, testhost.dll, TestRequestHandler.ProcessRequests: received message: (TestSession.Terminate) -> null
TpTrace Information: 0 : 34088, 9, 2021/10/11, 21:16:01.343, 10464082152661, testhost.dll, Session End message received from server. Closing the connection.
TpTrace Information: 0 : 34088, 9, 2021/10/11, 21:16:01.344, 10464082155599, testhost.dll, SocketClient.Stop: Stop communication from server endpoint: 127.0.0.1:063972
TpTrace Information: 0 : 34088, 9, 2021/10/11, 21:16:01.344, 10464082156165, testhost.dll, SocketClient: Stop: Cancellation requested. Stopping message loop.
TpTrace Verbose: 0 : 34088, 9, 2021/10/11, 21:16:01.344, 10464082158213, testhost.dll, LengthPrefixCommunicationChannel.Dispose: Dispose reader and writer.
TpTrace Information: 0 : 34088, 9, 2021/10/11, 21:16:01.344, 10464082158849, testhost.dll, Closing the connection !
TpTrace Information: 0 : 34088, 9, 2021/10/11, 21:16:01.344, 10464082161252, testhost.dll, SocketClient.PrivateStop: Stop communication from server endpoint: 127.0.0.1:063972, error:
TpTrace Information: 0 : 34088, 1, 2021/10/11, 21:16:01.344, 10464082163172, testhost.dll, Closing the connection !
TpTrace Verbose: 0 : 34088, 9, 2021/10/11, 21:16:01.344, 10464082163266, testhost.dll, LengthPrefixCommunicationChannel.Dispose: Dispose reader and writer.
TpTrace Information: 0 : 34088, 1, 2021/10/11, 21:16:01.345, 10464082163703, testhost.dll, SocketClient.Stop: Stop communication from server endpoint: 127.0.0.1:063972
TpTrace Verbose: 0 : 34088, 1, 2021/10/11, 21:16:01.345, 10464082164308, testhost.dll, LengthPrefixCommunicationChannel.Dispose: Dispose reader and writer.
TpTrace Verbose: 0 : 34088, 9, 2021/10/11, 21:16:01.345, 10464082164100, testhost.dll, TcpClientExtensions.MessageLoopAsync: exiting MessageLoopAsync remoteEndPoint: [::ffff:127.0.0.1]:63972 localEndPoint: [::ffff:127.0.0.1]:63973
TpTrace Information: 0 : 34088, 1, 2021/10/11, 21:16:01.345, 10464082164930, testhost.dll, Testhost process exiting.
