TpTrace Verbose: 0 : 13568, 1, 2021/10/11, 21:16:00.039, 10464069117981, datacollector.dll, Version: 16.11.0-release-20210626-04
TpTrace Information: 0 : 13568, 1, 2021/10/11, 21:16:00.042, 10464069139350, datacollector.dll, DataCollectorMain.Run: Starting data collector run with args: --port,63969,--parentprocessid,30532,--diag,C:\JokenpoTest\bin\Debug\netcoreapp3.1\fine-code-coverage\coverage-tool-output\diagnostics.datacollector.21-10-11_21-15-59_93697_4.log,--tracelevel,4
TpTrace Information: 0 : 13568, 1, 2021/10/11, 21:16:00.043, 10464069144964, datacollector.dll, DataCollector: Monitoring parent process with id: '30532'
TpTrace Information: 0 : 13568, 1, 2021/10/11, 21:16:00.084, 10464069556447, datacollector.dll, Trying to connect to server on socket : 127.0.0.1:63969 
TpTrace Verbose: 0 : 13568, 1, 2021/10/11, 21:16:00.109, 10464069804085, datacollector.dll, SocketCommunicationManager : SetupClientAsync : Attempting to connect to the server.
TpTrace Information: 0 : 13568, 7, 2021/10/11, 21:16:00.116, 10464069882787, datacollector.dll, Connected to the server successfully 
TpTrace Information: 0 : 13568, 7, 2021/10/11, 21:16:00.117, 10464069883746, datacollector.dll, Using the buffer size of 16384 bytes
TpTrace Information: 0 : 13568, 1, 2021/10/11, 21:16:00.173, 10464070446848, datacollector.dll, DataCollector: Start Request Processing.
TpTrace Information: 0 : 13568, 1, 2021/10/11, 21:16:00.175, 10464070472379, datacollector.dll, DataCollectionRequestHandler.ProcessRequests : Datacollector received message: (DataCollection.BeforeTestRunStart) -> {
  "SettingsXml": "<RunSettings><RunConfiguration><ResultsDirectory>C:\\JokenpoTest\\bin\\Debug\\netcoreapp3.1\\fine-code-coverage\\coverage-tool-output</ResultsDirectory><TargetPlatform>X64</TargetPlatform><TargetFrameworkVersion>.NETCoreApp,Version=v3.1</TargetFrameworkVersion><DesignMode>False</DesignMode><CollectSourceInformation>False</CollectSourceInformation><TestAdaptersPaths>C:\\Program Files\\dotnet\\sdk\\5.0.400\\Extensions</TestAdaptersPaths></RunConfiguration><LoggerRunSettings><Loggers><Logger friendlyName=\"blame\" enabled=\"True\" /><Logger friendlyName=\"Console\" uri=\"logger://microsoft/TestPlatform/ConsoleLogger/v1\" assemblyQualifiedName=\"Microsoft.VisualStudio.TestPlatform.CommandLine.Internal.ConsoleLogger, vstest.console, Version=15.0.0.0, Culture=neutral, PublicKeyToken=b03f5f7f11d50a3a\" codeBase=\"C:\\Program Files\\dotnet\\sdk\\5.0.400\\vstest.console.dll\" enabled=\"True\" /></Loggers></LoggerRunSettings><DataCollectionRunSettings><DataCollectors><DataCollector friendlyName=\"blame\" enabled=\"True\"><Configuration><ResultsDirectory>C:\\JokenpoTest\\bin\\Debug\\netcoreapp3.1\\fine-code-coverage\\coverage-tool-output</ResultsDirectory></Configuration></DataCollector></DataCollectors></DataCollectionRunSettings></RunSettings>",
  "Sources": [
    "C:\\JokenpoTest\\bin\\Debug\\netcoreapp3.1\\fine-code-coverage\\build-output\\JokenpoTest.dll"
  ],
  "IsTelemetryOptedIn": false
}
TpTrace Verbose: 0 : 13568, 1, 2021/10/11, 21:16:00.204, 10464070762638, datacollector.dll, TestPluginCache: Update extensions started. Skip filter = False
TpTrace Verbose: 0 : 13568, 1, 2021/10/11, 21:16:00.205, 10464070768292, datacollector.dll, TestPluginCache: Using directories for assembly resolution 'C:\Program Files\dotnet\sdk\5.0.400\Extensions'.
TpTrace Verbose: 0 : 13568, 1, 2021/10/11, 21:16:00.205, 10464070768819, datacollector.dll, TestPluginCache: Updated the available extensions to 'C:\Program Files\dotnet\sdk\5.0.400\Extensions\Microsoft.TestPlatform.Extensions.BlameDataCollector.dll,C:\Program Files\dotnet\sdk\5.0.400\Extensions\Microsoft.TestPlatform.Extensions.EventLogCollector.dll'.
TpTrace Verbose: 0 : 13568, 1, 2021/10/11, 21:16:00.210, 10464070818283, datacollector.dll, TestPluginCache.DiscoverTestExtensions: finding test extensions in assemblies ends with: Collector.dll TPluginInfo: Microsoft.VisualStudio.TestPlatform.Common.DataCollector.DataCollectorConfig TExtension: Microsoft.VisualStudio.TestPlatform.ObjectModel.DataCollection.DataCollector
TpTrace Verbose: 0 : 13568, 1, 2021/10/11, 21:16:00.210, 10464070821680, datacollector.dll, TestPluginCache.GetExtensionPaths: Filtered extension paths: C:\Program Files\dotnet\sdk\5.0.400\Extensions\Microsoft.TestPlatform.Extensions.BlameDataCollector.dll
C:\Program Files\dotnet\sdk\5.0.400\Extensions\Microsoft.TestPlatform.Extensions.EventLogCollector.dll
TpTrace Verbose: 0 : 13568, 1, 2021/10/11, 21:16:00.210, 10464070822556, datacollector.dll, TestPluginCache.GetExtensionPaths: Added default extension paths: 
TpTrace Verbose: 0 : 13568, 1, 2021/10/11, 21:16:00.210, 10464070822944, datacollector.dll, TestPluginCache.GetExtensionPaths: Added unfilterableExtensionPaths: 
TpTrace Information: 0 : 13568, 1, 2021/10/11, 21:16:00.211, 10464070829002, datacollector.dll, AssemblyResolver.ctor: Creating AssemblyResolver with searchDirectories C:\Program Files\dotnet\sdk\5.0.400\Extensions,C:\Program Files\dotnet\sdk\5.0.400
TpTrace Verbose: 0 : 13568, 1, 2021/10/11, 21:16:00.213, 10464070846838, datacollector.dll, TestPluginCache.DiscoverTestExtensions: Discovering the extensions using extension path.
TpTrace Verbose: 0 : 13568, 1, 2021/10/11, 21:16:00.213, 10464070849248, datacollector.dll, TestPluginCache.GetExtensionPaths: Filtered extension paths: C:\Program Files\dotnet\sdk\5.0.400\Extensions\Microsoft.TestPlatform.Extensions.BlameDataCollector.dll
C:\Program Files\dotnet\sdk\5.0.400\Extensions\Microsoft.TestPlatform.Extensions.EventLogCollector.dll
TpTrace Verbose: 0 : 13568, 1, 2021/10/11, 21:16:00.213, 10464070850086, datacollector.dll, TestPluginCache.GetExtensionPaths: Added default extension paths: 
TpTrace Verbose: 0 : 13568, 1, 2021/10/11, 21:16:00.213, 10464070850496, datacollector.dll, TestPluginCache.GetExtensionPaths: Added unfilterableExtensionPaths: 
TpTrace Verbose: 0 : 13568, 1, 2021/10/11, 21:16:00.213, 10464070851647, datacollector.dll, TestPluginCache.DiscoverTestExtensions: Discovering the extensions using allExtensionPaths: C:\Program Files\dotnet\sdk\5.0.400\Extensions\Microsoft.TestPlatform.Extensions.BlameDataCollector.dll
C:\Program Files\dotnet\sdk\5.0.400\Extensions\Microsoft.TestPlatform.Extensions.EventLogCollector.dll
TpTrace Information: 0 : 13568, 1, 2021/10/11, 21:16:00.213, 10464070853247, datacollector.dll, AssemblyResolver.AddSearchDirectories: Adding more searchDirectories C:\Program Files\dotnet\sdk\5.0.400\Extensions,C:\Program Files\dotnet\sdk\5.0.400
TpTrace Information: 0 : 13568, 1, 2021/10/11, 21:16:00.214, 10464070853838, datacollector.dll, AssemblyResolver.AddSearchDirectories: Adding more searchDirectories C:\Program Files\dotnet\sdk\5.0.400\Extensions,C:\Program Files\dotnet\sdk\5.0.400
TpTrace Information: 0 : 13568, 1, 2021/10/11, 21:16:00.214, 10464070858375, datacollector.dll, AssemblyResolver.OnResolve: Microsoft.TestPlatform.Extensions.BlameDataCollector: Resolving assembly.
TpTrace Information: 0 : 13568, 1, 2021/10/11, 21:16:00.214, 10464070859518, datacollector.dll, AssemblyResolver.OnResolve: Microsoft.TestPlatform.Extensions.BlameDataCollector: Searching in: 'C:\Program Files\dotnet\sdk\5.0.400\Extensions'.
TpTrace Information: 0 : 13568, 1, 2021/10/11, 21:16:00.215, 10464070866956, datacollector.dll, AssemblyResolver.OnResolve: Microsoft.TestPlatform.Extensions.BlameDataCollector: Loading assembly 'C:\Program Files\dotnet\sdk\5.0.400\Extensions\Microsoft.TestPlatform.Extensions.BlameDataCollector.dll'.
TpTrace Information: 0 : 13568, 1, 2021/10/11, 21:16:00.216, 10464070876085, datacollector.dll, AssemblyResolver.OnResolve: Resolved assembly: Microsoft.TestPlatform.Extensions.BlameDataCollector, from path: C:\Program Files\dotnet\sdk\5.0.400\Extensions\Microsoft.TestPlatform.Extensions.BlameDataCollector.dll
TpTrace Error: 0 : 13568, 1, 2021/10/11, 21:16:00.217, 10464070888267, datacollector.dll, The type "Microsoft.TestPlatform.Extensions.BlameDataCollector.BlameCollector" defined in "Microsoft.TestPlatform.Extensions.BlameDataCollector.dll" does not have ExtensionUri attribute.
TpTrace Information: 0 : 13568, 1, 2021/10/11, 21:16:00.218, 10464070902213, datacollector.dll, AssemblyResolver.OnResolve: Microsoft.TestPlatform.Extensions.EventLogCollector: Resolving assembly.
TpTrace Information: 0 : 13568, 1, 2021/10/11, 21:16:00.219, 10464070903465, datacollector.dll, AssemblyResolver.OnResolve: Microsoft.TestPlatform.Extensions.EventLogCollector: Searching in: 'C:\Program Files\dotnet\sdk\5.0.400\Extensions'.
TpTrace Information: 0 : 13568, 1, 2021/10/11, 21:16:00.219, 10464070909637, datacollector.dll, AssemblyResolver.OnResolve: Microsoft.TestPlatform.Extensions.EventLogCollector: Loading assembly 'C:\Program Files\dotnet\sdk\5.0.400\Extensions\Microsoft.TestPlatform.Extensions.EventLogCollector.dll'.
TpTrace Information: 0 : 13568, 1, 2021/10/11, 21:16:00.220, 10464070915652, datacollector.dll, AssemblyResolver.OnResolve: Resolved assembly: Microsoft.TestPlatform.Extensions.EventLogCollector, from path: C:\Program Files\dotnet\sdk\5.0.400\Extensions\Microsoft.TestPlatform.Extensions.EventLogCollector.dll
TpTrace Error: 0 : 13568, 1, 2021/10/11, 21:16:00.222, 10464070941028, datacollector.dll, The type "Microsoft.TestPlatform.Extensions.EventLogCollector.EventLogDataCollector" defined in "Microsoft.TestPlatform.Extensions.EventLogCollector.dll" does not have ExtensionUri attribute.
TpTrace Verbose: 0 : 13568, 1, 2021/10/11, 21:16:00.223, 10464070944290, datacollector.dll, TestPluginCache: Discovered the extensions using extension path 'C:\Program Files\dotnet\sdk\5.0.400\Extensions\Microsoft.TestPlatform.Extensions.BlameDataCollector.dll,C:\Program Files\dotnet\sdk\5.0.400\Extensions\Microsoft.TestPlatform.Extensions.EventLogCollector.dll'.
TpTrace Verbose: 0 : 13568, 1, 2021/10/11, 21:16:00.223, 10464070944765, datacollector.dll, TestPluginCache: Discoverers are ''.
TpTrace Verbose: 0 : 13568, 1, 2021/10/11, 21:16:00.223, 10464070944997, datacollector.dll, TestPluginCache: Executors are ''.
TpTrace Verbose: 0 : 13568, 1, 2021/10/11, 21:16:00.223, 10464070945199, datacollector.dll, TestPluginCache: Executors2 are ''.
TpTrace Verbose: 0 : 13568, 1, 2021/10/11, 21:16:00.223, 10464070945399, datacollector.dll, TestPluginCache: Setting providers are ''.
TpTrace Verbose: 0 : 13568, 1, 2021/10/11, 21:16:00.223, 10464070945593, datacollector.dll, TestPluginCache: Loggers are ''.
TpTrace Information: 0 : 13568, 1, 2021/10/11, 21:16:00.224, 10464070955323, datacollector.dll, TestPluginManager.CreateTestExtension: Attempting to load test extension: Microsoft.TestPlatform.Extensions.BlameDataCollector.BlameCollector
TpTrace Error: 0 : 13568, 1, 2021/10/11, 21:16:00.224, 10464070959168, datacollector.dll, The type "Microsoft.TestPlatform.Extensions.BlameDataCollector.BlameCollector" defined in "Microsoft.TestPlatform.Extensions.BlameDataCollector.dll" does not have ExtensionUri attribute.
TpTrace Information: 0 : 13568, 1, 2021/10/11, 21:16:00.229, 10464071008534, datacollector.dll, Listening on Endpoint : 127.0.0.1:63971
TpTrace Information: 0 : 13568, 1, 2021/10/11, 21:16:00.235, 10464071063508, datacollector.dll, DataCollectionRequestHandler.ProcessRequests : DataCollection started.
TpTrace Information: 0 : 13568, 1, 2021/10/11, 21:16:00.251, 10464071224451, datacollector.dll, DataCollectionRequestHandler.ProcessRequests : Datacollector received message: (DataCollection.TestHostLaunched) -> {
  "ProcessId": 34088
}
TpTrace Information: 0 : 13568, 5, 2021/10/11, 21:16:00.470, 10464073417608, datacollector.dll, Using the buffer size of 16384 bytes
TpTrace Information: 0 : 13568, 5, 2021/10/11, 21:16:00.470, 10464073418769, datacollector.dll, Accepted Client request and set the flag
TpTrace Information: 0 : 13568, 7, 2021/10/11, 21:16:01.034, 10464079055887, datacollector.dll, DataCollectionTestCaseEventHandler: Test case starting.
TpTrace Information: 0 : 13568, 7, 2021/10/11, 21:16:01.041, 10464079129718, datacollector.dll, Blame Collector : Test Case Start
TpTrace Information: 0 : 13568, 7, 2021/10/11, 21:16:01.043, 10464079149514, datacollector.dll, DataCollectionTestCaseEventHandler: Test case 'AddMatchTest_IsSucess - 58f2a5c5-5186-9902-3bd9-5b6b518337f0' started.
TpTrace Information: 0 : 13568, 7, 2021/10/11, 21:16:01.134, 10464080060400, datacollector.dll, DataCollectionTestCaseEventHandler : Test case completing.
TpTrace Information: 0 : 13568, 7, 2021/10/11, 21:16:01.137, 10464080089355, datacollector.dll, Blame Collector : Test Case End
TpTrace Information: 0 : 13568, 7, 2021/10/11, 21:16:01.140, 10464080119924, datacollector.dll, DataCollectionTestCaseEventHandler: Test case 'AddMatchTest_IsSucess - 58f2a5c5-5186-9902-3bd9-5b6b518337f0' completed
TpTrace Information: 0 : 13568, 7, 2021/10/11, 21:16:01.146, 10464080180006, datacollector.dll, DataCollectionTestCaseEventHandler: Test case starting.
TpTrace Information: 0 : 13568, 7, 2021/10/11, 21:16:01.146, 10464080182593, datacollector.dll, Blame Collector : Test Case Start
TpTrace Information: 0 : 13568, 7, 2021/10/11, 21:16:01.147, 10464080183689, datacollector.dll, DataCollectionTestCaseEventHandler: Test case 'GetMatchByIdTest_IsSucess - 4f32846b-35af-8b97-b072-79182fada606' started.
TpTrace Information: 0 : 13568, 7, 2021/10/11, 21:16:01.147, 10464080189934, datacollector.dll, DataCollectionTestCaseEventHandler : Test case completing.
TpTrace Information: 0 : 13568, 7, 2021/10/11, 21:16:01.147, 10464080191914, datacollector.dll, Blame Collector : Test Case End
TpTrace Information: 0 : 13568, 7, 2021/10/11, 21:16:01.147, 10464080192933, datacollector.dll, DataCollectionTestCaseEventHandler: Test case 'GetMatchByIdTest_IsSucess - 4f32846b-35af-8b97-b072-79182fada606' completed
TpTrace Information: 0 : 13568, 7, 2021/10/11, 21:16:01.148, 10464080198346, datacollector.dll, DataCollectionTestCaseEventHandler: Test case starting.
TpTrace Information: 0 : 13568, 7, 2021/10/11, 21:16:01.148, 10464080200115, datacollector.dll, Blame Collector : Test Case Start
TpTrace Information: 0 : 13568, 7, 2021/10/11, 21:16:01.148, 10464080200772, datacollector.dll, DataCollectionTestCaseEventHandler: Test case 'GetOpenMatchTest - 55350e06-373e-d97c-3e48-be9d57947a72' started.
TpTrace Information: 0 : 13568, 7, 2021/10/11, 21:16:01.149, 10464080205188, datacollector.dll, DataCollectionTestCaseEventHandler : Test case completing.
TpTrace Information: 0 : 13568, 7, 2021/10/11, 21:16:01.149, 10464080206751, datacollector.dll, Blame Collector : Test Case End
TpTrace Information: 0 : 13568, 7, 2021/10/11, 21:16:01.149, 10464080207449, datacollector.dll, DataCollectionTestCaseEventHandler: Test case 'GetOpenMatchTest - 55350e06-373e-d97c-3e48-be9d57947a72' completed
TpTrace Information: 0 : 13568, 7, 2021/10/11, 21:16:01.150, 10464080219722, datacollector.dll, DataCollectionTestCaseEventHandler: Test case starting.
TpTrace Information: 0 : 13568, 7, 2021/10/11, 21:16:01.150, 10464080221619, datacollector.dll, Blame Collector : Test Case Start
TpTrace Information: 0 : 13568, 7, 2021/10/11, 21:16:01.151, 10464080228584, datacollector.dll, DataCollectionTestCaseEventHandler: Test case 'AddPlayerTest_IsSucess - 3a9360a4-542b-7150-c2ad-3194b0fab7ed' started.
TpTrace Information: 0 : 13568, 7, 2021/10/11, 21:16:01.287, 10464081588571, datacollector.dll, DataCollectionTestCaseEventHandler : Test case completing.
TpTrace Information: 0 : 13568, 7, 2021/10/11, 21:16:01.287, 10464081591635, datacollector.dll, Blame Collector : Test Case End
TpTrace Information: 0 : 13568, 7, 2021/10/11, 21:16:01.287, 10464081593115, datacollector.dll, DataCollectionTestCaseEventHandler: Test case 'AddPlayerTest_IsSucess - 3a9360a4-542b-7150-c2ad-3194b0fab7ed' completed
TpTrace Information: 0 : 13568, 7, 2021/10/11, 21:16:01.289, 10464081604561, datacollector.dll, DataCollectionTestCaseEventHandler: Test case starting.
TpTrace Information: 0 : 13568, 7, 2021/10/11, 21:16:01.289, 10464081607631, datacollector.dll, Blame Collector : Test Case Start
TpTrace Information: 0 : 13568, 7, 2021/10/11, 21:16:01.289, 10464081608969, datacollector.dll, DataCollectionTestCaseEventHandler: Test case 'GetPlayerByIdTest_IsSucess - 32c7db70-c372-cbd2-6e27-3867f97beca9' started.
TpTrace Information: 0 : 13568, 7, 2021/10/11, 21:16:01.292, 10464081635464, datacollector.dll, DataCollectionTestCaseEventHandler : Test case completing.
TpTrace Information: 0 : 13568, 7, 2021/10/11, 21:16:01.292, 10464081638235, datacollector.dll, Blame Collector : Test Case End
TpTrace Information: 0 : 13568, 7, 2021/10/11, 21:16:01.292, 10464081640421, datacollector.dll, DataCollectionTestCaseEventHandler: Test case 'GetPlayerByIdTest_IsSucess - 32c7db70-c372-cbd2-6e27-3867f97beca9' completed
TpTrace Information: 0 : 13568, 7, 2021/10/11, 21:16:01.302, 10464081735348, datacollector.dll, DataCollectionTestCaseEventHandler: Test session ended
TpTrace Information: 0 : 13568, 1, 2021/10/11, 21:16:01.520, 10464083916311, datacollector.dll, DataCollectionRequestHandler.ProcessRequests : Datacollector received message: (DataCollection.AfterTestRunEnd) -> false
TpTrace Information: 0 : 13568, 1, 2021/10/11, 21:16:01.520, 10464083921573, datacollector.dll, Blame Collector : Session End
TpTrace Information: 0 : 13568, 1, 2021/10/11, 21:16:01.520, 10464083922072, datacollector.dll, BlameCollector.CollectDumpAndAbortTesthost: Custom path to dump directory was provided via VSTEST_DUMP_PATH. Skipping attachment upload, the caller is responsible for collecting and uploading the dumps themselves.
TpTrace Information: 0 : 13568, 1, 2021/10/11, 21:16:01.520, 10464083922931, datacollector.dll, DataCollectionManager.CleanupPlugins: CleanupPlugins called
TpTrace Verbose: 0 : 13568, 1, 2021/10/11, 21:16:01.520, 10464083923221, datacollector.dll, DataCollectionManager.CleanupPlugins: Cleaning up 1 plugins
TpTrace Verbose: 0 : 13568, 1, 2021/10/11, 21:16:01.521, 10464083924088, datacollector.dll, dataCollectorInfo.DisposeDataCollector: calling Dispose() on Microsoft.TestPlatform.Extensions.BlameDataCollector.BlameCollector
TpTrace Information: 0 : 13568, 1, 2021/10/11, 21:16:01.521, 10464083924620, datacollector.dll, DataCollectionManager.CleanupPlugins: CleanupPlugins finished
TpTrace Information: 0 : 13568, 1, 2021/10/11, 21:16:01.523, 10464083945787, datacollector.dll, DataCollectionRequestHandler.ProcessRequests : Session End message received from server. Closing the connection.
TpTrace Information: 0 : 13568, 1, 2021/10/11, 21:16:01.523, 10464083947340, datacollector.dll, Closing the connection !
TpTrace Information: 0 : 13568, 1, 2021/10/11, 21:16:01.523, 10464083947689, datacollector.dll, DataCollectionRequestHandler.ProcessRequests : DataCollection completed
TpTrace Information: 0 : 13568, 1, 2021/10/11, 21:16:01.523, 10464083947904, datacollector.dll, Program.Main: exiting datacollector process.
