TpTrace Verbose: 0 : 29688, 1, 2021/10/12, 12:43:04.380, 11020312521847, testhost.dll, Version: 16.9.4
TpTrace Information: 0 : 29688, 1, 2021/10/12, 12:43:04.384, 11020312558397, testhost.dll, DefaultEngineInvoker.Invoke: Testhost process started with args :[--port, 53450],[--endpoint, 127.0.0.1:053450],[--role, client],[--parentprocessid, 13372],[--diag, C:\JokenpoTest\bin\Debug\netcoreapp3.1\fine-code-coverage\coverage-tool-output\diagnostics.host.21-10-12_12-43-04_25702_6.log],[--tracelevel, 4],[--datacollectionport, 53449],[--telemetryoptedin, false]
TpTrace Information: 0 : 29688, 1, 2021/10/12, 12:43:04.386, 11020312576018, testhost.dll, Setting up debug trace listener.
TpTrace Verbose: 0 : 29688, 1, 2021/10/12, 12:43:04.386, 11020312577812, testhost.dll, TestPlatformTraceListener.Setup: Replacing listener 0 with TestHostTraceListener.
TpTrace Verbose: 0 : 29688, 1, 2021/10/12, 12:43:04.386, 11020312578254, testhost.dll, TestPlatformTraceListener.Setup: Added test platform trace listener.
TpTrace Information: 0 : 29688, 1, 2021/10/12, 12:43:04.386, 11020312581175, testhost.dll, DefaultEngineInvoker.SetParentProcessExitCallback: Monitoring parent process with id: '13372'
TpTrace Information: 0 : 29688, 1, 2021/10/12, 12:43:04.392, 11020312634302, testhost.dll, DefaultEngineInvoker.GetConnectionInfo: Initialize communication on endpoint address: '127.0.0.1:053450'
TpTrace Information: 0 : 29688, 1, 2021/10/12, 12:43:04.404, 11020312757060, testhost.dll, SocketClient.Start: connecting to server endpoint: 127.0.0.1:053450
TpTrace Information: 0 : 29688, 1, 2021/10/12, 12:43:04.408, 11020312797630, testhost.dll, DefaultEngineInvoker.ConnectToDatacollector: Connecting to datacollector, port: 53449
TpTrace Information: 0 : 29688, 8, 2021/10/12, 12:43:04.410, 11020312816720, testhost.dll, SocketClient.OnServerConnected: connected to server endpoint: 127.0.0.1:053450
TpTrace Information: 0 : 29688, 1, 2021/10/12, 12:43:04.411, 11020312825586, testhost.dll, Trying to connect to server on socket : 127.0.0.1:53449 
TpTrace Verbose: 0 : 29688, 1, 2021/10/12, 12:43:04.411, 11020312829234, testhost.dll, SocketCommunicationManager : SetupClientAsync : Attempting to connect to the server.
TpTrace Verbose: 0 : 29688, 8, 2021/10/12, 12:43:04.411, 11020312830787, testhost.dll, Connected to server, and starting MessageLoopAsync
TpTrace Information: 0 : 29688, 10, 2021/10/12, 12:43:04.412, 11020312841610, testhost.dll, Connected to the server successfully 
TpTrace Information: 0 : 29688, 10, 2021/10/12, 12:43:04.412, 11020312842339, testhost.dll, Using the buffer size of 16384 bytes
TpTrace Information: 0 : 29688, 1, 2021/10/12, 12:43:04.413, 11020312846377, testhost.dll, DefaultEngineInvoker.Invoke: Start Request Processing.
TpTrace Information: 0 : 29688, 11, 2021/10/12, 12:43:04.413, 11020312852846, testhost.dll, DefaultEngineInvoker.StartProcessingAsync: Connected to vstest.console, Starting process requests.
TpTrace Verbose: 0 : 29688, 8, 2021/10/12, 12:43:04.413, 11020312853155, testhost.dll, TcpClientExtensions.MessageLoopAsync: Polling on remoteEndPoint: [::ffff:127.0.0.1]:53450 localEndPoint: [::ffff:127.0.0.1]:53451
TpTrace Verbose: 0 : 29688, 8, 2021/10/12, 12:43:04.414, 11020312856235, testhost.dll, TcpClientExtensions.MessageLoopAsync: NotifyDataAvailable remoteEndPoint: [::ffff:127.0.0.1]:53450 localEndPoint: [::ffff:127.0.0.1]:53451
TpTrace Information: 0 : 29688, 8, 2021/10/12, 12:43:04.526, 11020313982078, testhost.dll, TestRequestHandler.ProcessRequests: received message: (ProtocolVersion) -> 5
TpTrace Verbose: 0 : 29688, 8, 2021/10/12, 12:43:04.550, 11020314222573, testhost.dll, TestRequestHandler.SendData:  sending data from testhost: {"Version":5,"MessageType":"TestSession.Message","Payload":{"MessageLevel":0,"Message":"Registro em log do diagnóstico TestHost no arquivo: C:\\JokenpoTest\\bin\\Debug\\netcoreapp3.1\\fine-code-coverage\\coverage-tool-output\\diagnostics.host.21-10-12_12-43-04_25702_6.log"}}
TpTrace Verbose: 0 : 29688, 8, 2021/10/12, 12:43:04.551, 11020314224225, testhost.dll, TcpClientExtensions.MessageLoopAsync: Polling on remoteEndPoint: [::ffff:127.0.0.1]:53450 localEndPoint: [::ffff:127.0.0.1]:53451
TpTrace Verbose: 0 : 29688, 8, 2021/10/12, 12:43:04.551, 11020314225239, testhost.dll, TcpClientExtensions.MessageLoopAsync: NotifyDataAvailable remoteEndPoint: [::ffff:127.0.0.1]:53450 localEndPoint: [::ffff:127.0.0.1]:53451
TpTrace Information: 0 : 29688, 8, 2021/10/12, 12:43:04.554, 11020314254374, testhost.dll, TestRequestHandler.ProcessRequests: received message: (TestExecution.Initialize) -> [
  "C:\\JokenpoTest\\bin\\Debug\\netcoreapp3.1\\fine-code-coverage\\build-output\\NUnit3.TestAdapter.dll"
]
TpTrace Information: 0 : 29688, 8, 2021/10/12, 12:43:04.554, 11020314255199, testhost.dll, Execution Session Initialize.
TpTrace Verbose: 0 : 29688, 8, 2021/10/12, 12:43:04.559, 11020314310779, testhost.dll, TcpClientExtensions.MessageLoopAsync: Polling on remoteEndPoint: [::ffff:127.0.0.1]:53450 localEndPoint: [::ffff:127.0.0.1]:53451
TpTrace Verbose: 0 : 29688, 8, 2021/10/12, 12:43:04.559, 11020314311626, testhost.dll, TcpClientExtensions.MessageLoopAsync: NotifyDataAvailable remoteEndPoint: [::ffff:127.0.0.1]:53450 localEndPoint: [::ffff:127.0.0.1]:53451
TpTrace Verbose: 0 : 29688, 4, 2021/10/12, 12:43:04.561, 11020314331076, testhost.dll, TestExecutorService: Loading the extensions
TpTrace Information: 0 : 29688, 8, 2021/10/12, 12:43:04.562, 11020314335205, testhost.dll, TestRequestHandler.ProcessRequests: received message: (TestExecution.StartWithSources) -> {
  "AdapterSourceMap": {
    "_none_": [
      "C:\\JokenpoTest\\bin\\Debug\\netcoreapp3.1\\fine-code-coverage\\build-output\\JokenpoTest.dll"
    ]
  },
  "RunSettings": "<RunSettings>\r\n  <RunConfiguration>\r\n    <ResultsDirectory>C:\\JokenpoTest\\bin\\Debug\\netcoreapp3.1\\fine-code-coverage\\coverage-tool-output</ResultsDirectory>\r\n    <TargetPlatform>X64</TargetPlatform>\r\n    <TargetFrameworkVersion>.NETCoreApp,Version=v3.1</TargetFrameworkVersion>\r\n    <DesignMode>False</DesignMode>\r\n    <CollectSourceInformation>False</CollectSourceInformation>\r\n  </RunConfiguration>\r\n  <LoggerRunSettings>\r\n    <Loggers>\r\n      <Logger friendlyName=\"blame\" enabled=\"True\" />\r\n      <Logger friendlyName=\"Console\" uri=\"logger://microsoft/TestPlatform/ConsoleLogger/v1\" assemblyQualifiedName=\"Microsoft.VisualStudio.TestPlatform.CommandLine.Internal.ConsoleLogger, vstest.console, Version=15.0.0.0, Culture=neutral, PublicKeyToken=b03f5f7f11d50a3a\" codeBase=\"C:\\Program Files\\dotnet\\sdk\\5.0.400\\vstest.console.dll\" enabled=\"True\" />\r\n    </Loggers>\r\n  </LoggerRunSettings>\r\n  <DataCollectionRunSettings>\r\n    <DataCollectors>\r\n      <DataCollector friendlyName=\"blame\" enabled=\"True\">\r\n        <Configuration>\r\n          <ResultsDirectory>C:\\JokenpoTest\\bin\\Debug\\netcoreapp3.1\\fine-code-coverage\\coverage-tool-output</ResultsDirectory>\r\n        </Configuration>\r\n      </DataCollector>\r\n    </DataCollectors>\r\n  </DataCollectionRunSettings>\r\n</RunSettings>",
  "TestExecutionContext": {
    "FrequencyOfRunStatsChangeEvent": 10,
    "RunStatsChangeEventTimeout": "00:00:01.5000000",
    "InIsolation": false,
    "KeepAlive": false,
    "AreTestCaseLevelEventsRequired": false,
    "IsDebug": false,
    "TestCaseFilter": null,
    "FilterOptions": null
  },
  "Package": null
}
TpTrace Information: 0 : 29688, 8, 2021/10/12, 12:43:04.562, 11020314336153, testhost.dll, Execution started.
TpTrace Verbose: 0 : 29688, 4, 2021/10/12, 12:43:04.563, 11020314347211, testhost.dll, TestPluginCache.DiscoverTestExtensions: finding test extensions in assemblies ends with: TestAdapter.dll TPluginInfo: Microsoft.VisualStudio.TestPlatform.Common.ExtensionFramework.Utilities.TestExecutorPluginInformation TExtension: Microsoft.VisualStudio.TestPlatform.ObjectModel.Adapter.ITestExecutor
TpTrace Verbose: 0 : 29688, 4, 2021/10/12, 12:43:04.564, 11020314355277, testhost.dll, TestPluginCache.GetExtensionPaths: Filtered extension paths: 
TpTrace Verbose: 0 : 29688, 4, 2021/10/12, 12:43:04.564, 11020314358268, testhost.dll, TestPluginCache.GetExtensionPaths: Added default extension paths: C:\JokenpoTest\bin\Debug\netcoreapp3.1\fine-code-coverage\build-output\NUnit3.TestAdapter.dll
TpTrace Verbose: 0 : 29688, 4, 2021/10/12, 12:43:04.564, 11020314359240, testhost.dll, TestPluginCache.GetExtensionPaths: Added unfilterableExtensionPaths: 
TpTrace Information: 0 : 29688, 4, 2021/10/12, 12:43:04.566, 11020314378769, testhost.dll, AssemblyResolver.ctor: Creating AssemblyResolver with searchDirectories C:\JokenpoTest\bin\Debug\netcoreapp3.1\fine-code-coverage\build-output
TpTrace Verbose: 0 : 29688, 4, 2021/10/12, 12:43:04.567, 11020314392690, testhost.dll, TestPluginCache.DiscoverTestExtensions: Discovering the extensions using extension path.
TpTrace Verbose: 0 : 29688, 4, 2021/10/12, 12:43:04.568, 11020314393642, testhost.dll, TestPluginCache.GetExtensionPaths: Filtered extension paths: 
TpTrace Verbose: 0 : 29688, 4, 2021/10/12, 12:43:04.568, 11020314393944, testhost.dll, TestPluginCache.GetExtensionPaths: Added default extension paths: C:\JokenpoTest\bin\Debug\netcoreapp3.1\fine-code-coverage\build-output\NUnit3.TestAdapter.dll
TpTrace Verbose: 0 : 29688, 4, 2021/10/12, 12:43:04.568, 11020314394238, testhost.dll, TestPluginCache.GetExtensionPaths: Added unfilterableExtensionPaths: 
TpTrace Verbose: 0 : 29688, 4, 2021/10/12, 12:43:04.568, 11020314394708, testhost.dll, TestPluginCache.DiscoverTestExtensions: Discovering the extensions using allExtensionPaths: C:\JokenpoTest\bin\Debug\netcoreapp3.1\fine-code-coverage\build-output\NUnit3.TestAdapter.dll
TpTrace Information: 0 : 29688, 4, 2021/10/12, 12:43:04.568, 11020314401562, testhost.dll, AssemblyResolver.AddSearchDirectories: Adding more searchDirectories C:\JokenpoTest\bin\Debug\netcoreapp3.1\fine-code-coverage\build-output
TpTrace Information: 0 : 29688, 4, 2021/10/12, 12:43:04.572, 11020314435780, testhost.dll, AssemblyResolver.OnResolve: NUnit3.TestAdapter: Resolving assembly.
TpTrace Information: 0 : 29688, 4, 2021/10/12, 12:43:04.573, 11020314447640, testhost.dll, AssemblyResolver.OnResolve: Resolved assembly: NUnit3.TestAdapter, from path: C:\JokenpoTest\bin\Debug\netcoreapp3.1\fine-code-coverage\build-output\NUnit3.TestAdapter.dll
TpTrace Information: 0 : 29688, 4, 2021/10/12, 12:43:04.575, 11020314469041, testhost.dll, AssemblyResolver.OnResolve: nunit.engine.api: Resolving assembly.
TpTrace Information: 0 : 29688, 4, 2021/10/12, 12:43:04.576, 11020314473608, testhost.dll, AssemblyResolver.OnResolve: Resolved assembly: nunit.engine.api, from path: C:\JokenpoTest\bin\Debug\netcoreapp3.1\fine-code-coverage\build-output\nunit.engine.api.dll
TpTrace Verbose: 0 : 29688, 4, 2021/10/12, 12:43:04.580, 11020314520549, testhost.dll, TestPluginCache: Discovered the extensions using extension path ''.
TpTrace Verbose: 0 : 29688, 4, 2021/10/12, 12:43:04.581, 11020314524388, testhost.dll, TestPluginCache: Discoverers are ''.
TpTrace Verbose: 0 : 29688, 4, 2021/10/12, 12:43:04.581, 11020314525040, testhost.dll, TestPluginCache: Executors are 'executor://NUnit3TestExecutor'.
TpTrace Verbose: 0 : 29688, 4, 2021/10/12, 12:43:04.581, 11020314525592, testhost.dll, TestPluginCache: Executors2 are ''.
TpTrace Verbose: 0 : 29688, 4, 2021/10/12, 12:43:04.581, 11020314526072, testhost.dll, TestPluginCache: Setting providers are ''.
TpTrace Verbose: 0 : 29688, 4, 2021/10/12, 12:43:04.581, 11020314526528, testhost.dll, TestPluginCache: Loggers are ''.
TpTrace Verbose: 0 : 29688, 8, 2021/10/12, 12:43:04.583, 11020314546192, testhost.dll, TcpClientExtensions.MessageLoopAsync: Polling on remoteEndPoint: [::ffff:127.0.0.1]:53450 localEndPoint: [::ffff:127.0.0.1]:53451
TpTrace Verbose: 0 : 29688, 4, 2021/10/12, 12:43:04.583, 11020314552194, testhost.dll, TestPluginCache.DiscoverTestExtensions: finding test extensions in assemblies ends with: TestAdapter.dll TPluginInfo: Microsoft.VisualStudio.TestPlatform.Common.ExtensionFramework.Utilities.TestExecutorPluginInformation2 TExtension: Microsoft.VisualStudio.TestPlatform.ObjectModel.Adapter.ITestExecutor2
TpTrace Verbose: 0 : 29688, 4, 2021/10/12, 12:43:04.584, 11020314554200, testhost.dll, TestPluginCache.GetExtensionPaths: Filtered extension paths: 
TpTrace Verbose: 0 : 29688, 4, 2021/10/12, 12:43:04.584, 11020314554583, testhost.dll, TestPluginCache.GetExtensionPaths: Added default extension paths: C:\JokenpoTest\bin\Debug\netcoreapp3.1\fine-code-coverage\build-output\NUnit3.TestAdapter.dll
TpTrace Verbose: 0 : 29688, 4, 2021/10/12, 12:43:04.584, 11020314554905, testhost.dll, TestPluginCache.GetExtensionPaths: Added unfilterableExtensionPaths: 
TpTrace Information: 0 : 29688, 4, 2021/10/12, 12:43:04.584, 11020314556254, testhost.dll, AssemblyResolver.AddSearchDirectories: Adding more searchDirectories C:\JokenpoTest\bin\Debug\netcoreapp3.1\fine-code-coverage\build-output
TpTrace Verbose: 0 : 29688, 4, 2021/10/12, 12:43:04.584, 11020314556668, testhost.dll, TestPluginCache.DiscoverTestExtensions: Discovering the extensions using extension path.
TpTrace Verbose: 0 : 29688, 4, 2021/10/12, 12:43:04.584, 11020314556956, testhost.dll, TestPluginCache.GetExtensionPaths: Filtered extension paths: 
TpTrace Verbose: 0 : 29688, 4, 2021/10/12, 12:43:04.584, 11020314557174, testhost.dll, TestPluginCache.GetExtensionPaths: Added default extension paths: C:\JokenpoTest\bin\Debug\netcoreapp3.1\fine-code-coverage\build-output\NUnit3.TestAdapter.dll
TpTrace Verbose: 0 : 29688, 4, 2021/10/12, 12:43:04.584, 11020314557420, testhost.dll, TestPluginCache.GetExtensionPaths: Added unfilterableExtensionPaths: 
TpTrace Verbose: 0 : 29688, 4, 2021/10/12, 12:43:04.584, 11020314557652, testhost.dll, TestPluginCache.DiscoverTestExtensions: Discovering the extensions using allExtensionPaths: C:\JokenpoTest\bin\Debug\netcoreapp3.1\fine-code-coverage\build-output\NUnit3.TestAdapter.dll
TpTrace Information: 0 : 29688, 4, 2021/10/12, 12:43:04.584, 11020314557965, testhost.dll, AssemblyResolver.AddSearchDirectories: Adding more searchDirectories C:\JokenpoTest\bin\Debug\netcoreapp3.1\fine-code-coverage\build-output
TpTrace Verbose: 0 : 29688, 4, 2021/10/12, 12:43:04.584, 11020314560454, testhost.dll, TestPluginCache: Discovered the extensions using extension path ''.
TpTrace Verbose: 0 : 29688, 4, 2021/10/12, 12:43:04.584, 11020314560793, testhost.dll, TestPluginCache: Discoverers are ''.
TpTrace Verbose: 0 : 29688, 4, 2021/10/12, 12:43:04.584, 11020314561080, testhost.dll, TestPluginCache: Executors are 'executor://NUnit3TestExecutor'.
TpTrace Verbose: 0 : 29688, 4, 2021/10/12, 12:43:04.584, 11020314561552, testhost.dll, TestPluginCache: Executors2 are ''.
TpTrace Verbose: 0 : 29688, 4, 2021/10/12, 12:43:04.584, 11020314561793, testhost.dll, TestPluginCache: Setting providers are ''.
TpTrace Verbose: 0 : 29688, 4, 2021/10/12, 12:43:04.584, 11020314561995, testhost.dll, TestPluginCache: Loggers are ''.
TpTrace Information: 0 : 29688, 4, 2021/10/12, 12:43:04.588, 11020314600682, testhost.dll, TestPluginManager.CreateTestExtension: Attempting to load test extension: NUnit.VisualStudio.TestAdapter.NUnit3TestExecutor
TpTrace Verbose: 0 : 29688, 4, 2021/10/12, 12:43:04.589, 11020314606225, testhost.dll, TestExecutorExtensionManager: Loading executor NUnit.VisualStudio.TestAdapter.NUnit3TestExecutor
TpTrace Verbose: 0 : 29688, 4, 2021/10/12, 12:43:04.589, 11020314606634, testhost.dll, TestExecutorService: Loaded the executors
TpTrace Verbose: 0 : 29688, 4, 2021/10/12, 12:43:04.590, 11020314613543, testhost.dll, TestPluginCache.DiscoverTestExtensions: finding test extensions in assemblies ends with: TestAdapter.dll TPluginInfo: Microsoft.VisualStudio.TestPlatform.Common.ExtensionFramework.Utilities.TestSettingsProviderPluginInformation TExtension: Microsoft.VisualStudio.TestPlatform.ObjectModel.Adapter.ISettingsProvider
TpTrace Verbose: 0 : 29688, 4, 2021/10/12, 12:43:04.590, 11020314614247, testhost.dll, TestPluginCache.GetExtensionPaths: Filtered extension paths: 
TpTrace Verbose: 0 : 29688, 4, 2021/10/12, 12:43:04.590, 11020314614625, testhost.dll, TestPluginCache.GetExtensionPaths: Added default extension paths: C:\JokenpoTest\bin\Debug\netcoreapp3.1\fine-code-coverage\build-output\NUnit3.TestAdapter.dll
TpTrace Verbose: 0 : 29688, 4, 2021/10/12, 12:43:04.590, 11020314615262, testhost.dll, TestPluginCache.GetExtensionPaths: Added unfilterableExtensionPaths: 
TpTrace Information: 0 : 29688, 4, 2021/10/12, 12:43:04.590, 11020314616290, testhost.dll, AssemblyResolver.AddSearchDirectories: Adding more searchDirectories C:\JokenpoTest\bin\Debug\netcoreapp3.1\fine-code-coverage\build-output
TpTrace Verbose: 0 : 29688, 4, 2021/10/12, 12:43:04.590, 11020314616670, testhost.dll, TestPluginCache.DiscoverTestExtensions: Discovering the extensions using extension path.
TpTrace Verbose: 0 : 29688, 4, 2021/10/12, 12:43:04.590, 11020314616926, testhost.dll, TestPluginCache.GetExtensionPaths: Filtered extension paths: 
TpTrace Verbose: 0 : 29688, 4, 2021/10/12, 12:43:04.590, 11020314617136, testhost.dll, TestPluginCache.GetExtensionPaths: Added default extension paths: C:\JokenpoTest\bin\Debug\netcoreapp3.1\fine-code-coverage\build-output\NUnit3.TestAdapter.dll
TpTrace Verbose: 0 : 29688, 4, 2021/10/12, 12:43:04.590, 11020314617375, testhost.dll, TestPluginCache.GetExtensionPaths: Added unfilterableExtensionPaths: 
TpTrace Verbose: 0 : 29688, 4, 2021/10/12, 12:43:04.590, 11020314617605, testhost.dll, TestPluginCache.DiscoverTestExtensions: Discovering the extensions using allExtensionPaths: C:\JokenpoTest\bin\Debug\netcoreapp3.1\fine-code-coverage\build-output\NUnit3.TestAdapter.dll
TpTrace Information: 0 : 29688, 4, 2021/10/12, 12:43:04.590, 11020314617917, testhost.dll, AssemblyResolver.AddSearchDirectories: Adding more searchDirectories C:\JokenpoTest\bin\Debug\netcoreapp3.1\fine-code-coverage\build-output
TpTrace Verbose: 0 : 29688, 4, 2021/10/12, 12:43:04.590, 11020314619870, testhost.dll, TestPluginCache: Discovered the extensions using extension path ''.
TpTrace Verbose: 0 : 29688, 4, 2021/10/12, 12:43:04.590, 11020314620257, testhost.dll, TestPluginCache: Discoverers are ''.
TpTrace Verbose: 0 : 29688, 4, 2021/10/12, 12:43:04.590, 11020314620480, testhost.dll, TestPluginCache: Executors are 'executor://NUnit3TestExecutor'.
TpTrace Verbose: 0 : 29688, 4, 2021/10/12, 12:43:04.590, 11020314620691, testhost.dll, TestPluginCache: Executors2 are ''.
TpTrace Verbose: 0 : 29688, 4, 2021/10/12, 12:43:04.590, 11020314620975, testhost.dll, TestPluginCache: Setting providers are ''.
TpTrace Verbose: 0 : 29688, 4, 2021/10/12, 12:43:04.590, 11020314621188, testhost.dll, TestPluginCache: Loggers are ''.
TpTrace Verbose: 0 : 29688, 4, 2021/10/12, 12:43:04.591, 11020314628381, testhost.dll, TestExecutorService: Loaded the settings providers
TpTrace Information: 0 : 29688, 4, 2021/10/12, 12:43:04.591, 11020314628802, testhost.dll, TestExecutorService: Loaded the extensions
TpTrace Information: 0 : 29688, 4, 2021/10/12, 12:43:04.653, 11020315249292, testhost.dll, TestDiscoveryManager: Discovering tests from sources C:\JokenpoTest\bin\Debug\netcoreapp3.1\fine-code-coverage\build-output\JokenpoTest.dll
TpTrace Verbose: 0 : 29688, 4, 2021/10/12, 12:43:04.655, 11020315265834, testhost.dll, TestPluginCache.DiscoverTestExtensions: finding test extensions in assemblies ends with: TestAdapter.dll TPluginInfo: Microsoft.VisualStudio.TestPlatform.Common.ExtensionFramework.Utilities.TestDiscovererPluginInformation TExtension: Microsoft.VisualStudio.TestPlatform.ObjectModel.Adapter.ITestDiscoverer
TpTrace Verbose: 0 : 29688, 4, 2021/10/12, 12:43:04.655, 11020315266598, testhost.dll, TestPluginCache.GetExtensionPaths: Filtered extension paths: 
TpTrace Verbose: 0 : 29688, 4, 2021/10/12, 12:43:04.655, 11020315266966, testhost.dll, TestPluginCache.GetExtensionPaths: Added default extension paths: C:\JokenpoTest\bin\Debug\netcoreapp3.1\fine-code-coverage\build-output\NUnit3.TestAdapter.dll
TpTrace Verbose: 0 : 29688, 4, 2021/10/12, 12:43:04.655, 11020315267210, testhost.dll, TestPluginCache.GetExtensionPaths: Added unfilterableExtensionPaths: 
TpTrace Information: 0 : 29688, 4, 2021/10/12, 12:43:04.655, 11020315268542, testhost.dll, AssemblyResolver.AddSearchDirectories: Adding more searchDirectories C:\JokenpoTest\bin\Debug\netcoreapp3.1\fine-code-coverage\build-output
TpTrace Verbose: 0 : 29688, 4, 2021/10/12, 12:43:04.655, 11020315269527, testhost.dll, TestPluginCache.DiscoverTestExtensions: Discovering the extensions using extension path.
TpTrace Verbose: 0 : 29688, 4, 2021/10/12, 12:43:04.655, 11020315269832, testhost.dll, TestPluginCache.GetExtensionPaths: Filtered extension paths: 
TpTrace Verbose: 0 : 29688, 4, 2021/10/12, 12:43:04.655, 11020315270055, testhost.dll, TestPluginCache.GetExtensionPaths: Added default extension paths: C:\JokenpoTest\bin\Debug\netcoreapp3.1\fine-code-coverage\build-output\NUnit3.TestAdapter.dll
TpTrace Verbose: 0 : 29688, 4, 2021/10/12, 12:43:04.655, 11020315270264, testhost.dll, TestPluginCache.GetExtensionPaths: Added unfilterableExtensionPaths: 
TpTrace Verbose: 0 : 29688, 4, 2021/10/12, 12:43:04.655, 11020315270535, testhost.dll, TestPluginCache.DiscoverTestExtensions: Discovering the extensions using allExtensionPaths: C:\JokenpoTest\bin\Debug\netcoreapp3.1\fine-code-coverage\build-output\NUnit3.TestAdapter.dll
TpTrace Information: 0 : 29688, 4, 2021/10/12, 12:43:04.655, 11020315270856, testhost.dll, AssemblyResolver.AddSearchDirectories: Adding more searchDirectories C:\JokenpoTest\bin\Debug\netcoreapp3.1\fine-code-coverage\build-output
TpTrace Information: 0 : 29688, 4, 2021/10/12, 12:43:04.657, 11020315289738, testhost.dll, AssemblyResolver.OnResolve: System.ComponentModel.Primitives.resources: Resolving assembly.
TpTrace Information: 0 : 29688, 4, 2021/10/12, 12:43:04.657, 11020315291090, testhost.dll, AssemblyResolver.OnResolve: System.ComponentModel.Primitives.resources: Failed to load assembly.
TpTrace Verbose: 0 : 29688, 4, 2021/10/12, 12:43:04.658, 11020315296951, testhost.dll, CurrentDomain_AssemblyResolve: Resolving assembly 'System.ComponentModel.Primitives.resources'.
TpTrace Information: 0 : 29688, 4, 2021/10/12, 12:43:04.658, 11020315297633, testhost.dll, AssemblyResolver.OnResolve: System.ComponentModel.Primitives.resources: Resolving assembly.
TpTrace Information: 0 : 29688, 4, 2021/10/12, 12:43:04.658, 11020315297966, testhost.dll, AssemblyResolver.OnResolve: System.ComponentModel.Primitives.resources: Resolved from cache.
TpTrace Verbose: 0 : 29688, 4, 2021/10/12, 12:43:04.658, 11020315298244, testhost.dll, CurrentDomain_AssemblyResolve: Resolving assembly 'System.ComponentModel.Primitives.resources'.
TpTrace Verbose: 0 : 29688, 4, 2021/10/12, 12:43:04.658, 11020315298540, testhost.dll, CurrentDomainAssemblyResolve: Failed to resolve assembly 'System.ComponentModel.Primitives.resources'.
TpTrace Verbose: 0 : 29688, 4, 2021/10/12, 12:43:04.659, 11020315304548, testhost.dll, CurrentDomainAssemblyResolve: Failed to resolve assembly 'System.ComponentModel.Primitives.resources'.
TpTrace Information: 0 : 29688, 4, 2021/10/12, 12:43:04.659, 11020315306782, testhost.dll, AssemblyResolver.OnResolve: System.ComponentModel.Primitives.resources: Resolving assembly.
TpTrace Information: 0 : 29688, 4, 2021/10/12, 12:43:04.659, 11020315307112, testhost.dll, AssemblyResolver.OnResolve: System.ComponentModel.Primitives.resources: Resolved from cache.
TpTrace Verbose: 0 : 29688, 4, 2021/10/12, 12:43:04.659, 11020315307399, testhost.dll, CurrentDomain_AssemblyResolve: Resolving assembly 'System.ComponentModel.Primitives.resources'.
TpTrace Verbose: 0 : 29688, 4, 2021/10/12, 12:43:04.659, 11020315307624, testhost.dll, CurrentDomainAssemblyResolve: Failed to resolve assembly 'System.ComponentModel.Primitives.resources'.
TpTrace Verbose: 0 : 29688, 4, 2021/10/12, 12:43:04.660, 11020315314180, testhost.dll, TestPluginCache: Discovered the extensions using extension path ''.
TpTrace Verbose: 0 : 29688, 4, 2021/10/12, 12:43:04.660, 11020315314666, testhost.dll, TestPluginCache: Discoverers are 'NUnit.VisualStudio.TestAdapter.NUnit3TestDiscoverer, NUnit3.TestAdapter, Version=3.17.0.0, Culture=neutral, PublicKeyToken=4cb40d35494691ac'.
TpTrace Verbose: 0 : 29688, 4, 2021/10/12, 12:43:04.660, 11020315314930, testhost.dll, TestPluginCache: Executors are 'executor://NUnit3TestExecutor'.
TpTrace Verbose: 0 : 29688, 4, 2021/10/12, 12:43:04.660, 11020315315513, testhost.dll, TestPluginCache: Executors2 are ''.
TpTrace Verbose: 0 : 29688, 4, 2021/10/12, 12:43:04.660, 11020315315819, testhost.dll, TestPluginCache: Setting providers are ''.
TpTrace Verbose: 0 : 29688, 4, 2021/10/12, 12:43:04.660, 11020315316029, testhost.dll, TestPluginCache: Loggers are ''.
TpTrace Information: 0 : 29688, 4, 2021/10/12, 12:43:04.666, 11020315380358, testhost.dll, PEReaderHelper.GetAssemblyType: Determined assemblyType:'Managed' for source: 'C:\JokenpoTest\bin\Debug\netcoreapp3.1\fine-code-coverage\build-output\JokenpoTest.dll'
TpTrace Verbose: 0 : 29688, 4, 2021/10/12, 12:43:04.672, 11020315436780, testhost.dll, BaseRunTests.RunTestInternalWithExecutors: Running tests for executor://NUnit3TestExecutor
TpTrace Information: 0 : 29688, 4, 2021/10/12, 12:43:04.674, 11020315455099, testhost.dll, AssemblyResolver.OnResolve: nunit.engine: Resolving assembly.
TpTrace Information: 0 : 29688, 4, 2021/10/12, 12:43:04.674, 11020315460800, testhost.dll, AssemblyResolver.OnResolve: Resolved assembly: nunit.engine, from path: C:\JokenpoTest\bin\Debug\netcoreapp3.1\fine-code-coverage\build-output\nunit.engine.dll
TpTrace Information: 0 : 29688, 4, 2021/10/12, 12:43:04.674, 11020315461569, testhost.dll, AssemblyResolver.OnResolve: nunit.engine.core: Resolving assembly.
TpTrace Information: 0 : 29688, 4, 2021/10/12, 12:43:04.675, 11020315465373, testhost.dll, AssemblyResolver.OnResolve: Resolved assembly: nunit.engine.core, from path: C:\JokenpoTest\bin\Debug\netcoreapp3.1\fine-code-coverage\build-output\nunit.engine.core.dll
TpTrace Information: 0 : 29688, 4, 2021/10/12, 12:43:04.682, 11020315534266, testhost.dll, NUnit Adapter 3.17.0.0: Test execution started
TpTrace Verbose: 0 : 29688, 4, 2021/10/12, 12:43:04.682, 11020315535352, testhost.dll, TestRequestHandler.SendData:  sending data from testhost: {"Version":5,"MessageType":"TestSession.Message","Payload":{"MessageLevel":0,"Message":"NUnit Adapter 3.17.0.0: Test execution started"}}
TpTrace Information: 0 : 29688, 4, 2021/10/12, 12:43:04.706, 11020315778999, testhost.dll, Running all tests in C:\JokenpoTest\bin\Debug\netcoreapp3.1\fine-code-coverage\build-output\JokenpoTest.dll
TpTrace Verbose: 0 : 29688, 4, 2021/10/12, 12:43:04.706, 11020315780363, testhost.dll, TestRequestHandler.SendData:  sending data from testhost: {"Version":5,"MessageType":"TestSession.Message","Payload":{"MessageLevel":0,"Message":"Running all tests in C:\\JokenpoTest\\bin\\Debug\\netcoreapp3.1\\fine-code-coverage\\build-output\\JokenpoTest.dll"}}
TpTrace Information: 0 : 29688, 4, 2021/10/12, 12:43:04.715, 11020315864045, testhost.dll, AssemblyResolver.OnResolve: Mono.Cecil: Resolving assembly.
TpTrace Information: 0 : 29688, 4, 2021/10/12, 12:43:04.715, 11020315866125, testhost.dll, AssemblyResolver.OnResolve: Mono.Cecil: Failed to load assembly.
TpTrace Information: 0 : 29688, 4, 2021/10/12, 12:43:04.881, 11020317532537, testhost.dll,    NUnit3TestExecutor discovered 12 of 12 NUnit test cases
TpTrace Verbose: 0 : 29688, 4, 2021/10/12, 12:43:04.882, 11020317533746, testhost.dll, TestRequestHandler.SendData:  sending data from testhost: {"Version":5,"MessageType":"TestSession.Message","Payload":{"MessageLevel":0,"Message":"   NUnit3TestExecutor discovered 12 of 12 NUnit test cases"}}
TpTrace Verbose: 0 : 29688, 12, 2021/10/12, 12:43:04.911, 11020317832881, testhost.dll, TestExecutionRecorder.RecordStart: Starting test: JokenpoTest.Repositories.RepositoryMatchTest.AddMatchTest_IsSucess.
TpTrace Verbose: 0 : 29688, 12, 2021/10/12, 12:43:05.014, 11020318861149, testhost.dll, TestExecutionRecorder.RecordEnd: test: JokenpoTest.Repositories.RepositoryMatchTest.AddMatchTest_IsSucess execution completed.
TpTrace Verbose: 0 : 29688, 12, 2021/10/12, 12:43:05.026, 11020318975798, testhost.dll, TestExecutionRecorder.RecordResult: Received result for test: JokenpoTest.Repositories.RepositoryMatchTest.AddMatchTest_IsSucess.
TpTrace Warning: 0 : 29688, 12, 2021/10/12, 12:43:05.029, 11020319003832, testhost.dll, TestRunCache: InProgressTests is null
TpTrace Warning: 0 : 29688, 12, 2021/10/12, 12:43:05.029, 11020319005616, testhost.dll, TestRunCache: No test found corresponding to testResult 'AddMatchTest_IsSucess' in inProgress list.
TpTrace Verbose: 0 : 29688, 12, 2021/10/12, 12:43:05.029, 11020319006720, testhost.dll, TestExecutionRecorder.RecordStart: Starting test: JokenpoTest.Repositories.RepositoryMatchTest.GetMatchByIdTest_IsSucess.
TpTrace Verbose: 0 : 29688, 12, 2021/10/12, 12:43:05.030, 11020319017149, testhost.dll, TestExecutionRecorder.RecordEnd: test: JokenpoTest.Repositories.RepositoryMatchTest.GetMatchByIdTest_IsSucess execution completed.
TpTrace Verbose: 0 : 29688, 12, 2021/10/12, 12:43:05.031, 11020319024909, testhost.dll, TestExecutionRecorder.RecordResult: Received result for test: JokenpoTest.Repositories.RepositoryMatchTest.GetMatchByIdTest_IsSucess.
TpTrace Warning: 0 : 29688, 12, 2021/10/12, 12:43:05.031, 11020319025553, testhost.dll, TestRunCache: InProgressTests is null
TpTrace Warning: 0 : 29688, 12, 2021/10/12, 12:43:05.031, 11020319025828, testhost.dll, TestRunCache: No test found corresponding to testResult 'GetMatchByIdTest_IsSucess' in inProgress list.
TpTrace Verbose: 0 : 29688, 12, 2021/10/12, 12:43:05.031, 11020319026431, testhost.dll, TestExecutionRecorder.RecordStart: Starting test: JokenpoTest.Repositories.RepositoryMatchTest.GetOpenMatchTest.
TpTrace Verbose: 0 : 29688, 12, 2021/10/12, 12:43:05.032, 11020319033570, testhost.dll, TestExecutionRecorder.RecordEnd: test: JokenpoTest.Repositories.RepositoryMatchTest.GetOpenMatchTest execution completed.
TpTrace Verbose: 0 : 29688, 12, 2021/10/12, 12:43:05.032, 11020319040329, testhost.dll, TestExecutionRecorder.RecordResult: Received result for test: JokenpoTest.Repositories.RepositoryMatchTest.GetOpenMatchTest.
TpTrace Warning: 0 : 29688, 12, 2021/10/12, 12:43:05.032, 11020319041031, testhost.dll, TestRunCache: InProgressTests is null
TpTrace Warning: 0 : 29688, 12, 2021/10/12, 12:43:05.032, 11020319041295, testhost.dll, TestRunCache: No test found corresponding to testResult 'GetOpenMatchTest' in inProgress list.
TpTrace Verbose: 0 : 29688, 12, 2021/10/12, 12:43:05.033, 11020319050785, testhost.dll, TestExecutionRecorder.RecordStart: Starting test: JokenpoTest.RepositoryPlayerTest.AddPlayerTest_IsSucess.
TpTrace Verbose: 0 : 29688, 12, 2021/10/12, 12:43:05.152, 11020320239259, testhost.dll, TestExecutionRecorder.RecordEnd: test: JokenpoTest.RepositoryPlayerTest.AddPlayerTest_IsSucess execution completed.
TpTrace Verbose: 0 : 29688, 12, 2021/10/12, 12:43:05.153, 11020320248709, testhost.dll, TestExecutionRecorder.RecordResult: Received result for test: JokenpoTest.RepositoryPlayerTest.AddPlayerTest_IsSucess.
TpTrace Warning: 0 : 29688, 12, 2021/10/12, 12:43:05.153, 11020320249394, testhost.dll, TestRunCache: InProgressTests is null
TpTrace Warning: 0 : 29688, 12, 2021/10/12, 12:43:05.153, 11020320249659, testhost.dll, TestRunCache: No test found corresponding to testResult 'AddPlayerTest_IsSucess' in inProgress list.
TpTrace Verbose: 0 : 29688, 12, 2021/10/12, 12:43:05.153, 11020320250431, testhost.dll, TestExecutionRecorder.RecordStart: Starting test: JokenpoTest.RepositoryPlayerTest.GetPlayerByIdTest_IsSucess.
TpTrace Verbose: 0 : 29688, 12, 2021/10/12, 12:43:05.156, 11020320276432, testhost.dll, TestExecutionRecorder.RecordEnd: test: JokenpoTest.RepositoryPlayerTest.GetPlayerByIdTest_IsSucess execution completed.
TpTrace Verbose: 0 : 29688, 12, 2021/10/12, 12:43:05.157, 11020320284721, testhost.dll, TestExecutionRecorder.RecordResult: Received result for test: JokenpoTest.RepositoryPlayerTest.GetPlayerByIdTest_IsSucess.
TpTrace Warning: 0 : 29688, 12, 2021/10/12, 12:43:05.157, 11020320285428, testhost.dll, TestRunCache: InProgressTests is null
TpTrace Warning: 0 : 29688, 12, 2021/10/12, 12:43:05.157, 11020320285671, testhost.dll, TestRunCache: No test found corresponding to testResult 'GetPlayerByIdTest_IsSucess' in inProgress list.
TpTrace Verbose: 0 : 29688, 12, 2021/10/12, 12:43:05.157, 11020320287260, testhost.dll, TestExecutionRecorder.RecordStart: Starting test: JokenpoTest.Services.MatchServiceTest.AddMoveInMatch_IsSucessFull.
TpTrace Verbose: 0 : 29688, 12, 2021/10/12, 12:43:05.190, 11020320622074, testhost.dll, TestExecutionRecorder.RecordEnd: test: JokenpoTest.Services.MatchServiceTest.AddMoveInMatch_IsSucessFull execution completed.
TpTrace Verbose: 0 : 29688, 12, 2021/10/12, 12:43:05.191, 11020320631554, testhost.dll, TestExecutionRecorder.RecordResult: Received result for test: JokenpoTest.Services.MatchServiceTest.AddMoveInMatch_IsSucessFull.
TpTrace Warning: 0 : 29688, 12, 2021/10/12, 12:43:05.191, 11020320632209, testhost.dll, TestRunCache: InProgressTests is null
TpTrace Warning: 0 : 29688, 12, 2021/10/12, 12:43:05.191, 11020320632467, testhost.dll, TestRunCache: No test found corresponding to testResult 'AddMoveInMatch_IsSucessFull' in inProgress list.
TpTrace Verbose: 0 : 29688, 12, 2021/10/12, 12:43:05.191, 11020320633210, testhost.dll, TestExecutionRecorder.RecordStart: Starting test: JokenpoTest.Services.MatchServiceTest.AddMoveInMatch_NotPlayer.
TpTrace Verbose: 0 : 29688, 12, 2021/10/12, 12:43:05.203, 11020320750900, testhost.dll, TestExecutionRecorder.RecordEnd: test: JokenpoTest.Services.MatchServiceTest.AddMoveInMatch_NotPlayer execution completed.
TpTrace Verbose: 0 : 29688, 12, 2021/10/12, 12:43:05.204, 11020320759959, testhost.dll, TestExecutionRecorder.RecordResult: Received result for test: JokenpoTest.Services.MatchServiceTest.AddMoveInMatch_NotPlayer.
TpTrace Warning: 0 : 29688, 12, 2021/10/12, 12:43:05.204, 11020320760794, testhost.dll, TestRunCache: InProgressTests is null
TpTrace Warning: 0 : 29688, 12, 2021/10/12, 12:43:05.204, 11020320761056, testhost.dll, TestRunCache: No test found corresponding to testResult 'AddMoveInMatch_NotPlayer' in inProgress list.
TpTrace Verbose: 0 : 29688, 12, 2021/10/12, 12:43:05.204, 11020320761735, testhost.dll, TestExecutionRecorder.RecordStart: Starting test: JokenpoTest.Services.MatchServiceTest.AddMoveInMatch_PlayerDeactivated.
TpTrace Verbose: 0 : 29688, 12, 2021/10/12, 12:43:05.209, 11020320805542, testhost.dll, TestExecutionRecorder.RecordEnd: test: JokenpoTest.Services.MatchServiceTest.AddMoveInMatch_PlayerDeactivated execution completed.
TpTrace Verbose: 0 : 29688, 12, 2021/10/12, 12:43:05.210, 11020320814862, testhost.dll, TestExecutionRecorder.RecordResult: Received result for test: JokenpoTest.Services.MatchServiceTest.AddMoveInMatch_PlayerDeactivated.
TpTrace Warning: 0 : 29688, 12, 2021/10/12, 12:43:05.210, 11020320815966, testhost.dll, TestRunCache: InProgressTests is null
TpTrace Warning: 0 : 29688, 12, 2021/10/12, 12:43:05.210, 11020320816231, testhost.dll, TestRunCache: No test found corresponding to testResult 'AddMoveInMatch_PlayerDeactivated' in inProgress list.
TpTrace Verbose: 0 : 29688, 12, 2021/10/12, 12:43:05.210, 11020320817767, testhost.dll, TestExecutionRecorder.RecordStart: Starting test: JokenpoTest.Services.PlayerServiceTest.AddPlayerTest.
TpTrace Verbose: 0 : 29688, 12, 2021/10/12, 12:43:05.217, 11020320893231, testhost.dll, TestExecutionRecorder.RecordEnd: test: JokenpoTest.Services.PlayerServiceTest.AddPlayerTest execution completed.
TpTrace Verbose: 0 : 29688, 12, 2021/10/12, 12:43:05.218, 11020320902046, testhost.dll, TestExecutionRecorder.RecordResult: Received result for test: JokenpoTest.Services.PlayerServiceTest.AddPlayerTest.
TpTrace Warning: 0 : 29688, 12, 2021/10/12, 12:43:05.218, 11020320902818, testhost.dll, TestRunCache: InProgressTests is null
TpTrace Warning: 0 : 29688, 12, 2021/10/12, 12:43:05.218, 11020320903078, testhost.dll, TestRunCache: No test found corresponding to testResult 'AddPlayerTest' in inProgress list.
TpTrace Verbose: 0 : 29688, 12, 2021/10/12, 12:43:05.219, 11020320903718, testhost.dll, TestExecutionRecorder.RecordStart: Starting test: JokenpoTest.Services.PlayerServiceTest.AddPlayerTest_NotEmail.
TpTrace Information: 0 : 29688, 12, 2021/10/12, 12:43:05.220, 11020320917291, testhost.dll, Sending test run statistics
TpTrace Verbose: 0 : 29688, 12, 2021/10/12, 12:43:05.244, 11020321160059, testhost.dll, TestRequestHandler.SendData:  sending data from testhost: {"Version":5,"MessageType":"TestExecution.StatsChange","Payload":{"NewTestResults":[{"TestCase":{"Id":"58f2a5c5-5186-9902-3bd9-5b6b518337f0","FullyQualifiedName":"JokenpoTest.Repositories.RepositoryMatchTest.AddMatchTest_IsSucess","DisplayName":"AddMatchTest_IsSucess","ExecutorUri":"executor://NUnit3TestExecutor","Source":"C:\\JokenpoTest\\bin\\Debug\\netcoreapp3.1\\fine-code-coverage\\build-output\\JokenpoTest.dll","CodeFilePath":null,"LineNumber":0,"Properties":[]},"Attachments":[],"Outcome":1,"ErrorMessage":null,"ErrorStackTrace":null,"DisplayName":"AddMatchTest_IsSucess","Messages":[],"ComputerName":"LAPTOP-POTN3MF7","Duration":"00:00:00.0965730","StartTime":"2021-10-12T15:43:04.9111246+00:00","EndTime":"2021-10-12T15:43:05.0076202+00:00","Properties":[]},{"TestCase":{"Id":"4f32846b-35af-8b97-b072-79182fada606","FullyQualifiedName":"JokenpoTest.Repositories.RepositoryMatchTest.GetMatchByIdTest_IsSucess","DisplayName":"GetMatchByIdTest_IsSucess","ExecutorUri":"executor://NUnit3TestExecutor","Source":"C:\\JokenpoTest\\bin\\Debug\\netcoreapp3.1\\fine-code-coverage\\build-output\\JokenpoTest.dll","CodeFilePath":null,"LineNumber":0,"Properties":[]},"Attachments":[],"Outcome":1,"ErrorMessage":null,"ErrorStackTrace":null,"DisplayName":"GetMatchByIdTest_IsSucess","Messages":[],"ComputerName":"LAPTOP-POTN3MF7","Duration":"00:00:00.0008910","StartTime":"2021-10-12T15:43:05.0091265+00:00","EndTime":"2021-10-12T15:43:05.0100175+00:00","Properties":[]},{"TestCase":{"Id":"55350e06-373e-d97c-3e48-be9d57947a72","FullyQualifiedName":"JokenpoTest.Repositories.RepositoryMatchTest.GetOpenMatchTest","DisplayName":"GetOpenMatchTest","ExecutorUri":"executor://NUnit3TestExecutor","Source":"C:\\JokenpoTest\\bin\\Debug\\netcoreapp3.1\\fine-code-coverage\\build-output\\JokenpoTest.dll","CodeFilePath":null,"LineNumber":0,"Properties":[]},"Attachments":[],"Outcome":1,"ErrorMessage":null,"ErrorStackTrace":null,"DisplayName":"GetOpenMatchTest","Messages":[],"ComputerName":"LAPTOP-POTN3MF7","Duration":"00:00:00.0085690","StartTime":"2021-10-12T15:43:05.010046+00:00","EndTime":"2021-10-12T15:43:05.0186125+00:00","Properties":[]},{"TestCase":{"Id":"3a9360a4-542b-7150-c2ad-3194b0fab7ed","FullyQualifiedName":"JokenpoTest.RepositoryPlayerTest.AddPlayerTest_IsSucess","DisplayName":"AddPlayerTest_IsSucess","ExecutorUri":"executor://NUnit3TestExecutor","Source":"C:\\JokenpoTest\\bin\\Debug\\netcoreapp3.1\\fine-code-coverage\\build-output\\JokenpoTest.dll","CodeFilePath":null,"LineNumber":0,"Properties":[]},"Attachments":[],"Outcome":1,"ErrorMessage":null,"ErrorStackTrace":null,"DisplayName":"AddPlayerTest_IsSucess","Messages":[],"ComputerName":"LAPTOP-POTN3MF7","Duration":"00:00:00.1316670","StartTime":"2021-10-12T15:43:05.0207265+00:00","EndTime":"2021-10-12T15:43:05.1523913+00:00","Properties":[]},{"TestCase":{"Id":"32c7db70-c372-cbd2-6e27-3867f97beca9","FullyQualifiedName":"JokenpoTest.RepositoryPlayerTest.GetPlayerByIdTest_IsSucess","DisplayName":"GetPlayerByIdTest_IsSucess","ExecutorUri":"executor://NUnit3TestExecutor","Source":"C:\\JokenpoTest\\bin\\Debug\\netcoreapp3.1\\fine-code-coverage\\build-output\\JokenpoTest.dll","CodeFilePath":null,"LineNumber":0,"Properties":[]},"Attachments":[],"Outcome":1,"ErrorMessage":null,"ErrorStackTrace":null,"DisplayName":"GetPlayerByIdTest_IsSucess","Messages":[],"ComputerName":"LAPTOP-POTN3MF7","Duration":"00:00:00.0037170","StartTime":"2021-10-12T15:43:05.1524329+00:00","EndTime":"2021-10-12T15:43:05.1561487+00:00","Properties":[]},{"TestCase":{"Id":"c3c3a499-691a-d951-21cc-a8ee07903c52","FullyQualifiedName":"JokenpoTest.Services.MatchServiceTest.AddMoveInMatch_IsSucessFull","DisplayName":"AddMoveInMatch_IsSucessFull","ExecutorUri":"executor://NUnit3TestExecutor","Source":"C:\\JokenpoTest\\bin\\Debug\\netcoreapp3.1\\fine-code-coverage\\build-output\\JokenpoTest.dll","CodeFilePath":null,"LineNumber":0,"Properties":[]},"Attachments":[],"Outcome":1,"ErrorMessage":null,"ErrorStackTrace":null,"DisplayName":"AddMoveInMatch_IsSucessFull","Messages":[],"ComputerName":"LAPTOP-POTN3MF7","Duration":"00:00:00.0344030","StartTime":"2021-10-12T15:43:05.156262+00:00","EndTime":"2021-10-12T15:43:05.1906626+00:00","Properties":[]},{"TestCase":{"Id":"d03d4072-3b58-ba09-7252-f0ff6d7c292b","FullyQualifiedName":"JokenpoTest.Services.MatchServiceTest.AddMoveInMatch_NotPlayer","DisplayName":"AddMoveInMatch_NotPlayer","ExecutorUri":"executor://NUnit3TestExecutor","Source":"C:\\JokenpoTest\\bin\\Debug\\netcoreapp3.1\\fine-code-coverage\\build-output\\JokenpoTest.dll","CodeFilePath":null,"LineNumber":0,"Properties":[]},"Attachments":[],"Outcome":1,"ErrorMessage":null,"ErrorStackTrace":null,"DisplayName":"AddMoveInMatch_NotPlayer","Messages":[],"ComputerName":"LAPTOP-POTN3MF7","Duration":"00:00:00.0128390","StartTime":"2021-10-12T15:43:05.1906879+00:00","EndTime":"2021-10-12T15:43:05.2035247+00:00","Properties":[]},{"TestCase":{"Id":"2a1ea5db-80a8-8935-49ad-c74394f25aa9","FullyQualifiedName":"JokenpoTest.Services.MatchServiceTest.AddMoveInMatch_PlayerDeactivated","DisplayName":"AddMoveInMatch_PlayerDeactivated","ExecutorUri":"executor://NUnit3TestExecutor","Source":"C:\\JokenpoTest\\bin\\Debug\\netcoreapp3.1\\fine-code-coverage\\build-output\\JokenpoTest.dll","CodeFilePath":null,"LineNumber":0,"Properties":[]},"Attachments":[],"Outcome":1,"ErrorMessage":null,"ErrorStackTrace":null,"DisplayName":"AddMoveInMatch_PlayerDeactivated","Messages":[],"ComputerName":"LAPTOP-POTN3MF7","Duration":"00:00:00.0054560","StartTime":"2021-10-12T15:43:05.2035466+00:00","EndTime":"2021-10-12T15:43:05.2090009+00:00","Properties":[]},{"TestCase":{"Id":"27196cd4-4769-4c6f-471b-614a1440fb35","FullyQualifiedName":"JokenpoTest.Services.PlayerServiceTest.AddPlayerTest","DisplayName":"AddPlayerTest","ExecutorUri":"executor://NUnit3TestExecutor","Source":"C:\\JokenpoTest\\bin\\Debug\\netcoreapp3.1\\fine-code-coverage\\build-output\\JokenpoTest.dll","CodeFilePath":null,"LineNumber":0,"Properties":[]},"Attachments":[],"Outcome":1,"ErrorMessage":null,"ErrorStackTrace":null,"DisplayName":"AddPlayerTest","Messages":[],"ComputerName":"LAPTOP-POTN3MF7","Duration":"00:00:00.0086320","StartTime":"2021-10-12T15:43:05.2091928+00:00","EndTime":"2021-10-12T15:43:05.2178231+00:00","Properties":[]}],"TestRunStatistics":{"ExecutedTests":9,"Stats":{"Passed":9}},"ActiveTests":[{"Id":"72b6aa55-a0d7-200c-2c8e-560e757b291c","FullyQualifiedName":"JokenpoTest.Services.PlayerServiceTest.AddPlayerTest_NotEmail","DisplayName":"AddPlayerTest_NotEmail","ExecutorUri":"executor://NUnit3TestExecutor","Source":"C:\\JokenpoTest\\bin\\Debug\\netcoreapp3.1\\fine-code-coverage\\build-output\\JokenpoTest.dll","CodeFilePath":null,"LineNumber":0,"Properties":[]}]}}
TpTrace Verbose: 0 : 29688, 12, 2021/10/12, 12:43:05.244, 11020321162455, testhost.dll, TestRunCache: OnNewTestResult: Notified the onCacheHit callback.
TpTrace Verbose: 0 : 29688, 12, 2021/10/12, 12:43:05.245, 11020321172864, testhost.dll, TestExecutionRecorder.RecordEnd: test: JokenpoTest.Services.PlayerServiceTest.AddPlayerTest_NotEmail execution completed.
TpTrace Warning: 0 : 29688, 12, 2021/10/12, 12:43:05.246, 11020321173460, testhost.dll, TestRunCache: InProgressTests is null
TpTrace Verbose: 0 : 29688, 12, 2021/10/12, 12:43:05.246, 11020321180934, testhost.dll, TestExecutionRecorder.RecordResult: Received result for test: JokenpoTest.Services.PlayerServiceTest.AddPlayerTest_NotEmail.
TpTrace Warning: 0 : 29688, 12, 2021/10/12, 12:43:05.246, 11020321181803, testhost.dll, TestRunCache: InProgressTests is null
TpTrace Warning: 0 : 29688, 12, 2021/10/12, 12:43:05.246, 11020321182077, testhost.dll, TestRunCache: No test found corresponding to testResult 'AddPlayerTest_NotEmail' in inProgress list.
TpTrace Verbose: 0 : 29688, 12, 2021/10/12, 12:43:05.246, 11020321183015, testhost.dll, TestExecutionRecorder.RecordStart: Starting test: JokenpoTest.Services.PlayerServiceTest.DeletarPlayerTest.
TpTrace Verbose: 0 : 29688, 12, 2021/10/12, 12:43:05.247, 11020321191374, testhost.dll, TestExecutionRecorder.RecordEnd: test: JokenpoTest.Services.PlayerServiceTest.DeletarPlayerTest execution completed.
TpTrace Verbose: 0 : 29688, 12, 2021/10/12, 12:43:05.248, 11020321197834, testhost.dll, TestExecutionRecorder.RecordResult: Received result for test: JokenpoTest.Services.PlayerServiceTest.DeletarPlayerTest.
TpTrace Warning: 0 : 29688, 12, 2021/10/12, 12:43:05.248, 11020321198622, testhost.dll, TestRunCache: InProgressTests is null
TpTrace Warning: 0 : 29688, 12, 2021/10/12, 12:43:05.248, 11020321199265, testhost.dll, TestRunCache: No test found corresponding to testResult 'DeletarPlayerTest' in inProgress list.
TpTrace Verbose: 0 : 29688, 12, 2021/10/12, 12:43:05.248, 11020321199897, testhost.dll, TestExecutionRecorder.RecordStart: Starting test: JokenpoTest.Services.PlayerServiceTest.GetPlayerByIdTest.
TpTrace Verbose: 0 : 29688, 12, 2021/10/12, 12:43:05.249, 11020321207503, testhost.dll, TestExecutionRecorder.RecordEnd: test: JokenpoTest.Services.PlayerServiceTest.GetPlayerByIdTest execution completed.
TpTrace Verbose: 0 : 29688, 12, 2021/10/12, 12:43:05.250, 11020321215006, testhost.dll, TestExecutionRecorder.RecordResult: Received result for test: JokenpoTest.Services.PlayerServiceTest.GetPlayerByIdTest.
TpTrace Warning: 0 : 29688, 12, 2021/10/12, 12:43:05.250, 11020321216099, testhost.dll, TestRunCache: InProgressTests is null
TpTrace Warning: 0 : 29688, 12, 2021/10/12, 12:43:05.250, 11020321216370, testhost.dll, TestRunCache: No test found corresponding to testResult 'GetPlayerByIdTest' in inProgress list.
TpTrace Information: 0 : 29688, 4, 2021/10/12, 12:43:05.253, 11020321244362, testhost.dll, NUnit Adapter 3.17.0.0: Test execution complete
TpTrace Verbose: 0 : 29688, 4, 2021/10/12, 12:43:05.253, 11020321245500, testhost.dll, TestRequestHandler.SendData:  sending data from testhost: {"Version":5,"MessageType":"TestSession.Message","Payload":{"MessageLevel":0,"Message":"NUnit Adapter 3.17.0.0: Test execution complete"}}
TpTrace Verbose: 0 : 29688, 4, 2021/10/12, 12:43:05.258, 11020321294040, testhost.dll, BaseRunTests.RunTestInternalWithExecutors: Completed running tests for executor://NUnit3TestExecutor
TpTrace Information: 0 : 29688, 4, 2021/10/12, 12:43:05.260, 11020321314750, testhost.dll, Sending test run complete
TpTrace Verbose: 0 : 29688, 4, 2021/10/12, 12:43:05.269, 11020321406143, testhost.dll, TestRequestHandler.SendData:  sending data from testhost: {"Version":5,"MessageType":"TestExecution.Completed","Payload":{"TestRunCompleteArgs":{"TestRunStatistics":{"ExecutedTests":12,"Stats":{"Passed":12}},"IsCanceled":false,"IsAborted":false,"Error":null,"AttachmentSets":[],"ElapsedTimeInRunningTests":"00:00:00.5899093","Metrics":{}},"LastRunTests":{"NewTestResults":[{"TestCase":{"Id":"72b6aa55-a0d7-200c-2c8e-560e757b291c","FullyQualifiedName":"JokenpoTest.Services.PlayerServiceTest.AddPlayerTest_NotEmail","DisplayName":"AddPlayerTest_NotEmail","ExecutorUri":"executor://NUnit3TestExecutor","Source":"C:\\JokenpoTest\\bin\\Debug\\netcoreapp3.1\\fine-code-coverage\\build-output\\JokenpoTest.dll","CodeFilePath":null,"LineNumber":0,"Properties":[]},"Attachments":[],"Outcome":1,"ErrorMessage":null,"ErrorStackTrace":null,"DisplayName":"AddPlayerTest_NotEmail","Messages":[],"ComputerName":"LAPTOP-POTN3MF7","Duration":"00:00:00.0028230","StartTime":"2021-10-12T15:43:05.2178432+00:00","EndTime":"2021-10-12T15:43:05.2206655+00:00","Properties":[]},{"TestCase":{"Id":"60a0d88a-27b9-09f3-60e1-9c01f085e296","FullyQualifiedName":"JokenpoTest.Services.PlayerServiceTest.DeletarPlayerTest","DisplayName":"DeletarPlayerTest","ExecutorUri":"executor://NUnit3TestExecutor","Source":"C:\\JokenpoTest\\bin\\Debug\\netcoreapp3.1\\fine-code-coverage\\build-output\\JokenpoTest.dll","CodeFilePath":null,"LineNumber":0,"Properties":[]},"Attachments":[],"Outcome":1,"ErrorMessage":null,"ErrorStackTrace":null,"DisplayName":"DeletarPlayerTest","Messages":[],"ComputerName":"LAPTOP-POTN3MF7","Duration":"00:00:00.0036210","StartTime":"2021-10-12T15:43:05.2206802+00:00","EndTime":"2021-10-12T15:43:05.2243002+00:00","Properties":[]},{"TestCase":{"Id":"870685cf-7f38-b2cc-ddea-bbdc726b99ef","FullyQualifiedName":"JokenpoTest.Services.PlayerServiceTest.GetPlayerByIdTest","DisplayName":"GetPlayerByIdTest","ExecutorUri":"executor://NUnit3TestExecutor","Source":"C:\\JokenpoTest\\bin\\Debug\\netcoreapp3.1\\fine-code-coverage\\build-output\\JokenpoTest.dll","CodeFilePath":null,"LineNumber":0,"Properties":[]},"Attachments":[],"Outcome":1,"ErrorMessage":null,"ErrorStackTrace":null,"DisplayName":"GetPlayerByIdTest","Messages":[],"ComputerName":"LAPTOP-POTN3MF7","Duration":"00:00:00.0033420","StartTime":"2021-10-12T15:43:05.2243151+00:00","EndTime":"2021-10-12T15:43:05.2276555+00:00","Properties":[]}],"TestRunStatistics":{"ExecutedTests":12,"Stats":{"Passed":12}},"ActiveTests":[]},"RunAttachments":[],"ExecutorUris":["executor://nunit3testexecutor/"]}}
TpTrace Verbose: 0 : 29688, 4, 2021/10/12, 12:43:05.269, 11020321409842, testhost.dll, BaseRunTests.RunTests: Run is complete.
TpTrace Verbose: 0 : 29688, 8, 2021/10/12, 12:43:05.270, 11020321421310, testhost.dll, TcpClientExtensions.MessageLoopAsync: NotifyDataAvailable remoteEndPoint: [::ffff:127.0.0.1]:53450 localEndPoint: [::ffff:127.0.0.1]:53451
TpTrace Information: 0 : 29688, 8, 2021/10/12, 12:43:05.270, 11020321422563, testhost.dll, TestRequestHandler.ProcessRequests: received message: (TestSession.Terminate) -> null
TpTrace Information: 0 : 29688, 8, 2021/10/12, 12:43:05.270, 11020321422859, testhost.dll, Session End message received from server. Closing the connection.
TpTrace Information: 0 : 29688, 8, 2021/10/12, 12:43:05.271, 11020321425411, testhost.dll, SocketClient.Stop: Stop communication from server endpoint: 127.0.0.1:053450
TpTrace Information: 0 : 29688, 8, 2021/10/12, 12:43:05.271, 11020321425762, testhost.dll, SocketClient: Stop: Cancellation requested. Stopping message loop.
TpTrace Verbose: 0 : 29688, 8, 2021/10/12, 12:43:05.271, 11020321427181, testhost.dll, LengthPrefixCommunicationChannel.Dispose: Dispose reader and writer.
TpTrace Information: 0 : 29688, 8, 2021/10/12, 12:43:05.271, 11020321427586, testhost.dll, Closing the connection !
TpTrace Information: 0 : 29688, 8, 2021/10/12, 12:43:05.271, 11020321429235, testhost.dll, SocketClient.PrivateStop: Stop communication from server endpoint: 127.0.0.1:053450, error:
TpTrace Verbose: 0 : 29688, 8, 2021/10/12, 12:43:05.271, 11020321431669, testhost.dll, LengthPrefixCommunicationChannel.Dispose: Dispose reader and writer.
TpTrace Information: 0 : 29688, 1, 2021/10/12, 12:43:05.271, 11020321431733, testhost.dll, Closing the connection !
TpTrace Verbose: 0 : 29688, 8, 2021/10/12, 12:43:05.271, 11020321432521, testhost.dll, TcpClientExtensions.MessageLoopAsync: exiting MessageLoopAsync remoteEndPoint: [::ffff:127.0.0.1]:53450 localEndPoint: [::ffff:127.0.0.1]:53451
TpTrace Information: 0 : 29688, 1, 2021/10/12, 12:43:05.272, 11020321433367, testhost.dll, SocketClient.Stop: Stop communication from server endpoint: 127.0.0.1:053450
TpTrace Verbose: 0 : 29688, 1, 2021/10/12, 12:43:05.272, 11020321433868, testhost.dll, LengthPrefixCommunicationChannel.Dispose: Dispose reader and writer.
TpTrace Information: 0 : 29688, 1, 2021/10/12, 12:43:05.272, 11020321434852, testhost.dll, Testhost process exiting.
