TpTrace Verbose: 0 : 25000, 1, 2021/10/12, 10:55:26.909, 10955737817534, testhost.dll, Version: 16.9.4
TpTrace Information: 0 : 25000, 1, 2021/10/12, 10:55:26.913, 10955737851668, testhost.dll, DefaultEngineInvoker.Invoke: Testhost process started with args :[--port, 53395],[--endpoint, 127.0.0.1:053395],[--role, client],[--parentprocessid, 21156],[--diag, C:\JokenpoTest\bin\Debug\netcoreapp3.1\fine-code-coverage\coverage-tool-output\diagnostics.host.21-10-12_10-55-26_78783_6.log],[--tracelevel, 4],[--datacollectionport, 53394],[--telemetryoptedin, false]
TpTrace Information: 0 : 25000, 1, 2021/10/12, 10:55:26.915, 10955737866689, testhost.dll, Setting up debug trace listener.
TpTrace Verbose: 0 : 25000, 1, 2021/10/12, 10:55:26.915, 10955737868151, testhost.dll, TestPlatformTraceListener.Setup: Replacing listener 0 with TestHostTraceListener.
TpTrace Verbose: 0 : 25000, 1, 2021/10/12, 10:55:26.915, 10955737868556, testhost.dll, TestPlatformTraceListener.Setup: Added test platform trace listener.
TpTrace Information: 0 : 25000, 1, 2021/10/12, 10:55:26.915, 10955737871271, testhost.dll, DefaultEngineInvoker.SetParentProcessExitCallback: Monitoring parent process with id: '21156'
TpTrace Information: 0 : 25000, 1, 2021/10/12, 10:55:26.920, 10955737922032, testhost.dll, DefaultEngineInvoker.GetConnectionInfo: Initialize communication on endpoint address: '127.0.0.1:053395'
TpTrace Information: 0 : 25000, 1, 2021/10/12, 10:55:26.932, 10955738040096, testhost.dll, SocketClient.Start: connecting to server endpoint: 127.0.0.1:053395
TpTrace Information: 0 : 25000, 1, 2021/10/12, 10:55:26.936, 10955738079865, testhost.dll, DefaultEngineInvoker.ConnectToDatacollector: Connecting to datacollector, port: 53394
TpTrace Information: 0 : 25000, 8, 2021/10/12, 10:55:26.938, 10955738096082, testhost.dll, SocketClient.OnServerConnected: connected to server endpoint: 127.0.0.1:053395
TpTrace Information: 0 : 25000, 1, 2021/10/12, 10:55:26.939, 10955738108215, testhost.dll, Trying to connect to server on socket : 127.0.0.1:53394 
TpTrace Verbose: 0 : 25000, 8, 2021/10/12, 10:55:26.939, 10955738110136, testhost.dll, Connected to server, and starting MessageLoopAsync
TpTrace Verbose: 0 : 25000, 1, 2021/10/12, 10:55:26.939, 10955738111979, testhost.dll, SocketCommunicationManager : SetupClientAsync : Attempting to connect to the server.
TpTrace Information: 0 : 25000, 10, 2021/10/12, 10:55:26.941, 10955738127597, testhost.dll, Connected to the server successfully 
TpTrace Information: 0 : 25000, 10, 2021/10/12, 10:55:26.941, 10955738128575, testhost.dll, Using the buffer size of 16384 bytes
TpTrace Information: 0 : 25000, 1, 2021/10/12, 10:55:26.941, 10955738133054, testhost.dll, DefaultEngineInvoker.Invoke: Start Request Processing.
TpTrace Information: 0 : 25000, 11, 2021/10/12, 10:55:26.942, 10955738139606, testhost.dll, DefaultEngineInvoker.StartProcessingAsync: Connected to vstest.console, Starting process requests.
TpTrace Verbose: 0 : 25000, 9, 2021/10/12, 10:55:26.942, 10955738142622, testhost.dll, TcpClientExtensions.MessageLoopAsync: Polling on remoteEndPoint: [::ffff:127.0.0.1]:53395 localEndPoint: [::ffff:127.0.0.1]:53396
TpTrace Verbose: 0 : 25000, 9, 2021/10/12, 10:55:26.943, 10955738145880, testhost.dll, TcpClientExtensions.MessageLoopAsync: NotifyDataAvailable remoteEndPoint: [::ffff:127.0.0.1]:53395 localEndPoint: [::ffff:127.0.0.1]:53396
TpTrace Information: 0 : 25000, 9, 2021/10/12, 10:55:27.051, 10955739229243, testhost.dll, TestRequestHandler.ProcessRequests: received message: (ProtocolVersion) -> 5
TpTrace Verbose: 0 : 25000, 9, 2021/10/12, 10:55:27.075, 10955739467906, testhost.dll, TestRequestHandler.SendData:  sending data from testhost: {"Version":5,"MessageType":"TestSession.Message","Payload":{"MessageLevel":0,"Message":"Registro em log do diagnóstico TestHost no arquivo: C:\\JokenpoTest\\bin\\Debug\\netcoreapp3.1\\fine-code-coverage\\coverage-tool-output\\diagnostics.host.21-10-12_10-55-26_78783_6.log"}}
TpTrace Verbose: 0 : 25000, 9, 2021/10/12, 10:55:27.075, 10955739469802, testhost.dll, TcpClientExtensions.MessageLoopAsync: Polling on remoteEndPoint: [::ffff:127.0.0.1]:53395 localEndPoint: [::ffff:127.0.0.1]:53396
TpTrace Verbose: 0 : 25000, 9, 2021/10/12, 10:55:27.075, 10955739470888, testhost.dll, TcpClientExtensions.MessageLoopAsync: NotifyDataAvailable remoteEndPoint: [::ffff:127.0.0.1]:53395 localEndPoint: [::ffff:127.0.0.1]:53396
TpTrace Information: 0 : 25000, 9, 2021/10/12, 10:55:27.078, 10955739500807, testhost.dll, TestRequestHandler.ProcessRequests: received message: (TestExecution.Initialize) -> [
  "C:\\JokenpoTest\\bin\\Debug\\netcoreapp3.1\\fine-code-coverage\\build-output\\NUnit3.TestAdapter.dll"
]
TpTrace Information: 0 : 25000, 9, 2021/10/12, 10:55:27.078, 10955739501663, testhost.dll, Execution Session Initialize.
TpTrace Verbose: 0 : 25000, 9, 2021/10/12, 10:55:27.084, 10955739559383, testhost.dll, TcpClientExtensions.MessageLoopAsync: Polling on remoteEndPoint: [::ffff:127.0.0.1]:53395 localEndPoint: [::ffff:127.0.0.1]:53396
TpTrace Verbose: 0 : 25000, 9, 2021/10/12, 10:55:27.084, 10955739560307, testhost.dll, TcpClientExtensions.MessageLoopAsync: NotifyDataAvailable remoteEndPoint: [::ffff:127.0.0.1]:53395 localEndPoint: [::ffff:127.0.0.1]:53396
TpTrace Verbose: 0 : 25000, 4, 2021/10/12, 10:55:27.086, 10955739579070, testhost.dll, TestExecutorService: Loading the extensions
TpTrace Information: 0 : 25000, 9, 2021/10/12, 10:55:27.086, 10955739583107, testhost.dll, TestRequestHandler.ProcessRequests: received message: (TestExecution.StartWithSources) -> {
  "AdapterSourceMap": {
    "_none_": [
      "C:\\JokenpoTest\\bin\\Debug\\netcoreapp3.1\\fine-code-coverage\\build-output\\JokenpoTest.dll"
    ]
  },
  "RunSettings": "<RunSettings>\r\n  <RunConfiguration>\r\n    <ResultsDirectory>C:\\JokenpoTest\\bin\\Debug\\netcoreapp3.1\\fine-code-coverage\\coverage-tool-output</ResultsDirectory>\r\n    <TargetPlatform>X64</TargetPlatform>\r\n    <TargetFrameworkVersion>.NETCoreApp,Version=v3.1</TargetFrameworkVersion>\r\n    <DesignMode>False</DesignMode>\r\n    <CollectSourceInformation>False</CollectSourceInformation>\r\n  </RunConfiguration>\r\n  <LoggerRunSettings>\r\n    <Loggers>\r\n      <Logger friendlyName=\"blame\" enabled=\"True\" />\r\n      <Logger friendlyName=\"Console\" uri=\"logger://microsoft/TestPlatform/ConsoleLogger/v1\" assemblyQualifiedName=\"Microsoft.VisualStudio.TestPlatform.CommandLine.Internal.ConsoleLogger, vstest.console, Version=15.0.0.0, Culture=neutral, PublicKeyToken=b03f5f7f11d50a3a\" codeBase=\"C:\\Program Files\\dotnet\\sdk\\5.0.400\\vstest.console.dll\" enabled=\"True\" />\r\n    </Loggers>\r\n  </LoggerRunSettings>\r\n  <DataCollectionRunSettings>\r\n    <DataCollectors>\r\n      <DataCollector friendlyName=\"blame\" enabled=\"True\">\r\n        <Configuration>\r\n          <ResultsDirectory>C:\\JokenpoTest\\bin\\Debug\\netcoreapp3.1\\fine-code-coverage\\coverage-tool-output</ResultsDirectory>\r\n        </Configuration>\r\n      </DataCollector>\r\n    </DataCollectors>\r\n  </DataCollectionRunSettings>\r\n</RunSettings>",
  "TestExecutionContext": {
    "FrequencyOfRunStatsChangeEvent": 10,
    "RunStatsChangeEventTimeout": "00:00:01.5000000",
    "InIsolation": false,
    "KeepAlive": false,
    "AreTestCaseLevelEventsRequired": false,
    "IsDebug": false,
    "TestCaseFilter": null,
    "FilterOptions": null
  },
  "Package": null
}
TpTrace Information: 0 : 25000, 9, 2021/10/12, 10:55:27.087, 10955739583853, testhost.dll, Execution started.
TpTrace Verbose: 0 : 25000, 4, 2021/10/12, 10:55:27.088, 10955739593448, testhost.dll, TestPluginCache.DiscoverTestExtensions: finding test extensions in assemblies ends with: TestAdapter.dll TPluginInfo: Microsoft.VisualStudio.TestPlatform.Common.ExtensionFramework.Utilities.TestExecutorPluginInformation TExtension: Microsoft.VisualStudio.TestPlatform.ObjectModel.Adapter.ITestExecutor
TpTrace Verbose: 0 : 25000, 4, 2021/10/12, 10:55:27.088, 10955739601359, testhost.dll, TestPluginCache.GetExtensionPaths: Filtered extension paths: 
TpTrace Verbose: 0 : 25000, 4, 2021/10/12, 10:55:27.089, 10955739604403, testhost.dll, TestPluginCache.GetExtensionPaths: Added default extension paths: C:\JokenpoTest\bin\Debug\netcoreapp3.1\fine-code-coverage\build-output\NUnit3.TestAdapter.dll
TpTrace Verbose: 0 : 25000, 4, 2021/10/12, 10:55:27.089, 10955739605230, testhost.dll, TestPluginCache.GetExtensionPaths: Added unfilterableExtensionPaths: 
TpTrace Information: 0 : 25000, 4, 2021/10/12, 10:55:27.091, 10955739625250, testhost.dll, AssemblyResolver.ctor: Creating AssemblyResolver with searchDirectories C:\JokenpoTest\bin\Debug\netcoreapp3.1\fine-code-coverage\build-output
TpTrace Verbose: 0 : 25000, 4, 2021/10/12, 10:55:27.092, 10955739639364, testhost.dll, TestPluginCache.DiscoverTestExtensions: Discovering the extensions using extension path.
TpTrace Verbose: 0 : 25000, 4, 2021/10/12, 10:55:27.092, 10955739640320, testhost.dll, TestPluginCache.GetExtensionPaths: Filtered extension paths: 
TpTrace Verbose: 0 : 25000, 4, 2021/10/12, 10:55:27.092, 10955739640625, testhost.dll, TestPluginCache.GetExtensionPaths: Added default extension paths: C:\JokenpoTest\bin\Debug\netcoreapp3.1\fine-code-coverage\build-output\NUnit3.TestAdapter.dll
TpTrace Verbose: 0 : 25000, 4, 2021/10/12, 10:55:27.092, 10955739640900, testhost.dll, TestPluginCache.GetExtensionPaths: Added unfilterableExtensionPaths: 
TpTrace Verbose: 0 : 25000, 4, 2021/10/12, 10:55:27.092, 10955739641366, testhost.dll, TestPluginCache.DiscoverTestExtensions: Discovering the extensions using allExtensionPaths: C:\JokenpoTest\bin\Debug\netcoreapp3.1\fine-code-coverage\build-output\NUnit3.TestAdapter.dll
TpTrace Information: 0 : 25000, 4, 2021/10/12, 10:55:27.093, 10955739648302, testhost.dll, AssemblyResolver.AddSearchDirectories: Adding more searchDirectories C:\JokenpoTest\bin\Debug\netcoreapp3.1\fine-code-coverage\build-output
TpTrace Information: 0 : 25000, 4, 2021/10/12, 10:55:27.096, 10955739683052, testhost.dll, AssemblyResolver.OnResolve: NUnit3.TestAdapter: Resolving assembly.
TpTrace Information: 0 : 25000, 4, 2021/10/12, 10:55:27.098, 10955739695233, testhost.dll, AssemblyResolver.OnResolve: Resolved assembly: NUnit3.TestAdapter, from path: C:\JokenpoTest\bin\Debug\netcoreapp3.1\fine-code-coverage\build-output\NUnit3.TestAdapter.dll
TpTrace Information: 0 : 25000, 4, 2021/10/12, 10:55:27.100, 10955739719002, testhost.dll, AssemblyResolver.OnResolve: nunit.engine.api: Resolving assembly.
TpTrace Information: 0 : 25000, 4, 2021/10/12, 10:55:27.101, 10955739725084, testhost.dll, AssemblyResolver.OnResolve: Resolved assembly: nunit.engine.api, from path: C:\JokenpoTest\bin\Debug\netcoreapp3.1\fine-code-coverage\build-output\nunit.engine.api.dll
TpTrace Verbose: 0 : 25000, 4, 2021/10/12, 10:55:27.105, 10955739764276, testhost.dll, TestPluginCache: Discovered the extensions using extension path ''.
TpTrace Verbose: 0 : 25000, 4, 2021/10/12, 10:55:27.105, 10955739767850, testhost.dll, TestPluginCache: Discoverers are ''.
TpTrace Verbose: 0 : 25000, 4, 2021/10/12, 10:55:27.105, 10955739768414, testhost.dll, TestPluginCache: Executors are 'executor://NUnit3TestExecutor'.
TpTrace Verbose: 0 : 25000, 4, 2021/10/12, 10:55:27.105, 10955739768947, testhost.dll, TestPluginCache: Executors2 are ''.
TpTrace Verbose: 0 : 25000, 4, 2021/10/12, 10:55:27.105, 10955739769404, testhost.dll, TestPluginCache: Setting providers are ''.
TpTrace Verbose: 0 : 25000, 4, 2021/10/12, 10:55:27.105, 10955739769851, testhost.dll, TestPluginCache: Loggers are ''.
TpTrace Verbose: 0 : 25000, 9, 2021/10/12, 10:55:27.107, 10955739786985, testhost.dll, TcpClientExtensions.MessageLoopAsync: Polling on remoteEndPoint: [::ffff:127.0.0.1]:53395 localEndPoint: [::ffff:127.0.0.1]:53396
TpTrace Verbose: 0 : 25000, 4, 2021/10/12, 10:55:27.108, 10955739794963, testhost.dll, TestPluginCache.DiscoverTestExtensions: finding test extensions in assemblies ends with: TestAdapter.dll TPluginInfo: Microsoft.VisualStudio.TestPlatform.Common.ExtensionFramework.Utilities.TestExecutorPluginInformation2 TExtension: Microsoft.VisualStudio.TestPlatform.ObjectModel.Adapter.ITestExecutor2
TpTrace Verbose: 0 : 25000, 4, 2021/10/12, 10:55:27.108, 10955739798295, testhost.dll, TestPluginCache.GetExtensionPaths: Filtered extension paths: 
TpTrace Verbose: 0 : 25000, 4, 2021/10/12, 10:55:27.108, 10955739799055, testhost.dll, TestPluginCache.GetExtensionPaths: Added default extension paths: C:\JokenpoTest\bin\Debug\netcoreapp3.1\fine-code-coverage\build-output\NUnit3.TestAdapter.dll
TpTrace Verbose: 0 : 25000, 4, 2021/10/12, 10:55:27.108, 10955739799365, testhost.dll, TestPluginCache.GetExtensionPaths: Added unfilterableExtensionPaths: 
TpTrace Information: 0 : 25000, 4, 2021/10/12, 10:55:27.108, 10955739800907, testhost.dll, AssemblyResolver.AddSearchDirectories: Adding more searchDirectories C:\JokenpoTest\bin\Debug\netcoreapp3.1\fine-code-coverage\build-output
TpTrace Verbose: 0 : 25000, 4, 2021/10/12, 10:55:27.108, 10955739801467, testhost.dll, TestPluginCache.DiscoverTestExtensions: Discovering the extensions using extension path.
TpTrace Verbose: 0 : 25000, 4, 2021/10/12, 10:55:27.108, 10955739801728, testhost.dll, TestPluginCache.GetExtensionPaths: Filtered extension paths: 
TpTrace Verbose: 0 : 25000, 4, 2021/10/12, 10:55:27.108, 10955739801940, testhost.dll, TestPluginCache.GetExtensionPaths: Added default extension paths: C:\JokenpoTest\bin\Debug\netcoreapp3.1\fine-code-coverage\build-output\NUnit3.TestAdapter.dll
TpTrace Verbose: 0 : 25000, 4, 2021/10/12, 10:55:27.108, 10955739802190, testhost.dll, TestPluginCache.GetExtensionPaths: Added unfilterableExtensionPaths: 
TpTrace Verbose: 0 : 25000, 4, 2021/10/12, 10:55:27.108, 10955739802423, testhost.dll, TestPluginCache.DiscoverTestExtensions: Discovering the extensions using allExtensionPaths: C:\JokenpoTest\bin\Debug\netcoreapp3.1\fine-code-coverage\build-output\NUnit3.TestAdapter.dll
TpTrace Information: 0 : 25000, 4, 2021/10/12, 10:55:27.108, 10955739802730, testhost.dll, AssemblyResolver.AddSearchDirectories: Adding more searchDirectories C:\JokenpoTest\bin\Debug\netcoreapp3.1\fine-code-coverage\build-output
TpTrace Verbose: 0 : 25000, 4, 2021/10/12, 10:55:27.109, 10955739804875, testhost.dll, TestPluginCache: Discovered the extensions using extension path ''.
TpTrace Verbose: 0 : 25000, 4, 2021/10/12, 10:55:27.109, 10955739805188, testhost.dll, TestPluginCache: Discoverers are ''.
TpTrace Verbose: 0 : 25000, 4, 2021/10/12, 10:55:27.109, 10955739805477, testhost.dll, TestPluginCache: Executors are 'executor://NUnit3TestExecutor'.
TpTrace Verbose: 0 : 25000, 4, 2021/10/12, 10:55:27.109, 10955739805919, testhost.dll, TestPluginCache: Executors2 are ''.
TpTrace Verbose: 0 : 25000, 4, 2021/10/12, 10:55:27.109, 10955739806177, testhost.dll, TestPluginCache: Setting providers are ''.
TpTrace Verbose: 0 : 25000, 4, 2021/10/12, 10:55:27.109, 10955739806377, testhost.dll, TestPluginCache: Loggers are ''.
TpTrace Information: 0 : 25000, 4, 2021/10/12, 10:55:27.112, 10955739841981, testhost.dll, TestPluginManager.CreateTestExtension: Attempting to load test extension: NUnit.VisualStudio.TestAdapter.NUnit3TestExecutor
TpTrace Verbose: 0 : 25000, 4, 2021/10/12, 10:55:27.113, 10955739847224, testhost.dll, TestExecutorExtensionManager: Loading executor NUnit.VisualStudio.TestAdapter.NUnit3TestExecutor
TpTrace Verbose: 0 : 25000, 4, 2021/10/12, 10:55:27.113, 10955739847609, testhost.dll, TestExecutorService: Loaded the executors
TpTrace Verbose: 0 : 25000, 4, 2021/10/12, 10:55:27.114, 10955739854268, testhost.dll, TestPluginCache.DiscoverTestExtensions: finding test extensions in assemblies ends with: TestAdapter.dll TPluginInfo: Microsoft.VisualStudio.TestPlatform.Common.ExtensionFramework.Utilities.TestSettingsProviderPluginInformation TExtension: Microsoft.VisualStudio.TestPlatform.ObjectModel.Adapter.ISettingsProvider
TpTrace Verbose: 0 : 25000, 4, 2021/10/12, 10:55:27.114, 10955739854953, testhost.dll, TestPluginCache.GetExtensionPaths: Filtered extension paths: 
TpTrace Verbose: 0 : 25000, 4, 2021/10/12, 10:55:27.114, 10955739855304, testhost.dll, TestPluginCache.GetExtensionPaths: Added default extension paths: C:\JokenpoTest\bin\Debug\netcoreapp3.1\fine-code-coverage\build-output\NUnit3.TestAdapter.dll
TpTrace Verbose: 0 : 25000, 4, 2021/10/12, 10:55:27.114, 10955739855951, testhost.dll, TestPluginCache.GetExtensionPaths: Added unfilterableExtensionPaths: 
TpTrace Information: 0 : 25000, 4, 2021/10/12, 10:55:27.114, 10955739856958, testhost.dll, AssemblyResolver.AddSearchDirectories: Adding more searchDirectories C:\JokenpoTest\bin\Debug\netcoreapp3.1\fine-code-coverage\build-output
TpTrace Verbose: 0 : 25000, 4, 2021/10/12, 10:55:27.114, 10955739857333, testhost.dll, TestPluginCache.DiscoverTestExtensions: Discovering the extensions using extension path.
TpTrace Verbose: 0 : 25000, 4, 2021/10/12, 10:55:27.114, 10955739857580, testhost.dll, TestPluginCache.GetExtensionPaths: Filtered extension paths: 
TpTrace Verbose: 0 : 25000, 4, 2021/10/12, 10:55:27.114, 10955739857788, testhost.dll, TestPluginCache.GetExtensionPaths: Added default extension paths: C:\JokenpoTest\bin\Debug\netcoreapp3.1\fine-code-coverage\build-output\NUnit3.TestAdapter.dll
TpTrace Verbose: 0 : 25000, 4, 2021/10/12, 10:55:27.114, 10955739858047, testhost.dll, TestPluginCache.GetExtensionPaths: Added unfilterableExtensionPaths: 
TpTrace Verbose: 0 : 25000, 4, 2021/10/12, 10:55:27.114, 10955739858274, testhost.dll, TestPluginCache.DiscoverTestExtensions: Discovering the extensions using allExtensionPaths: C:\JokenpoTest\bin\Debug\netcoreapp3.1\fine-code-coverage\build-output\NUnit3.TestAdapter.dll
TpTrace Information: 0 : 25000, 4, 2021/10/12, 10:55:27.114, 10955739858569, testhost.dll, AssemblyResolver.AddSearchDirectories: Adding more searchDirectories C:\JokenpoTest\bin\Debug\netcoreapp3.1\fine-code-coverage\build-output
TpTrace Verbose: 0 : 25000, 4, 2021/10/12, 10:55:27.114, 10955739860459, testhost.dll, TestPluginCache: Discovered the extensions using extension path ''.
TpTrace Verbose: 0 : 25000, 4, 2021/10/12, 10:55:27.114, 10955739860764, testhost.dll, TestPluginCache: Discoverers are ''.
TpTrace Verbose: 0 : 25000, 4, 2021/10/12, 10:55:27.114, 10955739861084, testhost.dll, TestPluginCache: Executors are 'executor://NUnit3TestExecutor'.
TpTrace Verbose: 0 : 25000, 4, 2021/10/12, 10:55:27.114, 10955739861582, testhost.dll, TestPluginCache: Executors2 are ''.
TpTrace Verbose: 0 : 25000, 4, 2021/10/12, 10:55:27.114, 10955739861917, testhost.dll, TestPluginCache: Setting providers are ''.
TpTrace Verbose: 0 : 25000, 4, 2021/10/12, 10:55:27.114, 10955739862370, testhost.dll, TestPluginCache: Loggers are ''.
TpTrace Verbose: 0 : 25000, 4, 2021/10/12, 10:55:27.115, 10955739870734, testhost.dll, TestExecutorService: Loaded the settings providers
TpTrace Information: 0 : 25000, 4, 2021/10/12, 10:55:27.115, 10955739871246, testhost.dll, TestExecutorService: Loaded the extensions
TpTrace Information: 0 : 25000, 4, 2021/10/12, 10:55:27.175, 10955740464961, testhost.dll, TestDiscoveryManager: Discovering tests from sources C:\JokenpoTest\bin\Debug\netcoreapp3.1\fine-code-coverage\build-output\JokenpoTest.dll
TpTrace Verbose: 0 : 25000, 4, 2021/10/12, 10:55:27.176, 10955740480740, testhost.dll, TestPluginCache.DiscoverTestExtensions: finding test extensions in assemblies ends with: TestAdapter.dll TPluginInfo: Microsoft.VisualStudio.TestPlatform.Common.ExtensionFramework.Utilities.TestDiscovererPluginInformation TExtension: Microsoft.VisualStudio.TestPlatform.ObjectModel.Adapter.ITestDiscoverer
TpTrace Verbose: 0 : 25000, 4, 2021/10/12, 10:55:27.176, 10955740481474, testhost.dll, TestPluginCache.GetExtensionPaths: Filtered extension paths: 
TpTrace Verbose: 0 : 25000, 4, 2021/10/12, 10:55:27.176, 10955740481809, testhost.dll, TestPluginCache.GetExtensionPaths: Added default extension paths: C:\JokenpoTest\bin\Debug\netcoreapp3.1\fine-code-coverage\build-output\NUnit3.TestAdapter.dll
TpTrace Verbose: 0 : 25000, 4, 2021/10/12, 10:55:27.176, 10955740482030, testhost.dll, TestPluginCache.GetExtensionPaths: Added unfilterableExtensionPaths: 
TpTrace Information: 0 : 25000, 4, 2021/10/12, 10:55:27.176, 10955740483012, testhost.dll, AssemblyResolver.AddSearchDirectories: Adding more searchDirectories C:\JokenpoTest\bin\Debug\netcoreapp3.1\fine-code-coverage\build-output
TpTrace Verbose: 0 : 25000, 4, 2021/10/12, 10:55:27.177, 10955740483382, testhost.dll, TestPluginCache.DiscoverTestExtensions: Discovering the extensions using extension path.
TpTrace Verbose: 0 : 25000, 4, 2021/10/12, 10:55:27.177, 10955740483634, testhost.dll, TestPluginCache.GetExtensionPaths: Filtered extension paths: 
TpTrace Verbose: 0 : 25000, 4, 2021/10/12, 10:55:27.177, 10955740483840, testhost.dll, TestPluginCache.GetExtensionPaths: Added default extension paths: C:\JokenpoTest\bin\Debug\netcoreapp3.1\fine-code-coverage\build-output\NUnit3.TestAdapter.dll
TpTrace Verbose: 0 : 25000, 4, 2021/10/12, 10:55:27.177, 10955740484034, testhost.dll, TestPluginCache.GetExtensionPaths: Added unfilterableExtensionPaths: 
TpTrace Verbose: 0 : 25000, 4, 2021/10/12, 10:55:27.177, 10955740484294, testhost.dll, TestPluginCache.DiscoverTestExtensions: Discovering the extensions using allExtensionPaths: C:\JokenpoTest\bin\Debug\netcoreapp3.1\fine-code-coverage\build-output\NUnit3.TestAdapter.dll
TpTrace Information: 0 : 25000, 4, 2021/10/12, 10:55:27.177, 10955740484591, testhost.dll, AssemblyResolver.AddSearchDirectories: Adding more searchDirectories C:\JokenpoTest\bin\Debug\netcoreapp3.1\fine-code-coverage\build-output
TpTrace Information: 0 : 25000, 4, 2021/10/12, 10:55:27.179, 10955740503803, testhost.dll, AssemblyResolver.OnResolve: System.ComponentModel.Primitives.resources: Resolving assembly.
TpTrace Information: 0 : 25000, 4, 2021/10/12, 10:55:27.179, 10955740505047, testhost.dll, AssemblyResolver.OnResolve: System.ComponentModel.Primitives.resources: Failed to load assembly.
TpTrace Verbose: 0 : 25000, 4, 2021/10/12, 10:55:27.179, 10955740510768, testhost.dll, CurrentDomain_AssemblyResolve: Resolving assembly 'System.ComponentModel.Primitives.resources'.
TpTrace Information: 0 : 25000, 4, 2021/10/12, 10:55:27.179, 10955740511533, testhost.dll, AssemblyResolver.OnResolve: System.ComponentModel.Primitives.resources: Resolving assembly.
TpTrace Information: 0 : 25000, 4, 2021/10/12, 10:55:27.179, 10955740511861, testhost.dll, AssemblyResolver.OnResolve: System.ComponentModel.Primitives.resources: Resolved from cache.
TpTrace Verbose: 0 : 25000, 4, 2021/10/12, 10:55:27.179, 10955740512131, testhost.dll, CurrentDomain_AssemblyResolve: Resolving assembly 'System.ComponentModel.Primitives.resources'.
TpTrace Verbose: 0 : 25000, 4, 2021/10/12, 10:55:27.179, 10955740512413, testhost.dll, CurrentDomainAssemblyResolve: Failed to resolve assembly 'System.ComponentModel.Primitives.resources'.
TpTrace Verbose: 0 : 25000, 4, 2021/10/12, 10:55:27.180, 10955740518644, testhost.dll, CurrentDomainAssemblyResolve: Failed to resolve assembly 'System.ComponentModel.Primitives.resources'.
TpTrace Information: 0 : 25000, 4, 2021/10/12, 10:55:27.180, 10955740520907, testhost.dll, AssemblyResolver.OnResolve: System.ComponentModel.Primitives.resources: Resolving assembly.
TpTrace Information: 0 : 25000, 4, 2021/10/12, 10:55:27.180, 10955740521237, testhost.dll, AssemblyResolver.OnResolve: System.ComponentModel.Primitives.resources: Resolved from cache.
TpTrace Verbose: 0 : 25000, 4, 2021/10/12, 10:55:27.180, 10955740521504, testhost.dll, CurrentDomain_AssemblyResolve: Resolving assembly 'System.ComponentModel.Primitives.resources'.
TpTrace Verbose: 0 : 25000, 4, 2021/10/12, 10:55:27.180, 10955740521718, testhost.dll, CurrentDomainAssemblyResolve: Failed to resolve assembly 'System.ComponentModel.Primitives.resources'.
TpTrace Verbose: 0 : 25000, 4, 2021/10/12, 10:55:27.181, 10955740528209, testhost.dll, TestPluginCache: Discovered the extensions using extension path ''.
TpTrace Verbose: 0 : 25000, 4, 2021/10/12, 10:55:27.181, 10955740528691, testhost.dll, TestPluginCache: Discoverers are 'NUnit.VisualStudio.TestAdapter.NUnit3TestDiscoverer, NUnit3.TestAdapter, Version=3.17.0.0, Culture=neutral, PublicKeyToken=4cb40d35494691ac'.
TpTrace Verbose: 0 : 25000, 4, 2021/10/12, 10:55:27.181, 10955740528941, testhost.dll, TestPluginCache: Executors are 'executor://NUnit3TestExecutor'.
TpTrace Verbose: 0 : 25000, 4, 2021/10/12, 10:55:27.181, 10955740529220, testhost.dll, TestPluginCache: Executors2 are ''.
TpTrace Verbose: 0 : 25000, 4, 2021/10/12, 10:55:27.181, 10955740529511, testhost.dll, TestPluginCache: Setting providers are ''.
TpTrace Verbose: 0 : 25000, 4, 2021/10/12, 10:55:27.181, 10955740529710, testhost.dll, TestPluginCache: Loggers are ''.
TpTrace Information: 0 : 25000, 4, 2021/10/12, 10:55:27.187, 10955740593236, testhost.dll, PEReaderHelper.GetAssemblyType: Determined assemblyType:'Managed' for source: 'C:\JokenpoTest\bin\Debug\netcoreapp3.1\fine-code-coverage\build-output\JokenpoTest.dll'
TpTrace Verbose: 0 : 25000, 4, 2021/10/12, 10:55:27.192, 10955740638883, testhost.dll, BaseRunTests.RunTestInternalWithExecutors: Running tests for executor://NUnit3TestExecutor
TpTrace Information: 0 : 25000, 4, 2021/10/12, 10:55:27.194, 10955740653846, testhost.dll, AssemblyResolver.OnResolve: nunit.engine: Resolving assembly.
TpTrace Information: 0 : 25000, 4, 2021/10/12, 10:55:27.194, 10955740663124, testhost.dll, AssemblyResolver.OnResolve: Resolved assembly: nunit.engine, from path: C:\JokenpoTest\bin\Debug\netcoreapp3.1\fine-code-coverage\build-output\nunit.engine.dll
TpTrace Information: 0 : 25000, 4, 2021/10/12, 10:55:27.195, 10955740664107, testhost.dll, AssemblyResolver.OnResolve: nunit.engine.core: Resolving assembly.
TpTrace Information: 0 : 25000, 4, 2021/10/12, 10:55:27.195, 10955740668076, testhost.dll, AssemblyResolver.OnResolve: Resolved assembly: nunit.engine.core, from path: C:\JokenpoTest\bin\Debug\netcoreapp3.1\fine-code-coverage\build-output\nunit.engine.core.dll
TpTrace Information: 0 : 25000, 4, 2021/10/12, 10:55:27.202, 10955740739666, testhost.dll, NUnit Adapter 3.17.0.0: Test execution started
TpTrace Verbose: 0 : 25000, 4, 2021/10/12, 10:55:27.202, 10955740740958, testhost.dll, TestRequestHandler.SendData:  sending data from testhost: {"Version":5,"MessageType":"TestSession.Message","Payload":{"MessageLevel":0,"Message":"NUnit Adapter 3.17.0.0: Test execution started"}}
TpTrace Information: 0 : 25000, 4, 2021/10/12, 10:55:27.226, 10955740975148, testhost.dll, Running all tests in C:\JokenpoTest\bin\Debug\netcoreapp3.1\fine-code-coverage\build-output\JokenpoTest.dll
TpTrace Verbose: 0 : 25000, 4, 2021/10/12, 10:55:27.226, 10955740976368, testhost.dll, TestRequestHandler.SendData:  sending data from testhost: {"Version":5,"MessageType":"TestSession.Message","Payload":{"MessageLevel":0,"Message":"Running all tests in C:\\JokenpoTest\\bin\\Debug\\netcoreapp3.1\\fine-code-coverage\\build-output\\JokenpoTest.dll"}}
TpTrace Information: 0 : 25000, 4, 2021/10/12, 10:55:27.234, 10955741060265, testhost.dll, AssemblyResolver.OnResolve: Mono.Cecil: Resolving assembly.
TpTrace Information: 0 : 25000, 4, 2021/10/12, 10:55:27.234, 10955741062317, testhost.dll, AssemblyResolver.OnResolve: Mono.Cecil: Failed to load assembly.
TpTrace Information: 0 : 25000, 4, 2021/10/12, 10:55:27.383, 10955742549493, testhost.dll,    NUnit3TestExecutor discovered 8 of 8 NUnit test cases
TpTrace Verbose: 0 : 25000, 4, 2021/10/12, 10:55:27.383, 10955742551101, testhost.dll, TestRequestHandler.SendData:  sending data from testhost: {"Version":5,"MessageType":"TestSession.Message","Payload":{"MessageLevel":0,"Message":"   NUnit3TestExecutor discovered 8 of 8 NUnit test cases"}}
TpTrace Verbose: 0 : 25000, 12, 2021/10/12, 10:55:27.409, 10955742807866, testhost.dll, TestExecutionRecorder.RecordStart: Starting test: JokenpoTest.Repositories.RepositoryMatchTest.AddMatchTest_IsSucess.
TpTrace Verbose: 0 : 25000, 12, 2021/10/12, 10:55:27.511, 10955743829729, testhost.dll, TestExecutionRecorder.RecordEnd: test: JokenpoTest.Repositories.RepositoryMatchTest.AddMatchTest_IsSucess execution completed.
TpTrace Verbose: 0 : 25000, 12, 2021/10/12, 10:55:27.523, 10955743951042, testhost.dll, TestExecutionRecorder.RecordResult: Received result for test: JokenpoTest.Repositories.RepositoryMatchTest.AddMatchTest_IsSucess.
TpTrace Warning: 0 : 25000, 12, 2021/10/12, 10:55:27.526, 10955743980006, testhost.dll, TestRunCache: InProgressTests is null
TpTrace Warning: 0 : 25000, 12, 2021/10/12, 10:55:27.526, 10955743981604, testhost.dll, TestRunCache: No test found corresponding to testResult 'AddMatchTest_IsSucess' in inProgress list.
TpTrace Verbose: 0 : 25000, 12, 2021/10/12, 10:55:27.526, 10955743983093, testhost.dll, TestExecutionRecorder.RecordStart: Starting test: JokenpoTest.Repositories.RepositoryMatchTest.GetMatchByIdTest_IsSucess.
TpTrace Verbose: 0 : 25000, 12, 2021/10/12, 10:55:27.528, 10955743996345, testhost.dll, TestExecutionRecorder.RecordEnd: test: JokenpoTest.Repositories.RepositoryMatchTest.GetMatchByIdTest_IsSucess execution completed.
TpTrace Verbose: 0 : 25000, 12, 2021/10/12, 10:55:27.529, 10955744006481, testhost.dll, TestExecutionRecorder.RecordResult: Received result for test: JokenpoTest.Repositories.RepositoryMatchTest.GetMatchByIdTest_IsSucess.
TpTrace Warning: 0 : 25000, 12, 2021/10/12, 10:55:27.529, 10955744007532, testhost.dll, TestRunCache: InProgressTests is null
TpTrace Warning: 0 : 25000, 12, 2021/10/12, 10:55:27.529, 10955744008032, testhost.dll, TestRunCache: No test found corresponding to testResult 'GetMatchByIdTest_IsSucess' in inProgress list.
TpTrace Verbose: 0 : 25000, 12, 2021/10/12, 10:55:27.529, 10955744009082, testhost.dll, TestExecutionRecorder.RecordStart: Starting test: JokenpoTest.Repositories.RepositoryMatchTest.GetOpenMatchTest.
TpTrace Verbose: 0 : 25000, 12, 2021/10/12, 10:55:27.530, 10955744018314, testhost.dll, TestExecutionRecorder.RecordEnd: test: JokenpoTest.Repositories.RepositoryMatchTest.GetOpenMatchTest execution completed.
TpTrace Verbose: 0 : 25000, 12, 2021/10/12, 10:55:27.531, 10955744025786, testhost.dll, TestExecutionRecorder.RecordResult: Received result for test: JokenpoTest.Repositories.RepositoryMatchTest.GetOpenMatchTest.
TpTrace Warning: 0 : 25000, 12, 2021/10/12, 10:55:27.531, 10955744026606, testhost.dll, TestRunCache: InProgressTests is null
TpTrace Warning: 0 : 25000, 12, 2021/10/12, 10:55:27.531, 10955744026874, testhost.dll, TestRunCache: No test found corresponding to testResult 'GetOpenMatchTest' in inProgress list.
TpTrace Verbose: 0 : 25000, 12, 2021/10/12, 10:55:27.532, 10955744037031, testhost.dll, TestExecutionRecorder.RecordStart: Starting test: JokenpoTest.RepositoryPlayerTest.AddPlayerTest_IsSucess.
TpTrace Verbose: 0 : 25000, 12, 2021/10/12, 10:55:27.655, 10955745268277, testhost.dll, TestExecutionRecorder.RecordEnd: test: JokenpoTest.RepositoryPlayerTest.AddPlayerTest_IsSucess execution completed.
TpTrace Verbose: 0 : 25000, 12, 2021/10/12, 10:55:27.656, 10955745279957, testhost.dll, TestExecutionRecorder.RecordResult: Received result for test: JokenpoTest.RepositoryPlayerTest.AddPlayerTest_IsSucess.
TpTrace Warning: 0 : 25000, 12, 2021/10/12, 10:55:27.656, 10955745280797, testhost.dll, TestRunCache: InProgressTests is null
TpTrace Warning: 0 : 25000, 12, 2021/10/12, 10:55:27.656, 10955745281064, testhost.dll, TestRunCache: No test found corresponding to testResult 'AddPlayerTest_IsSucess' in inProgress list.
TpTrace Verbose: 0 : 25000, 12, 2021/10/12, 10:55:27.656, 10955745281900, testhost.dll, TestExecutionRecorder.RecordStart: Starting test: JokenpoTest.RepositoryPlayerTest.GetPlayerByIdTest_IsSucess.
TpTrace Verbose: 0 : 25000, 12, 2021/10/12, 10:55:27.659, 10955745310421, testhost.dll, TestExecutionRecorder.RecordEnd: test: JokenpoTest.RepositoryPlayerTest.GetPlayerByIdTest_IsSucess execution completed.
TpTrace Verbose: 0 : 25000, 12, 2021/10/12, 10:55:27.660, 10955745319310, testhost.dll, TestExecutionRecorder.RecordResult: Received result for test: JokenpoTest.RepositoryPlayerTest.GetPlayerByIdTest_IsSucess.
TpTrace Warning: 0 : 25000, 12, 2021/10/12, 10:55:27.660, 10955745320097, testhost.dll, TestRunCache: InProgressTests is null
TpTrace Warning: 0 : 25000, 12, 2021/10/12, 10:55:27.660, 10955745320369, testhost.dll, TestRunCache: No test found corresponding to testResult 'GetPlayerByIdTest_IsSucess' in inProgress list.
TpTrace Verbose: 0 : 25000, 12, 2021/10/12, 10:55:27.660, 10955745322123, testhost.dll, TestExecutionRecorder.RecordStart: Starting test: JokenpoTest.Services.PlayerServiceTest.AddPlayerTest.
TpTrace Verbose: 0 : 25000, 12, 2021/10/12, 10:55:27.684, 10955745561091, testhost.dll, TestExecutionRecorder.RecordEnd: test: JokenpoTest.Services.PlayerServiceTest.AddPlayerTest execution completed.
TpTrace Verbose: 0 : 25000, 12, 2021/10/12, 10:55:27.685, 10955745569905, testhost.dll, TestExecutionRecorder.RecordResult: Received result for test: JokenpoTest.Services.PlayerServiceTest.AddPlayerTest.
TpTrace Warning: 0 : 25000, 12, 2021/10/12, 10:55:27.685, 10955745570673, testhost.dll, TestRunCache: InProgressTests is null
TpTrace Warning: 0 : 25000, 12, 2021/10/12, 10:55:27.685, 10955745570925, testhost.dll, TestRunCache: No test found corresponding to testResult 'AddPlayerTest' in inProgress list.
TpTrace Verbose: 0 : 25000, 12, 2021/10/12, 10:55:27.685, 10955745571662, testhost.dll, TestExecutionRecorder.RecordStart: Starting test: JokenpoTest.Services.PlayerServiceTest.AddPlayerTest_NotEmail.
TpTrace Verbose: 0 : 25000, 12, 2021/10/12, 10:55:27.696, 10955745675344, testhost.dll, TestExecutionRecorder.RecordEnd: test: JokenpoTest.Services.PlayerServiceTest.AddPlayerTest_NotEmail execution completed.
TpTrace Verbose: 0 : 25000, 12, 2021/10/12, 10:55:27.696, 10955745683054, testhost.dll, TestExecutionRecorder.RecordResult: Received result for test: JokenpoTest.Services.PlayerServiceTest.AddPlayerTest_NotEmail.
TpTrace Warning: 0 : 25000, 12, 2021/10/12, 10:55:27.697, 10955745684196, testhost.dll, TestRunCache: InProgressTests is null
TpTrace Warning: 0 : 25000, 12, 2021/10/12, 10:55:27.697, 10955745684469, testhost.dll, TestRunCache: No test found corresponding to testResult 'AddPlayerTest_NotEmail' in inProgress list.
TpTrace Verbose: 0 : 25000, 12, 2021/10/12, 10:55:27.697, 10955745685142, testhost.dll, TestExecutionRecorder.RecordStart: Starting test: JokenpoTest.Services.PlayerServiceTest.GetPlayerByIdTest.
TpTrace Verbose: 0 : 25000, 12, 2021/10/12, 10:55:27.705, 10955745767995, testhost.dll, TestExecutionRecorder.RecordEnd: test: JokenpoTest.Services.PlayerServiceTest.GetPlayerByIdTest execution completed.
TpTrace Verbose: 0 : 25000, 12, 2021/10/12, 10:55:27.706, 10955745775549, testhost.dll, TestExecutionRecorder.RecordResult: Received result for test: JokenpoTest.Services.PlayerServiceTest.GetPlayerByIdTest.
TpTrace Warning: 0 : 25000, 12, 2021/10/12, 10:55:27.706, 10955745776296, testhost.dll, TestRunCache: InProgressTests is null
TpTrace Warning: 0 : 25000, 12, 2021/10/12, 10:55:27.706, 10955745776557, testhost.dll, TestRunCache: No test found corresponding to testResult 'GetPlayerByIdTest' in inProgress list.
TpTrace Information: 0 : 25000, 4, 2021/10/12, 10:55:27.708, 10955745800807, testhost.dll, NUnit Adapter 3.17.0.0: Test execution complete
TpTrace Verbose: 0 : 25000, 4, 2021/10/12, 10:55:27.708, 10955745801638, testhost.dll, TestRequestHandler.SendData:  sending data from testhost: {"Version":5,"MessageType":"TestSession.Message","Payload":{"MessageLevel":0,"Message":"NUnit Adapter 3.17.0.0: Test execution complete"}}
TpTrace Verbose: 0 : 25000, 4, 2021/10/12, 10:55:27.713, 10955745848887, testhost.dll, BaseRunTests.RunTestInternalWithExecutors: Completed running tests for executor://NUnit3TestExecutor
TpTrace Information: 0 : 25000, 4, 2021/10/12, 10:55:27.716, 10955745879674, testhost.dll, Sending test run complete
TpTrace Verbose: 0 : 25000, 4, 2021/10/12, 10:55:27.749, 10955746211707, testhost.dll, TestRequestHandler.SendData:  sending data from testhost: {"Version":5,"MessageType":"TestExecution.Completed","Payload":{"TestRunCompleteArgs":{"TestRunStatistics":{"ExecutedTests":8,"Stats":{"Passed":8}},"IsCanceled":false,"IsAborted":false,"Error":null,"AttachmentSets":[],"ElapsedTimeInRunningTests":"00:00:00.5245436","Metrics":{}},"LastRunTests":{"NewTestResults":[{"TestCase":{"Id":"58f2a5c5-5186-9902-3bd9-5b6b518337f0","FullyQualifiedName":"JokenpoTest.Repositories.RepositoryMatchTest.AddMatchTest_IsSucess","DisplayName":"AddMatchTest_IsSucess","ExecutorUri":"executor://NUnit3TestExecutor","Source":"C:\\JokenpoTest\\bin\\Debug\\netcoreapp3.1\\fine-code-coverage\\build-output\\JokenpoTest.dll","CodeFilePath":null,"LineNumber":0,"Properties":[]},"Attachments":[],"Outcome":1,"ErrorMessage":null,"ErrorStackTrace":null,"DisplayName":"AddMatchTest_IsSucess","Messages":[],"ComputerName":"LAPTOP-POTN3MF7","Duration":"00:00:00.0953840","StartTime":"2021-10-12T13:55:27.4088758+00:00","EndTime":"2021-10-12T13:55:27.5041762+00:00","Properties":[]},{"TestCase":{"Id":"4f32846b-35af-8b97-b072-79182fada606","FullyQualifiedName":"JokenpoTest.Repositories.RepositoryMatchTest.GetMatchByIdTest_IsSucess","DisplayName":"GetMatchByIdTest_IsSucess","ExecutorUri":"executor://NUnit3TestExecutor","Source":"C:\\JokenpoTest\\bin\\Debug\\netcoreapp3.1\\fine-code-coverage\\build-output\\JokenpoTest.dll","CodeFilePath":null,"LineNumber":0,"Properties":[]},"Attachments":[],"Outcome":1,"ErrorMessage":null,"ErrorStackTrace":null,"DisplayName":"GetMatchByIdTest_IsSucess","Messages":[],"ComputerName":"LAPTOP-POTN3MF7","Duration":"00:00:00.0009480","StartTime":"2021-10-12T13:55:27.5056857+00:00","EndTime":"2021-10-12T13:55:27.5066323+00:00","Properties":[]},{"TestCase":{"Id":"55350e06-373e-d97c-3e48-be9d57947a72","FullyQualifiedName":"JokenpoTest.Repositories.RepositoryMatchTest.GetOpenMatchTest","DisplayName":"GetOpenMatchTest","ExecutorUri":"executor://NUnit3TestExecutor","Source":"C:\\JokenpoTest\\bin\\Debug\\netcoreapp3.1\\fine-code-coverage\\build-output\\JokenpoTest.dll","CodeFilePath":null,"LineNumber":0,"Properties":[]},"Attachments":[],"Outcome":1,"ErrorMessage":null,"ErrorStackTrace":null,"DisplayName":"GetOpenMatchTest","Messages":[],"ComputerName":"LAPTOP-POTN3MF7","Duration":"00:00:00.0088310","StartTime":"2021-10-12T13:55:27.5066662+00:00","EndTime":"2021-10-12T13:55:27.5154946+00:00","Properties":[]},{"TestCase":{"Id":"3a9360a4-542b-7150-c2ad-3194b0fab7ed","FullyQualifiedName":"JokenpoTest.RepositoryPlayerTest.AddPlayerTest_IsSucess","DisplayName":"AddPlayerTest_IsSucess","ExecutorUri":"executor://NUnit3TestExecutor","Source":"C:\\JokenpoTest\\bin\\Debug\\netcoreapp3.1\\fine-code-coverage\\build-output\\JokenpoTest.dll","CodeFilePath":null,"LineNumber":0,"Properties":[]},"Attachments":[],"Outcome":1,"ErrorMessage":null,"ErrorStackTrace":null,"DisplayName":"AddPlayerTest_IsSucess","Messages":[],"ComputerName":"LAPTOP-POTN3MF7","Duration":"00:00:00.1376110","StartTime":"2021-10-12T13:55:27.5176274+00:00","EndTime":"2021-10-12T13:55:27.6552345+00:00","Properties":[]},{"TestCase":{"Id":"32c7db70-c372-cbd2-6e27-3867f97beca9","FullyQualifiedName":"JokenpoTest.RepositoryPlayerTest.GetPlayerByIdTest_IsSucess","DisplayName":"GetPlayerByIdTest_IsSucess","ExecutorUri":"executor://NUnit3TestExecutor","Source":"C:\\JokenpoTest\\bin\\Debug\\netcoreapp3.1\\fine-code-coverage\\build-output\\JokenpoTest.dll","CodeFilePath":null,"LineNumber":0,"Properties":[]},"Attachments":[],"Outcome":1,"ErrorMessage":null,"ErrorStackTrace":null,"DisplayName":"GetPlayerByIdTest_IsSucess","Messages":[],"ComputerName":"LAPTOP-POTN3MF7","Duration":"00:00:00.0042570","StartTime":"2021-10-12T13:55:27.6552762+00:00","EndTime":"2021-10-12T13:55:27.6595307+00:00","Properties":[]},{"TestCase":{"Id":"27196cd4-4769-4c6f-471b-614a1440fb35","FullyQualifiedName":"JokenpoTest.Services.PlayerServiceTest.AddPlayerTest","DisplayName":"AddPlayerTest","ExecutorUri":"executor://NUnit3TestExecutor","Source":"C:\\JokenpoTest\\bin\\Debug\\netcoreapp3.1\\fine-code-coverage\\build-output\\JokenpoTest.dll","CodeFilePath":null,"LineNumber":0,"Properties":[]},"Attachments":[],"Outcome":1,"ErrorMessage":null,"ErrorStackTrace":null,"DisplayName":"AddPlayerTest","Messages":[],"ComputerName":"LAPTOP-POTN3MF7","Duration":"00:00:00.0249360","StartTime":"2021-10-12T13:55:27.6596635+00:00","EndTime":"2021-10-12T13:55:27.6845971+00:00","Properties":[]},{"TestCase":{"Id":"72b6aa55-a0d7-200c-2c8e-560e757b291c","FullyQualifiedName":"JokenpoTest.Services.PlayerServiceTest.AddPlayerTest_NotEmail","DisplayName":"AddPlayerTest_NotEmail","ExecutorUri":"executor://NUnit3TestExecutor","Source":"C:\\JokenpoTest\\bin\\Debug\\netcoreapp3.1\\fine-code-coverage\\build-output\\JokenpoTest.dll","CodeFilePath":null,"LineNumber":0,"Properties":[]},"Attachments":[],"Outcome":1,"ErrorMessage":null,"ErrorStackTrace":null,"DisplayName":"AddPlayerTest_NotEmail","Messages":[],"ComputerName":"LAPTOP-POTN3MF7","Duration":"00:00:00.0114120","StartTime":"2021-10-12T13:55:27.6846215+00:00","EndTime":"2021-10-12T13:55:27.6960318+00:00","Properties":[]},{"TestCase":{"Id":"870685cf-7f38-b2cc-ddea-bbdc726b99ef","FullyQualifiedName":"JokenpoTest.Services.PlayerServiceTest.GetPlayerByIdTest","DisplayName":"GetPlayerByIdTest","ExecutorUri":"executor://NUnit3TestExecutor","Source":"C:\\JokenpoTest\\bin\\Debug\\netcoreapp3.1\\fine-code-coverage\\build-output\\JokenpoTest.dll","CodeFilePath":null,"LineNumber":0,"Properties":[]},"Attachments":[],"Outcome":1,"ErrorMessage":null,"ErrorStackTrace":null,"DisplayName":"GetPlayerByIdTest","Messages":[],"ComputerName":"LAPTOP-POTN3MF7","Duration":"00:00:00.0092500","StartTime":"2021-10-12T13:55:27.6960509+00:00","EndTime":"2021-10-12T13:55:27.7052832+00:00","Properties":[]}],"TestRunStatistics":{"ExecutedTests":8,"Stats":{"Passed":8}},"ActiveTests":[]},"RunAttachments":[],"ExecutorUris":["executor://nunit3testexecutor/"]}}
TpTrace Verbose: 0 : 25000, 4, 2021/10/12, 10:55:27.750, 10955746217700, testhost.dll, BaseRunTests.RunTests: Run is complete.
TpTrace Verbose: 0 : 25000, 9, 2021/10/12, 10:55:27.752, 10955746241744, testhost.dll, TcpClientExtensions.MessageLoopAsync: NotifyDataAvailable remoteEndPoint: [::ffff:127.0.0.1]:53395 localEndPoint: [::ffff:127.0.0.1]:53396
TpTrace Information: 0 : 25000, 9, 2021/10/12, 10:55:27.752, 10955746243218, testhost.dll, TestRequestHandler.ProcessRequests: received message: (TestSession.Terminate) -> null
TpTrace Information: 0 : 25000, 9, 2021/10/12, 10:55:27.753, 10955746243509, testhost.dll, Session End message received from server. Closing the connection.
TpTrace Information: 0 : 25000, 9, 2021/10/12, 10:55:27.753, 10955746246182, testhost.dll, SocketClient.Stop: Stop communication from server endpoint: 127.0.0.1:053395
TpTrace Information: 0 : 25000, 9, 2021/10/12, 10:55:27.753, 10955746246531, testhost.dll, SocketClient: Stop: Cancellation requested. Stopping message loop.
TpTrace Verbose: 0 : 25000, 9, 2021/10/12, 10:55:27.753, 10955746247935, testhost.dll, LengthPrefixCommunicationChannel.Dispose: Dispose reader and writer.
TpTrace Information: 0 : 25000, 9, 2021/10/12, 10:55:27.753, 10955746248342, testhost.dll, Closing the connection !
TpTrace Information: 0 : 25000, 9, 2021/10/12, 10:55:27.753, 10955746249960, testhost.dll, SocketClient.PrivateStop: Stop communication from server endpoint: 127.0.0.1:053395, error:
TpTrace Verbose: 0 : 25000, 9, 2021/10/12, 10:55:27.753, 10955746252739, testhost.dll, LengthPrefixCommunicationChannel.Dispose: Dispose reader and writer.
TpTrace Verbose: 0 : 25000, 9, 2021/10/12, 10:55:27.754, 10955746253399, testhost.dll, TcpClientExtensions.MessageLoopAsync: exiting MessageLoopAsync remoteEndPoint: [::ffff:127.0.0.1]:53395 localEndPoint: [::ffff:127.0.0.1]:53396
TpTrace Information: 0 : 25000, 1, 2021/10/12, 10:55:27.753, 10955746252801, testhost.dll, Closing the connection !
TpTrace Information: 0 : 25000, 1, 2021/10/12, 10:55:27.754, 10955746254332, testhost.dll, SocketClient.Stop: Stop communication from server endpoint: 127.0.0.1:053395
TpTrace Verbose: 0 : 25000, 1, 2021/10/12, 10:55:27.754, 10955746254599, testhost.dll, LengthPrefixCommunicationChannel.Dispose: Dispose reader and writer.
TpTrace Information: 0 : 25000, 1, 2021/10/12, 10:55:27.754, 10955746255391, testhost.dll, Testhost process exiting.
